09:58:35 **** Incremental Build of configuration Debug for project A ****
make all 
Building file: ../main.cpp
Invoking: Cross G++ Compiler
g++ -O0 -g3 -Wall -c -fmessage-length=0 -MMD -MP -MF"main.d" -MT"main.o" -o "main.o" "../main.cpp"
../main.cpp: In function ‘void getPrev(long long int, long long int)’:
../main.cpp:23:22: warning: comparison between signed and unsigned integer expressions [-Wsign-compare]
  for (long long i=0;i<e[u].size();++i){
                     ~^~~~~~~~~~~~
../main.cpp: In function ‘long long int dfs(long long int, long long int, long long int)’:
../main.cpp:44:22: warning: comparison between signed and unsigned integer expressions [-Wsign-compare]
  for (long long i=0;i<e[u].size();++i){
                     ~^~~~~~~~~~~~
../main.cpp: In function ‘long long int check()’:
../main.cpp:55:13: warning: unused variable ‘ok’ [-Wunused-variable]
   long long ok=1;
             ^~
../main.cpp:59:23: warning: comparison between signed and unsigned integer expressions [-Wsign-compare]
   for (long long i=0;i<e[u].size();++i){
                      ~^~~~~~~~~~~~
Finished building: ../main.cpp
 
Building target: A
Invoking: Cross G++ Linker
g++  -o "A"  ./main.o   
Finished building target: A
 

09:58:36 Build Finished. 0 errors, 4 warnings. (took 625ms)

