16:17:45 **** Build of configuration Debug for project Ex01 ****
make all 
Building file: ../function.cpp
Invoking: Cross G++ Compiler
g++ -O0 -g3 -Wall -c -fmessage-length=0 -MMD -MP -MF"function.d" -MT"function.o" -o "function.o" "../function.cpp"
Finished building: ../function.cpp
 
Building file: ../main.cpp
Invoking: Cross G++ Compiler
g++ -O0 -g3 -Wall -c -fmessage-length=0 -MMD -MP -MF"main.d" -MT"main.o" -o "main.o" "../main.cpp"
Finished building: ../main.cpp
 
Building target: Ex01
Invoking: Cross G++ Linker
g++  -o "Ex01"  ./function.o ./main.o   
Finished building target: Ex01
 
16:18:32 **** Incremental Build of configuration Debug for project Ex01 ****
make all 
make: Nothing to be done for 'all'.
16:18:49 **** Incremental Build of configuration Debug for project Ex01 ****
make all 
Building file: ../function.cpp
Invoking: Cross G++ Compiler
g++ -O0 -g3 -Wall -c -fmessage-length=0 -MMD -MP -MF"function.d" -MT"function.o" -o "function.o" "../function.cpp"
Finished building: ../function.cpp
 
Building target: Ex01
Invoking: Cross G++ Linker
g++  -o "Ex01"  ./function.o ./main.o   
Finished building target: Ex01
 
16:19:20 **** Incremental Build of configuration Debug for project Ex01 ****
make all 
Building file: ../function.cpp
Invoking: Cross G++ Compiler
g++ -O0 -g3 -Wall -c -fmessage-length=0 -MMD -MP -MF"function.d" -MT"function.o" -o "function.o" "../function.cpp"
Finished building: ../function.cpp
 
Building target: Ex01
Invoking: Cross G++ Linker
g++  -o "Ex01"  ./function.o ./main.o   
Finished building target: Ex01
 
16:19:40 **** Incremental Build of configuration Debug for project Ex01 ****
make all 
make: Nothing to be done for 'all'.
16:19:50 **** Incremental Build of configuration Debug for project Ex01 ****
make all 
make: Nothing to be done for 'all'.
16:23:18 **** Build of configuration Debug for project Ex02 ****
make all 
Building file: ../function.cpp
Invoking: Cross G++ Compiler
g++ -O0 -g3 -Wall -c -fmessage-length=0 -MMD -MP -MF"function.d" -MT"function.o" -o "function.o" "../function.cpp"
Finished building: ../function.cpp
 
Building file: ../main.cpp
Invoking: Cross G++ Compiler
g++ -O0 -g3 -Wall -c -fmessage-length=0 -MMD -MP -MF"main.d" -MT"main.o" -o "main.o" "../main.cpp"
Finished building: ../main.cpp
 
Building target: Ex02
Invoking: Cross G++ Linker
g++  -o "Ex02"  ./function.o ./main.o   
Finished building target: Ex02
 
16:29:55 **** Incremental Build of configuration Debug for project Ex02 ****
make all 
Building file: ../function.cpp
Invoking: Cross G++ Compiler
g++ -O0 -g3 -Wall -c -fmessage-length=0 -MMD -MP -MF"function.d" -MT"function.o" -o "function.o" "../function.cpp"
Finished building: ../function.cpp
 
Building file: ../main.cpp
Invoking: Cross G++ Compiler
g++ -O0 -g3 -Wall -c -fmessage-length=0 -MMD -MP -MF"main.d" -MT"main.o" -o "main.o" "../main.cpp"
Finished building: ../main.cpp
 
Building target: Ex02
Invoking: Cross G++ Linker
g++  -o "Ex02"  ./function.o ./main.o   
Finished building target: Ex02
 
16:30:31 **** Incremental Build of configuration Debug for project Ex02 ****
make all 
Building file: ../main.cpp
Invoking: Cross G++ Compiler
g++ -O0 -g3 -Wall -c -fmessage-length=0 -MMD -MP -MF"main.d" -MT"main.o" -o "main.o" "../main.cpp"
Finished building: ../main.cpp
 
Building target: Ex02
Invoking: Cross G++ Linker
g++  -o "Ex02"  ./function.o ./main.o   
Finished building target: Ex02
 
16:31:02 **** Incremental Build of configuration Debug for project Ex02 ****
make all 
make: Nothing to be done for 'all'.
16:33:52 **** Build of configuration Debug for project Ex03 ****
make all 
Building file: ../function.cpp
Invoking: Cross G++ Compiler
g++ -O0 -g3 -Wall -c -fmessage-length=0 -MMD -MP -MF"function.d" -MT"function.o" -o "function.o" "../function.cpp"
Finished building: ../function.cpp
 
Building file: ../main.cpp
Invoking: Cross G++ Compiler
g++ -O0 -g3 -Wall -c -fmessage-length=0 -MMD -MP -MF"main.d" -MT"main.o" -o "main.o" "../main.cpp"
Finished building: ../main.cpp
 
Building target: Ex03
Invoking: Cross G++ Linker
g++  -o "Ex03"  ./function.o ./main.o   
Finished building target: Ex03
 
17:01:59 **** Incremental Build of configuration Debug for project Ex03 ****
make all 
Building file: ../function.cpp
Invoking: Cross G++ Compiler
g++ -O0 -g3 -Wall -c -fmessage-length=0 -MMD -MP -MF"function.d" -MT"function.o" -o "function.o" "../function.cpp"
Finished building: ../function.cpp
 
Building file: ../main.cpp
Invoking: Cross G++ Compiler
g++ -O0 -g3 -Wall -c -fmessage-length=0 -MMD -MP -MF"main.d" -MT"main.o" -o "main.o" "../main.cpp"
../main.cpp: In function ‘int main()’:
../main.cpp:21:15: error: redeclaration of ‘std::ofstream fout’
  ofstream fout("output2.txt");
               ^
../main.cpp:18:11: note: ‘std::ofstream fout’ previously declared here
  ofstream fout("output1.txt");
           ^~~~
subdir.mk:21: recipe for target 'main.o' failed
make: *** [main.o] Error 1
"make all" terminated with exit code 2. Build might be incomplete.
17:02:45 **** Incremental Build of configuration Debug for project Ex03 ****
make all 
Building file: ../main.cpp
Invoking: Cross G++ Compiler
g++ -O0 -g3 -Wall -c -fmessage-length=0 -MMD -MP -MF"main.d" -MT"main.o" -o "main.o" "../main.cpp"
Finished building: ../main.cpp
 
Building target: Ex03
Invoking: Cross G++ Linker
g++  -o "Ex03"  ./function.o ./main.o   
Finished building target: Ex03
 
17:02:59 **** Incremental Build of configuration Debug for project Ex03 ****
make all 
make: Nothing to be done for 'all'.
17:03:02 **** Incremental Build of configuration Debug for project Ex03 ****
make all 
Building file: ../main.cpp
Invoking: Cross G++ Compiler
g++ -O0 -g3 -Wall -c -fmessage-length=0 -MMD -MP -MF"main.d" -MT"main.o" -o "main.o" "../main.cpp"
../main.cpp: In function ‘int main()’:
../main.cpp:21:15: error: redeclaration of ‘std::ofstream fout’
  ofstream fout("output2.txt");
               ^
../main.cpp:18:11: note: ‘std::ofstream fout’ previously declared here
  ofstream fout("output1.txt");
           ^~~~
subdir.mk:21: recipe for target 'main.o' failed
make: *** [main.o] Error 1
"make all" terminated with exit code 2. Build might be incomplete.
17:03:12 **** Incremental Build of configuration Debug for project Ex03 ****
make all 
Building file: ../main.cpp
Invoking: Cross G++ Compiler
g++ -O0 -g3 -Wall -c -fmessage-length=0 -MMD -MP -MF"main.d" -MT"main.o" -o "main.o" "../main.cpp"
../main.cpp: In function ‘int main()’:
../main.cpp:21:20: error: no match for call to ‘(std::ofstream {aka std::basic_ofstream<char>}) (const char [12])’
  fout("output2.txt");
                    ^
subdir.mk:21: recipe for target 'main.o' failed
make: *** [main.o] Error 1
"make all" terminated with exit code 2. Build might be incomplete.
17:03:45 **** Incremental Build of configuration Debug for project Ex03 ****
make all 
Building file: ../main.cpp
Invoking: Cross G++ Compiler
g++ -O0 -g3 -Wall -c -fmessage-length=0 -MMD -MP -MF"main.d" -MT"main.o" -o "main.o" "../main.cpp"
Finished building: ../main.cpp
 
Building target: Ex03
Invoking: Cross G++ Linker
g++  -o "Ex03"  ./function.o ./main.o   
Finished building target: Ex03
 
17:04:52 **** Incremental Build of configuration Debug for project Ex03 ****
make all 
Building file: ../main.cpp
Invoking: Cross G++ Compiler
g++ -O0 -g3 -Wall -c -fmessage-length=0 -MMD -MP -MF"main.d" -MT"main.o" -o "main.o" "../main.cpp"
../main.cpp: In function ‘int main()’:
../main.cpp:19:21: error: no match for ‘operator=’ (operand types are ‘std::ofstream {aka std::basic_ofstream<char>}’ and ‘const char [12]’)
  fout=("output1.txt");
                     ^
In file included from ../function.h:11:0,
                 from ../main.cpp:8:
/usr/include/c++/7/fstream:747:7: note: candidate: std::basic_ofstream<_CharT, _Traits>& std::basic_ofstream<_CharT, _Traits>::operator=(std::basic_ofstream<_CharT, _Traits>&&) [with _CharT = char; _Traits = std::char_traits<char>]
       operator=(basic_ofstream&& __rhs)
       ^~~~~~~~
/usr/include/c++/7/fstream:747:7: note:   no known conversion for argument 1 from ‘const char [12]’ to ‘std::basic_ofstream<char>&&’
../main.cpp:22:21: error: no match for ‘operator=’ (operand types are ‘std::ofstream {aka std::basic_ofstream<char>}’ and ‘const char [12]’)
  fout=("output2.txt");
                     ^
In file included from ../function.h:11:0,
                 from ../main.cpp:8:
/usr/include/c++/7/fstream:747:7: note: candidate: std::basic_ofstream<_CharT, _Traits>& std::basic_ofstream<_CharT, _Traits>::operator=(std::basic_ofstream<_CharT, _Traits>&&) [with _CharT = char; _Traits = std::char_traits<char>]
       operator=(basic_ofstream&& __rhs)
       ^~~~~~~~
/usr/include/c++/7/fstream:747:7: note:   no known conversion for argument 1 from ‘const char [12]’ to ‘std::basic_ofstream<char>&&’
make: *** [main.o] Error 1
subdir.mk:21: recipe for target 'main.o' failed
"make all" terminated with exit code 2. Build might be incomplete.
17:05:35 **** Incremental Build of configuration Debug for project Ex03 ****
make all 
Building file: ../main.cpp
Invoking: Cross G++ Compiler
g++ -O0 -g3 -Wall -c -fmessage-length=0 -MMD -MP -MF"main.d" -MT"main.o" -o "main.o" "../main.cpp"
Finished building: ../main.cpp
 
Building target: Ex03
Invoking: Cross G++ Linker
g++  -o "Ex03"  ./function.o ./main.o   
Finished building target: Ex03
 
17:06:12 **** Incremental Build of configuration Debug for project Ex03 ****
make all 
make: Nothing to be done for 'all'.
17:07:07 **** Incremental Build of configuration Debug for project Ex03 ****
make all 
make: Nothing to be done for 'all'.
17:07:26 **** Incremental Build of configuration Debug for project Ex03 ****
make all 
make: Nothing to be done for 'all'.
17:08:20 **** Incremental Build of configuration Debug for project Ex02 ****
make all 
Building file: ../function.cpp
Invoking: Cross G++ Compiler
g++ -O0 -g3 -Wall -c -fmessage-length=0 -MMD -MP -MF"function.d" -MT"function.o" -o "function.o" "../function.cpp"
Finished building: ../function.cpp
 
Building file: ../main.cpp
Invoking: Cross G++ Compiler
g++ -O0 -g3 -Wall -c -fmessage-length=0 -MMD -MP -MF"main.d" -MT"main.o" -o "main.o" "../main.cpp"
Finished building: ../main.cpp
 
Building target: Ex02
Invoking: Cross G++ Linker
g++  -o "Ex02"  ./function.o ./main.o   
Finished building target: Ex02
 
17:08:21 **** Incremental Build of configuration Debug for project Ex02 ****
make all 
make: Nothing to be done for 'all'.
20:38:24 **** Build of configuration Debug for project Ex04 ****
make all 
Building file: ../function.cpp
Invoking: Cross G++ Compiler
g++ -O0 -g3 -Wall -c -fmessage-length=0 -MMD -MP -MF"function.d" -MT"function.o" -o "function.o" "../function.cpp"
Finished building: ../function.cpp
 
Building file: ../main.cpp
Invoking: Cross G++ Compiler
g++ -O0 -g3 -Wall -c -fmessage-length=0 -MMD -MP -MF"main.d" -MT"main.o" -o "main.o" "../main.cpp"
subdir.mk:21: recipe for target 'main.o' failed
../main.cpp: In function ‘int main()’:
../main.cpp:11:41: error: conversion from ‘std::nullptr_t’ to non-scalar type ‘Node’ requested
  Node *listA=nullptr,*listB=nullptr,res=nullptr;
                                         ^~~~~~~
../main.cpp:18:29: error: invalid initialization of reference of type ‘Node*&’ from expression of type ‘Node’
  create_list(listA,listB,res);
                             ^
In file included from ../main.cpp:7:0:
../function.h:21:6: note: in passing argument 3 of ‘void create_list(Node*&, Node*&, Node*&)’
 void create_list(Node *&listA,Node *&listB,Node *&res);
      ^~~~~~~~~~~
../main.cpp:20:17: error: invalid initialization of reference of type ‘Node*&’ from expression of type ‘Node’
  output(fout,res);
                 ^
In file included from ../main.cpp:7:0:
../function.h:19:6: note: in passing argument 2 of ‘void output(std::ofstream&, Node*&)’
 void output(ofstream &fout,Node *&root);
      ^~~~~~
../main.cpp:22:2: error: ‘delete_all’ was not declared in this scope
  delete_all(res);
  ^~~~~~~~~~
../main.cpp:22:2: note: suggested alternative: ‘fcloseall’
  delete_all(res);
  ^~~~~~~~~~
  fcloseall
make: *** [main.o] Error 1
"make all" terminated with exit code 2. Build might be incomplete.
20:40:19 **** Incremental Build of configuration Debug for project Ex04 ****
make all 
Building file: ../function.cpp
Invoking: Cross G++ Compiler
g++ -O0 -g3 -Wall -c -fmessage-length=0 -MMD -MP -MF"function.d" -MT"function.o" -o "function.o" "../function.cpp"
Finished building: ../function.cpp
 
Building file: ../main.cpp
Invoking: Cross G++ Compiler
g++ -O0 -g3 -Wall -c -fmessage-length=0 -MMD -MP -MF"main.d" -MT"main.o" -o "main.o" "../main.cpp"
../main.cpp: In function ‘int main()’:
../main.cpp:11:41: error: conversion from ‘std::nullptr_t’ to non-scalar type ‘Node’ requested
  Node *listA=nullptr,*listB=nullptr,res=nullptr;
                                         ^~~~~~~
../main.cpp:18:29: error: invalid initialization of reference of type ‘Node*&’ from expression of type ‘Node’
  create_list(listA,listB,res);
                             ^
In file included from ../main.cpp:7:0:
../function.h:21:6: note: in passing argument 3 of ‘void create_list(Node*&, Node*&, Node*&)’
 void create_list(Node *&listA,Node *&listB,Node *&res);
      ^~~~~~~~~~~
../main.cpp:20:17: error: invalid initialization of reference of type ‘Node*&’ from expression of type ‘Node’
  output(fout,res);
                 ^
In file included from ../main.cpp:7:0:
../function.h:19:6: note: in passing argument 2 of ‘void output(std::ofstream&, Node*&)’
 void output(ofstream &fout,Node *&root);
      ^~~~~~
../main.cpp:22:2: error: ‘delete_all’ was not declared in this scope
  delete_all(res);
  ^~~~~~~~~~
../main.cpp:22:2: note: suggested alternative: ‘fcloseall’
  delete_all(res);
  ^~~~~~~~~~
  fcloseall
make: *** [main.o] Error 1
subdir.mk:21: recipe for target 'main.o' failed
"make all" terminated with exit code 2. Build might be incomplete.
20:40:24 **** Incremental Build of configuration Debug for project Ex04 ****
make all 
Building file: ../main.cpp
Invoking: Cross G++ Compiler
g++ -O0 -g3 -Wall -c -fmessage-length=0 -MMD -MP -MF"main.d" -MT"main.o" -o "main.o" "../main.cpp"
../main.cpp: In function ‘int main()’:
../main.cpp:24:2: error: ‘delete_all’ was not declared in this scope
  delete_all(res);
  ^~~~~~~~~~
../main.cpp:24:2: note: suggested alternative: ‘fcloseall’
  delete_all(res);
  ^~~~~~~~~~
  fcloseall
make: *** [main.o] Error 1
subdir.mk:21: recipe for target 'main.o' failed
"make all" terminated with exit code 2. Build might be incomplete.
20:40:42 **** Incremental Build of configuration Debug for project Ex04 ****
make all 
Building file: ../main.cpp
Invoking: Cross G++ Compiler
g++ -O0 -g3 -Wall -c -fmessage-length=0 -MMD -MP -MF"main.d" -MT"main.o" -o "main.o" "../main.cpp"
Finished building: ../main.cpp
 
Building target: Ex04
Invoking: Cross G++ Linker
g++  -o "Ex04"  ./function.o ./main.o   
Finished building target: Ex04
 
20:41:39 **** Incremental Build of configuration Debug for project Ex04 ****
make all 
make: Nothing to be done for 'all'.
20:43:02 **** Incremental Build of configuration Debug for project Ex04 ****
make all 
Building file: ../function.cpp
Invoking: Cross G++ Compiler
g++ -O0 -g3 -Wall -c -fmessage-length=0 -MMD -MP -MF"function.d" -MT"function.o" -o "function.o" "../function.cpp"
Finished building: ../function.cpp
 
Building target: Ex04
Invoking: Cross G++ Linker
g++  -o "Ex04"  ./function.o ./main.o   
Finished building target: Ex04
 
20:44:43 **** Incremental Build of configuration Debug for project Ex04 ****
make all 
Building file: ../function.cpp
Invoking: Cross G++ Compiler
g++ -O0 -g3 -Wall -c -fmessage-length=0 -MMD -MP -MF"function.d" -MT"function.o" -o "function.o" "../function.cpp"
Finished building: ../function.cpp
 
Building target: Ex04
Invoking: Cross G++ Linker
g++  -o "Ex04"  ./function.o ./main.o   
Finished building target: Ex04
 
20:45:03 **** Incremental Build of configuration Debug for project Ex04 ****
make all 
Building file: ../function.cpp
Invoking: Cross G++ Compiler
g++ -O0 -g3 -Wall -c -fmessage-length=0 -MMD -MP -MF"function.d" -MT"function.o" -o "function.o" "../function.cpp"
Finished building: ../function.cpp
 
Building target: Ex04
Invoking: Cross G++ Linker
g++  -o "Ex04"  ./function.o ./main.o   
Finished building target: Ex04
 
20:45:19 **** Incremental Build of configuration Debug for project Ex04 ****
make all 
make: Nothing to be done for 'all'.
20:46:30 **** Incremental Build of configuration Debug for project Ex04 ****
make all 
Building file: ../function.cpp
Invoking: Cross G++ Compiler
g++ -O0 -g3 -Wall -c -fmessage-length=0 -MMD -MP -MF"function.d" -MT"function.o" -o "function.o" "../function.cpp"
Finished building: ../function.cpp
 
Building target: Ex04
Invoking: Cross G++ Linker
g++  -o "Ex04"  ./function.o ./main.o   
Finished building target: Ex04
 
20:52:20 **** Build of configuration Debug for project Ex05 ****
make all 
Building file: ../function.cpp
Invoking: Cross G++ Compiler
g++ -O0 -g3 -Wall -c -fmessage-length=0 -MMD -MP -MF"function.d" -MT"function.o" -o "function.o" "../function.cpp"
Finished building: ../function.cpp
 
Building file: ../main.cpp
Invoking: Cross G++ Compiler
g++ -O0 -g3 -Wall -c -fmessage-length=0 -MMD -MP -MF"main.d" -MT"main.o" -o "main.o" "../main.cpp"
Finished building: ../main.cpp
 
Building target: Ex05
Invoking: Cross G++ Linker
g++  -o "Ex05"  ./function.o ./main.o   
Finished building target: Ex05
 
20:52:26 **** Incremental Build of configuration Debug for project Ex05 ****
make all 
make: Nothing to be done for 'all'.
21:05:15 **** Build of configuration Debug for project Ex07 ****
make all 
Building file: ../main.cpp
Invoking: Cross G++ Compiler
g++ -O0 -g3 -Wall -c -fmessage-length=0 -MMD -MP -MF"main.d" -MT"main.o" -o "main.o" "../main.cpp"
Finished building: ../main.cpp
 
Building target: Ex07
Invoking: Cross G++ Linker
g++  -o "Ex07"  ./main.o   
Finished building target: Ex07
 
21:05:27 **** Incremental Build of configuration Debug for project Ex07 ****
make all 
make: Nothing to be done for 'all'.
21:06:50 **** Build of configuration Debug for project Ex06 ****
make all 
Building file: ../function.cpp
Invoking: Cross G++ Compiler
g++ -O0 -g3 -Wall -c -fmessage-length=0 -MMD -MP -MF"function.d" -MT"function.o" -o "function.o" "../function.cpp"
Finished building: ../function.cpp
 
Building file: ../main.cpp
Invoking: Cross G++ Compiler
g++ -O0 -g3 -Wall -c -fmessage-length=0 -MMD -MP -MF"main.d" -MT"main.o" -o "main.o" "../main.cpp"
Finished building: ../main.cpp
 
Building target: Ex06
Invoking: Cross G++ Linker
g++  -o "Ex06"  ./function.o ./main.o   
Finished building target: Ex06
 
21:07:26 **** Incremental Build of configuration Debug for project Ex06 ****
make all 
make: Nothing to be done for 'all'.
21:27:51 **** Incremental Build of configuration Debug for project Ex07 ****
make all 
Building file: ../function.cpp
Invoking: Cross G++ Compiler
g++ -O0 -g3 -Wall -c -fmessage-length=0 -MMD -MP -MF"function.d" -MT"function.o" -o "function.o" "../function.cpp"
Finished building: ../function.cpp
 
Building file: ../main.cpp
Invoking: Cross G++ Compiler
g++ -O0 -g3 -Wall -c -fmessage-length=0 -MMD -MP -MF"main.d" -MT"main.o" -o "main.o" "../main.cpp"
Finished building: ../main.cpp
 
Building target: Ex07
Invoking: Cross G++ Linker
g++  -o "Ex07"  ./function.o ./main.o   
./main.o: In function `main':
/home/huy/Documents/HK2 2018-2019/cs162/W05/Ex07/Debug/../main.cpp:16: undefined reference to `create_list(Node*&, int&)'
makefile:44: recipe for target 'Ex07' failed
collect2: error: ld returned 1 exit status
make: *** [Ex07] Error 1
"make all" terminated with exit code 2. Build might be incomplete.
21:28:02 **** Incremental Build of configuration Debug for project Ex07 ****
make all 
Building file: ../function.cpp
Invoking: Cross G++ Compiler
g++ -O0 -g3 -Wall -c -fmessage-length=0 -MMD -MP -MF"function.d" -MT"function.o" -o "function.o" "../function.cpp"
Finished building: ../function.cpp
 
Building file: ../main.cpp
Invoking: Cross G++ Compiler
g++ -O0 -g3 -Wall -c -fmessage-length=0 -MMD -MP -MF"main.d" -MT"main.o" -o "main.o" "../main.cpp"
Finished building: ../main.cpp
 
Building target: Ex07
Invoking: Cross G++ Linker
g++  -o "Ex07"  ./function.o ./main.o   
Finished building target: Ex07
 
21:28:32 **** Incremental Build of configuration Debug for project Ex07 ****
make all 
make: Nothing to be done for 'all'.
21:29:44 **** Incremental Build of configuration Debug for project Ex07 ****
make all 
make: Nothing to be done for 'all'.
21:30:09 **** Incremental Build of configuration Debug for project Ex07 ****
make all 
make: Nothing to be done for 'all'.
21:42:15 **** Build of configuration Debug for project Ex08 ****
make all 
Building file: ../function.cpp
Invoking: Cross G++ Compiler
g++ -O0 -g3 -Wall -c -fmessage-length=0 -MMD -MP -MF"function.d" -MT"function.o" -o "function.o" "../function.cpp"
../function.cpp: In function ‘int res(Node*&, Node*&)’:
../function.cpp:56:1: warning: control reaches end of non-void function [-Wreturn-type]
 }
 ^
Finished building: ../function.cpp
 
Building file: ../main.cpp
Invoking: Cross G++ Compiler
g++ -O0 -g3 -Wall -c -fmessage-length=0 -MMD -MP -MF"main.d" -MT"main.o" -o "main.o" "../main.cpp"
../main.cpp: In function ‘int main()’:
../main.cpp:20:8: error: ‘res’ was not declared in this scope
  fout<<res(listA,listB);
        ^~~
../main.cpp:20:8: note: suggested alternative: ‘free’
  fout<<res(listA,listB);
        ^~~
        free
subdir.mk:21: recipe for target 'main.o' failed
make: *** [main.o] Error 1
"make all" terminated with exit code 2. Build might be incomplete.
21:42:43 **** Incremental Build of configuration Debug for project Ex08 ****
make all 
Building file: ../function.cpp
Invoking: Cross G++ Compiler
g++ -O0 -g3 -Wall -c -fmessage-length=0 -MMD -MP -MF"function.d" -MT"function.o" -o "function.o" "../function.cpp"
../function.cpp: In function ‘int cal(Node*&, Node*&)’:
../function.cpp:56:1: warning: control reaches end of non-void function [-Wreturn-type]
 }
 ^
Finished building: ../function.cpp
 
Building file: ../main.cpp
Invoking: Cross G++ Compiler
g++ -O0 -g3 -Wall -c -fmessage-length=0 -MMD -MP -MF"main.d" -MT"main.o" -o "main.o" "../main.cpp"
Finished building: ../main.cpp
 
Building target: Ex08
Invoking: Cross G++ Linker
g++  -o "Ex08"  ./function.o ./main.o   
Finished building target: Ex08
 
22:11:15 **** Incremental Build of configuration Debug for project Ex06 ****
make all 
make: Nothing to be done for 'all'.
23:09:16 **** Build of configuration Debug for project Ex10 ****
make all 
Building file: ../book.cpp
Invoking: Cross G++ Compiler
g++ -O0 -g3 -Wall -c -fmessage-length=0 -MMD -MP -MF"book.d" -MT"book.o" -o "book.o" "../book.cpp"
Finished building: ../book.cpp
 
Building file: ../book_store.cpp
Invoking: Cross G++ Compiler
g++ -O0 -g3 -Wall -c -fmessage-length=0 -MMD -MP -MF"book_store.d" -MT"book_store.o" -o "book_store.o" "../book_store.cpp"
../book_store.cpp: In member function ‘bool book_store::input(book*)’:
../book_store.cpp:33:1: warning: control reaches end of non-void function [-Wreturn-type]
 }
 ^
Finished building: ../book_store.cpp
 
Building file: ../main.cpp
Invoking: Cross G++ Compiler
g++ -O0 -g3 -Wall -c -fmessage-length=0 -MMD -MP -MF"main.d" -MT"main.o" -o "main.o" "../main.cpp"
Finished building: ../main.cpp
 
Building target: Ex10
Invoking: Cross G++ Linker
g++  -o "Ex10"  ./book.o ./book_store.o ./main.o   
Finished building target: Ex10
 
23:09:50 **** Incremental Build of configuration Debug for project Ex10 ****
make all 
Building file: ../book_store.cpp
Invoking: Cross G++ Compiler
g++ -O0 -g3 -Wall -c -fmessage-length=0 -MMD -MP -MF"book_store.d" -MT"book_store.o" -o "book_store.o" "../book_store.cpp"
Finished building: ../book_store.cpp
 
Building target: Ex10
Invoking: Cross G++ Linker
g++  -o "Ex10"  ./book.o ./book_store.o ./main.o   
Finished building target: Ex10
 
23:09:53 **** Incremental Build of configuration Debug for project Ex10 ****
make all 
make: Nothing to be done for 'all'.
23:10:53 **** Incremental Build of configuration Debug for project Ex10 ****
make all 
Building file: ../main.cpp
Invoking: Cross G++ Compiler
g++ -O0 -g3 -Wall -c -fmessage-length=0 -MMD -MP -MF"main.d" -MT"main.o" -o "main.o" "../main.cpp"
Finished building: ../main.cpp
 
Building target: Ex10
Invoking: Cross G++ Linker
g++  -o "Ex10"  ./book.o ./book_store.o ./main.o   
Finished building target: Ex10
 
23:13:40 **** Incremental Build of configuration Debug for project Ex10 ****
make all 
Building file: ../main.cpp
Invoking: Cross G++ Compiler
g++ -O0 -g3 -Wall -c -fmessage-length=0 -MMD -MP -MF"main.d" -MT"main.o" -o "main.o" "../main.cpp"
Finished building: ../main.cpp
 
Building target: Ex10
Invoking: Cross G++ Linker
g++  -o "Ex10"  ./book.o ./book_store.o ./main.o   
Finished building target: Ex10
 
23:15:25 **** Incremental Build of configuration Debug for project Ex10 ****
make all 
Building file: ../main.cpp
Invoking: Cross G++ Compiler
g++ -O0 -g3 -Wall -c -fmessage-length=0 -MMD -MP -MF"main.d" -MT"main.o" -o "main.o" "../main.cpp"
Finished building: ../main.cpp
 
Building target: Ex10
Invoking: Cross G++ Linker
g++  -o "Ex10"  ./book.o ./book_store.o ./main.o   
Finished building target: Ex10
 
23:16:10 **** Incremental Build of configuration Debug for project Ex10 ****
make all 
Building file: ../main.cpp
Invoking: Cross G++ Compiler
g++ -O0 -g3 -Wall -c -fmessage-length=0 -MMD -MP -MF"main.d" -MT"main.o" -o "main.o" "../main.cpp"
Finished building: ../main.cpp
 
Building target: Ex10
Invoking: Cross G++ Linker
g++  -o "Ex10"  ./book.o ./book_store.o ./main.o   
Finished building target: Ex10
 
23:18:06 **** Incremental Build of configuration Debug for project Ex10 ****
make all 
Building file: ../main.cpp
Invoking: Cross G++ Compiler
g++ -O0 -g3 -Wall -c -fmessage-length=0 -MMD -MP -MF"main.d" -MT"main.o" -o "main.o" "../main.cpp"
Finished building: ../main.cpp
 
Building target: Ex10
Invoking: Cross G++ Linker
g++  -o "Ex10"  ./book.o ./book_store.o ./main.o   
Finished building target: Ex10
 
23:19:15 **** Incremental Build of configuration Debug for project Ex10 ****
make all 
make: Nothing to be done for 'all'.
23:21:05 **** Incremental Build of configuration Debug for project Ex10 ****
make all 
Building file: ../book_store.cpp
Invoking: Cross G++ Compiler
g++ -O0 -g3 -Wall -c -fmessage-length=0 -MMD -MP -MF"book_store.d" -MT"book_store.o" -o "book_store.o" "../book_store.cpp"
Finished building: ../book_store.cpp
 
Building target: Ex10
Invoking: Cross G++ Linker
g++  -o "Ex10"  ./book.o ./book_store.o ./main.o   
Finished building target: Ex10
 
23:21:45 **** Incremental Build of configuration Debug for project Ex10 ****
make all 
make: Nothing to be done for 'all'.
23:23:07 **** Incremental Build of configuration Debug for project Ex10 ****
make all 
make: Nothing to be done for 'all'.
23:23:49 **** Incremental Build of configuration Debug for project Ex10 ****
make all 
make: Nothing to be done for 'all'.
23:25:00 **** Incremental Build of configuration Debug for project Ex10 ****
make all 
make: Nothing to be done for 'all'.
23:26:43 **** Incremental Build of configuration Debug for project Ex10 ****
make all 
make: Nothing to be done for 'all'.
23:27:53 **** Incremental Build of configuration Debug for project Ex10 ****
make all 
Building file: ../main.cpp
Invoking: Cross G++ Compiler
g++ -O0 -g3 -Wall -c -fmessage-length=0 -MMD -MP -MF"main.d" -MT"main.o" -o "main.o" "../main.cpp"
Finished building: ../main.cpp
 
Building target: Ex10
Invoking: Cross G++ Linker
g++  -o "Ex10"  ./book.o ./book_store.o ./main.o   
Finished building target: Ex10
 
23:29:27 **** Incremental Build of configuration Debug for project Ex10 ****
make all 
Building file: ../main.cpp
Invoking: Cross G++ Compiler
g++ -O0 -g3 -Wall -c -fmessage-length=0 -MMD -MP -MF"main.d" -MT"main.o" -o "main.o" "../main.cpp"
Finished building: ../main.cpp
 
Building target: Ex10
Invoking: Cross G++ Linker
g++  -o "Ex10"  ./book.o ./book_store.o ./main.o   
Finished building target: Ex10
 
23:30:26 **** Incremental Build of configuration Debug for project Ex10 ****
make all 
Building file: ../main.cpp
Invoking: Cross G++ Compiler
g++ -O0 -g3 -Wall -c -fmessage-length=0 -MMD -MP -MF"main.d" -MT"main.o" -o "main.o" "../main.cpp"
Finished building: ../main.cpp
 
Building target: Ex10
Invoking: Cross G++ Linker
g++  -o "Ex10"  ./book.o ./book_store.o ./main.o   
Finished building target: Ex10
 
23:30:46 **** Incremental Build of configuration Debug for project Ex10 ****
make all 
make: Nothing to be done for 'all'.
23:31:38 **** Incremental Build of configuration Debug for project Ex10 ****
make all 
make: Nothing to be done for 'all'.
23:32:36 **** Incremental Build of configuration Debug for project Ex10 ****
make all 
Building file: ../book_store.cpp
Invoking: Cross G++ Compiler
g++ -O0 -g3 -Wall -c -fmessage-length=0 -MMD -MP -MF"book_store.d" -MT"book_store.o" -o "book_store.o" "../book_store.cpp"
Finished building: ../book_store.cpp
 
Building target: Ex10
Invoking: Cross G++ Linker
g++  -o "Ex10"  ./book.o ./book_store.o ./main.o   
Finished building target: Ex10
 
23:32:57 **** Incremental Build of configuration Debug for project Ex10 ****
make all 
make: Nothing to be done for 'all'.
23:33:34 **** Incremental Build of configuration Debug for project Ex10 ****
make all 
make: Nothing to be done for 'all'.
23:34:49 **** Incremental Build of configuration Debug for project Ex10 ****
make all 
Building file: ../book_store.cpp
Invoking: Cross G++ Compiler
g++ -O0 -g3 -Wall -c -fmessage-length=0 -MMD -MP -MF"book_store.d" -MT"book_store.o" -o "book_store.o" "../book_store.cpp"
Finished building: ../book_store.cpp
 
Building target: Ex10
Invoking: Cross G++ Linker
g++  -o "Ex10"  ./book.o ./book_store.o ./main.o   
Finished building target: Ex10
 
