22:51:47 **** Build of configuration Debug for project Ex01 ****
make all 
Building file: ../function.cpp
Invoking: Cross G++ Compiler
g++ -O0 -g3 -Wall -c -fmessage-length=0 -MMD -MP -MF"function.d" -MT"function.o" -o "function.o" "../function.cpp"
Finished building: ../function.cpp
 
Building file: ../main.cpp
Invoking: Cross G++ Compiler
g++ -O0 -g3 -Wall -c -fmessage-length=0 -MMD -MP -MF"main.d" -MT"main.o" -o "main.o" "../main.cpp"
../main.cpp: In function ‘int main()’:
../main.cpp:16:23: error: too many arguments to function ‘void output(std::ofstream&, Node*&)’
  output(fout,root,root);
                       ^
In file included from ../main.cpp:7:0:
../function.h:20:6: note: declared here
 void output(ofstream &fout,Node *&root);
      ^~~~~~
../main.cpp:18:2: error: ‘delete_all’ was not declared in this scope
  delete_all(root,root);
  ^~~~~~~~~~
../main.cpp:18:2: note: suggested alternative: ‘delelte_all’
  delete_all(root,root);
  ^~~~~~~~~~
  delelte_all
subdir.mk:21: recipe for target 'main.o' failed
make: *** [main.o] Error 1
"make all" terminated with exit code 2. Build might be incomplete.
22:52:16 **** Incremental Build of configuration Debug for project Ex01 ****
make all 
Building file: ../function.cpp
Invoking: Cross G++ Compiler
g++ -O0 -g3 -Wall -c -fmessage-length=0 -MMD -MP -MF"function.d" -MT"function.o" -o "function.o" "../function.cpp"
In file included from ../function.cpp:8:0:
../function.h:14:13: error: ‘i’ does not name a type
 struct Node{i
             ^
../function.cpp: In function ‘void input(std::ifstream&, Node*&)’:
../function.cpp:15:8: error: ‘struct Node’ has no member named ‘val’
  root->val=x;
        ^~~
../function.cpp:22:8: error: ‘struct Node’ has no member named ‘val’
   cur->val=x;
        ^~~
../function.cpp: In function ‘void output(std::ofstream&, Node*&, Node*&)’:
../function.cpp:30:14: error: ‘struct Node’ has no member named ‘val’
   fout<<cur->val<<" 0";
              ^~~
../function.cpp:34:13: error: ‘struct Node’ has no member named ‘val’
  fout<<cur->val<<" ";
             ^~~
../function.cpp: In function ‘int get_min(Node*&)’:
../function.cpp:47:16: error: ‘struct Node’ has no member named ‘val’
  int min=root->val;
                ^~~
../function.cpp:50:16: error: ‘struct Node’ has no member named ‘val’
   if (min>cur->val) min=cur->val;
                ^~~
../function.cpp:50:30: error: ‘struct Node’ has no member named ‘val’
   if (min>cur->val) min=cur->val;
                              ^~~
../function.cpp: In function ‘void remove_min(Node*&)’:
../function.cpp:66:18: error: ‘struct Node’ has no member named ‘val’
   if (cur->Next->val!=min){
                  ^~~
../function.cpp:74:12: error: ‘struct Node’ has no member named ‘val’
  if (root->val==min){
            ^~~
make: *** [function.o] Error 1
subdir.mk:21: recipe for target 'function.o' failed
"make all" terminated with exit code 2. Build might be incomplete.
22:52:37 **** Incremental Build of configuration Debug for project Ex01 ****
make all 
Building file: ../function.cpp
Invoking: Cross G++ Compiler
g++ -O0 -g3 -Wall -c -fmessage-length=0 -MMD -MP -MF"function.d" -MT"function.o" -o "function.o" "../function.cpp"
Finished building: ../function.cpp
 
Building file: ../main.cpp
Invoking: Cross G++ Compiler
g++ -O0 -g3 -Wall -c -fmessage-length=0 -MMD -MP -MF"main.d" -MT"main.o" -o "main.o" "../main.cpp"
../main.cpp: In function ‘int main()’:
../main.cpp:18:2: error: ‘delete_all’ was not declared in this scope
  delete_all(root,root);
  ^~~~~~~~~~
../main.cpp:18:2: note: suggested alternative: ‘delelte_all’
  delete_all(root,root);
  ^~~~~~~~~~
  delelte_all
make: *** [main.o] Error 1
subdir.mk:21: recipe for target 'main.o' failed
"make all" terminated with exit code 2. Build might be incomplete.
22:52:58 **** Incremental Build of configuration Debug for project Ex01 ****
make all 
Building file: ../function.cpp
Invoking: Cross G++ Compiler
g++ -O0 -g3 -Wall -c -fmessage-length=0 -MMD -MP -MF"function.d" -MT"function.o" -o "function.o" "../function.cpp"
Finished building: ../function.cpp
 
Building file: ../main.cpp
Invoking: Cross G++ Compiler
g++ -O0 -g3 -Wall -c -fmessage-length=0 -MMD -MP -MF"main.d" -MT"main.o" -o "main.o" "../main.cpp"
Finished building: ../main.cpp
 
Building target: Ex01
Invoking: Cross G++ Linker
g++  -o "Ex01"  ./function.o ./main.o   
Finished building target: Ex01
 
22:53:38 **** Incremental Build of configuration Debug for project Ex01 ****
make all 
make: Nothing to be done for 'all'.
22:53:54 **** Incremental Build of configuration Debug for project Ex01 ****
make all 
make: Nothing to be done for 'all'.
22:54:08 **** Incremental Build of configuration Debug for project Ex01 ****
make all 
make: Nothing to be done for 'all'.
22:54:25 **** Incremental Build of configuration Debug for project Ex01 ****
make all 
make: Nothing to be done for 'all'.
22:54:55 **** Incremental Build of configuration Debug for project Ex01 ****
make all 
Building file: ../function.cpp
Invoking: Cross G++ Compiler
g++ -O0 -g3 -Wall -c -fmessage-length=0 -MMD -MP -MF"function.d" -MT"function.o" -o "function.o" "../function.cpp"
Finished building: ../function.cpp
 
Building target: Ex01
Invoking: Cross G++ Linker
g++  -o "Ex01"  ./function.o ./main.o   
Finished building target: Ex01
 
22:55:21 **** Incremental Build of configuration Debug for project Ex01 ****
make all 
make: Nothing to be done for 'all'.
22:55:38 **** Incremental Build of configuration Debug for project Ex01 ****
make all 
make: Nothing to be done for 'all'.
22:55:56 **** Incremental Build of configuration Debug for project Ex01 ****
make all 
make: Nothing to be done for 'all'.
22:56:53 **** Incremental Build of configuration Debug for project Ex01 ****
make all 
make: Nothing to be done for 'all'.
22:58:20 **** Incremental Build of configuration Debug for project Ex01 ****
make all 
Building file: ../function.cpp
Invoking: Cross G++ Compiler
g++ -O0 -g3 -Wall -c -fmessage-length=0 -MMD -MP -MF"function.d" -MT"function.o" -o "function.o" "../function.cpp"
Finished building: ../function.cpp
 
Building target: Ex01
Invoking: Cross G++ Linker
g++  -o "Ex01"  ./function.o ./main.o   
Finished building target: Ex01
 
22:59:16 **** Incremental Build of configuration Debug for project Ex01 ****
make all 
Building file: ../function.cpp
Invoking: Cross G++ Compiler
g++ -O0 -g3 -Wall -c -fmessage-length=0 -MMD -MP -MF"function.d" -MT"function.o" -o "function.o" "../function.cpp"
Finished building: ../function.cpp
 
Building target: Ex01
Invoking: Cross G++ Linker
g++  -o "Ex01"  ./function.o ./main.o   
Finished building target: Ex01
 
22:59:42 **** Incremental Build of configuration Debug for project Ex01 ****
make all 
Building file: ../main.cpp
Invoking: Cross G++ Compiler
g++ -O0 -g3 -Wall -c -fmessage-length=0 -MMD -MP -MF"main.d" -MT"main.o" -o "main.o" "../main.cpp"
Finished building: ../main.cpp
 
Building target: Ex01
Invoking: Cross G++ Linker
g++  -o "Ex01"  ./function.o ./main.o   
Finished building target: Ex01
 
23:29:16 **** Build of configuration Debug for project Ex02 ****
make all 
Building file: ../function.cpp
Invoking: Cross G++ Compiler
g++ -O0 -g3 -Wall -c -fmessage-length=0 -MMD -MP -MF"function.d" -MT"function.o" -o "function.o" "../function.cpp"
Finished building: ../function.cpp
 
Building file: ../main.cpp
Invoking: Cross G++ Compiler
g++ -O0 -g3 -Wall -c -fmessage-length=0 -MMD -MP -MF"main.d" -MT"main.o" -o "main.o" "../main.cpp"
../main.cpp: In function ‘int main()’:
../main.cpp:18:18: error: invalid initialization of reference of type ‘std::ofstream& {aka std::basic_ofstream<char>&}’ from expression of type ‘std::ifstream {aka std::basic_ifstream<char>}’
  output(fout,root);
                  ^
In file included from ../main.cpp:8:0:
../function.h:19:6: note: in passing argument 1 of ‘void output(std::ofstream&, Node*&)’
 void output(ofstream &fout,Node *&root);
      ^~~~~~
../main.cpp:22:18: error: invalid initialization of reference of type ‘std::ofstream& {aka std::basic_ofstream<char>&}’ from expression of type ‘std::ifstream {aka std::basic_ifstream<char>}’
  output(fout,root);
                  ^
In file included from ../main.cpp:8:0:
../function.h:19:6: note: in passing argument 1 of ‘void output(std::ofstream&, Node*&)’
 void output(ofstream &fout,Node *&root);
      ^~~~~~
subdir.mk:21: recipe for target 'main.o' failed
make: *** [main.o] Error 1
"make all" terminated with exit code 2. Build might be incomplete.
23:30:23 **** Incremental Build of configuration Debug for project Ex02 ****
make all 
Building file: ../function.cpp
Invoking: Cross G++ Compiler
g++ -O0 -g3 -Wall -c -fmessage-length=0 -MMD -MP -MF"function.d" -MT"function.o" -o "function.o" "../function.cpp"
Finished building: ../function.cpp
 
Building file: ../main.cpp
Invoking: Cross G++ Compiler
g++ -O0 -g3 -Wall -c -fmessage-length=0 -MMD -MP -MF"main.d" -MT"main.o" -o "main.o" "../main.cpp"
../main.cpp: In function ‘int main()’:
../main.cpp:18:18: error: invalid initialization of reference of type ‘std::ofstream& {aka std::basic_ofstream<char>&}’ from expression of type ‘std::ifstream {aka std::basic_ifstream<char>}’
  output(fout,root);
                  ^
In file included from ../main.cpp:8:0:
../function.h:19:6: note: in passing argument 1 of ‘void output(std::ofstream&, Node*&)’
 void output(ofstream &fout,Node *&root);
      ^~~~~~
../main.cpp:22:18: error: invalid initialization of reference of type ‘std::ofstream& {aka std::basic_ofstream<char>&}’ from expression of type ‘std::ifstream {aka std::basic_ifstream<char>}’
  output(fout,root);
                  ^
In file included from ../main.cpp:8:0:
../function.h:19:6: note: in passing argument 1 of ‘void output(std::ofstream&, Node*&)’
 void output(ofstream &fout,Node *&root);
      ^~~~~~
subdir.mk:21: recipe for target 'main.o' failed
make: *** [main.o] Error 1
"make all" terminated with exit code 2. Build might be incomplete.
23:31:17 **** Incremental Build of configuration Debug for project Ex02 ****
make all 
Building file: ../main.cpp
Invoking: Cross G++ Compiler
g++ -O0 -g3 -Wall -c -fmessage-length=0 -MMD -MP -MF"main.d" -MT"main.o" -o "main.o" "../main.cpp"
../main.cpp: In function ‘int main()’:
../main.cpp:18:18: error: invalid initialization of reference of type ‘std::ofstream& {aka std::basic_ofstream<char>&}’ from expression of type ‘std::ifstream {aka std::basic_ifstream<char>}’
  output(fout,root);
                  ^
In file included from ../main.cpp:8:0:
../function.h:19:6: note: in passing argument 1 of ‘void output(std::ofstream&, Node*&)’
 void output(ofstream &fout,Node *&root);
      ^~~~~~
../main.cpp:22:18: error: invalid initialization of reference of type ‘std::ofstream& {aka std::basic_ofstream<char>&}’ from expression of type ‘std::ifstream {aka std::basic_ifstream<char>}’
  output(fout,root);
                  ^
In file included from ../main.cpp:8:0:
../function.h:19:6: note: in passing argument 1 of ‘void output(std::ofstream&, Node*&)’
 void output(ofstream &fout,Node *&root);
      ^~~~~~
make: *** [main.o] Error 1
subdir.mk:21: recipe for target 'main.o' failed
"make all" terminated with exit code 2. Build might be incomplete.
23:32:37 **** Incremental Build of configuration Debug for project Ex02 ****
make all 
Building file: ../main.cpp
Invoking: Cross G++ Compiler
g++ -O0 -g3 -Wall -c -fmessage-length=0 -MMD -MP -MF"main.d" -MT"main.o" -o "main.o" "../main.cpp"
../main.cpp: In function ‘int main()’:
../main.cpp:18:18: error: invalid initialization of reference of type ‘std::ofstream& {aka std::basic_ofstream<char>&}’ from expression of type ‘std::ifstream {aka std::basic_ifstream<char>}’
  output(fout,root);
                  ^
In file included from ../main.cpp:8:0:
../function.h:19:6: note: in passing argument 1 of ‘void output(std::ofstream&, Node*&)’
 void output(ofstream &fout,Node *&root);
      ^~~~~~
../main.cpp:22:18: error: invalid initialization of reference of type ‘std::ofstream& {aka std::basic_ofstream<char>&}’ from expression of type ‘std::ifstream {aka std::basic_ifstream<char>}’
  output(fout,root);
                  ^
In file included from ../main.cpp:8:0:
../function.h:19:6: note: in passing argument 1 of ‘void output(std::ofstream&, Node*&)’
 void output(ofstream &fout,Node *&root);
      ^~~~~~
make: *** [main.o] Error 1
subdir.mk:21: recipe for target 'main.o' failed
"make all" terminated with exit code 2. Build might be incomplete.
23:33:42 **** Incremental Build of configuration Debug for project Ex02 ****
make all 
Building file: ../main.cpp
Invoking: Cross G++ Compiler
g++ -O0 -g3 -Wall -c -fmessage-length=0 -MMD -MP -MF"main.d" -MT"main.o" -o "main.o" "../main.cpp"
Finished building: ../main.cpp
 
Building target: Ex02
Invoking: Cross G++ Linker
g++  -o "Ex02"  ./function.o ./main.o   
Finished building target: Ex02
 
23:34:29 **** Incremental Build of configuration Debug for project Ex02 ****
make all 
make: Nothing to be done for 'all'.
23:35:08 **** Incremental Build of configuration Debug for project Ex02 ****
make all 
Building file: ../main.cpp
Invoking: Cross G++ Compiler
g++ -O0 -g3 -Wall -c -fmessage-length=0 -MMD -MP -MF"main.d" -MT"main.o" -o "main.o" "../main.cpp"
Finished building: ../main.cpp
 
Building target: Ex02
Invoking: Cross G++ Linker
g++  -o "Ex02"  ./function.o ./main.o   
Finished building target: Ex02
 
23:35:34 **** Incremental Build of configuration Debug for project Ex02 ****
make all 
make: Nothing to be done for 'all'.
23:36:21 **** Incremental Build of configuration Debug for project Ex02 ****
make all 
make: Nothing to be done for 'all'.
23:36:59 **** Incremental Build of configuration Debug for project Ex02 ****
make all 
make: Nothing to be done for 'all'.
23:38:08 **** Incremental Build of configuration Debug for project Ex02 ****
make all 
Building file: ../function.cpp
Invoking: Cross G++ Compiler
g++ -O0 -g3 -Wall -c -fmessage-length=0 -MMD -MP -MF"function.d" -MT"function.o" -o "function.o" "../function.cpp"
Finished building: ../function.cpp
 
Building target: Ex02
Invoking: Cross G++ Linker
g++  -o "Ex02"  ./function.o ./main.o   
Finished building target: Ex02
 
23:38:30 **** Incremental Build of configuration Debug for project Ex02 ****
make all 
make: Nothing to be done for 'all'.
23:38:39 **** Incremental Build of configuration Debug for project Ex02 ****
make all 
make: Nothing to be done for 'all'.
23:39:07 **** Incremental Build of configuration Debug for project Ex02 ****
make all 
Building file: ../function.cpp
Invoking: Cross G++ Compiler
g++ -O0 -g3 -Wall -c -fmessage-length=0 -MMD -MP -MF"function.d" -MT"function.o" -o "function.o" "../function.cpp"
Finished building: ../function.cpp
 
Building target: Ex02
Invoking: Cross G++ Linker
g++  -o "Ex02"  ./function.o ./main.o   
Finished building target: Ex02
 
23:39:09 **** Incremental Build of configuration Debug for project Ex02 ****
make all 
make: Nothing to be done for 'all'.
23:39:31 **** Incremental Build of configuration Debug for project Ex02 ****
make all 
Building file: ../function.cpp
Invoking: Cross G++ Compiler
g++ -O0 -g3 -Wall -c -fmessage-length=0 -MMD -MP -MF"function.d" -MT"function.o" -o "function.o" "../function.cpp"
Finished building: ../function.cpp
 
Building file: ../main.cpp
Invoking: Cross G++ Compiler
g++ -O0 -g3 -Wall -c -fmessage-length=0 -MMD -MP -MF"main.d" -MT"main.o" -o "main.o" "../main.cpp"
Finished building: ../main.cpp
 
Building target: Ex02
Invoking: Cross G++ Linker
g++  -o "Ex02"  ./function.o ./main.o   
Finished building target: Ex02
 
23:41:00 **** Incremental Build of configuration Debug for project Ex02 ****
make all 
make: Nothing to be done for 'all'.
