
**** Build of configuration Debug for project Ex01 ****

Nothing to build for project Ex01
15:49:36 **** Incremental Build of configuration Debug for project Ex01 ****
make all 
Building file: ../addOne.cpp
Invoking: Cross G++ Compiler
g++ -O0 -g3 -Wall -c -fmessage-length=0 -MMD -MP -MF"addOne.d" -MT"addOne.o" -o "addOne.o" "../addOne.cpp"
../addOne.cpp:8:9: fatal error: addOne.h: No such file or directory
subdir.mk:21: recipe for target 'addOne.o' failed
 #include<addOne.h>
         ^~~~~~~~~~
compilation terminated.
make: *** [addOne.o] Error 1
"make all" terminated with exit code 2. Build might be incomplete.
15:50:02 **** Incremental Build of configuration Debug for project Ex01 ****
make all 
Building file: ../addOne.cpp
Invoking: Cross G++ Compiler
g++ -O0 -g3 -Wall -c -fmessage-length=0 -MMD -MP -MF"addOne.d" -MT"addOne.o" -o "addOne.o" "../addOne.cpp"
Finished building: ../addOne.cpp
 
Building file: ../main.cpp
Invoking: Cross G++ Compiler
g++ -O0 -g3 -Wall -c -fmessage-length=0 -MMD -MP -MF"main.d" -MT"main.o" -o "main.o" "../main.cpp"
../main.cpp:8:9: fatal error: addOne.h: No such file or directory
 #include<addOne.h>
subdir.mk:21: recipe for target 'main.o' failed
         ^~~~~~~~~~
compilation terminated.
make: *** [main.o] Error 1
"make all" terminated with exit code 2. Build might be incomplete.
15:50:15 **** Incremental Build of configuration Debug for project Ex01 ****
make all 
Building file: ../main.cpp
Invoking: Cross G++ Compiler
g++ -O0 -g3 -Wall -c -fmessage-length=0 -MMD -MP -MF"main.d" -MT"main.o" -o "main.o" "../main.cpp"
Finished building: ../main.cpp
 
Building target: Ex01
Invoking: Cross G++ Linker
g++  -o "Ex01"  ./addOne.o ./main.o   
Finished building target: Ex01
 
15:50:49 **** Incremental Build of configuration Debug for project Ex01 ****
make all 
make: Nothing to be done for 'all'.
15:50:59 **** Incremental Build of configuration Debug for project Ex01 ****
make all 
make: Nothing to be done for 'all'.
15:51:12 **** Incremental Build of configuration Debug for project Ex01 ****
make all 
Building file: ../main.cpp
Invoking: Cross G++ Compiler
g++ -O0 -g3 -Wall -c -fmessage-length=0 -MMD -MP -MF"main.d" -MT"main.o" -o "main.o" "../main.cpp"
Finished building: ../main.cpp
 
Building target: Ex01
Invoking: Cross G++ Linker
g++  -o "Ex01"  ./addOne.o ./main.o   
Finished building target: Ex01
 
15:58:07 **** Build of configuration Debug for project Ex02 ****
make all 
Building file: ../function.cpp
Invoking: Cross G++ Compiler
g++ -O0 -g3 -Wall -c -fmessage-length=0 -MMD -MP -MF"function.d" -MT"function.o" -o "function.o" "../function.cpp"
Finished building: ../function.cpp
 
Building file: ../main.cpp
Invoking: Cross G++ Compiler
g++ -O0 -g3 -Wall -c -fmessage-length=0 -MMD -MP -MF"main.d" -MT"main.o" -o "main.o" "../main.cpp"
Finished building: ../main.cpp
 
Building target: Ex02
Invoking: Cross G++ Linker
g++  -o "Ex02"  ./function.o ./main.o   
Finished building target: Ex02
 
15:58:21 **** Incremental Build of configuration Debug for project Ex02 ****
make all 
make: Nothing to be done for 'all'.
16:00:41 **** Incremental Build of configuration Debug for project Ex02 ****
make all 
Building file: ../main.cpp
Invoking: Cross G++ Compiler
g++ -O0 -g3 -Wall -c -fmessage-length=0 -MMD -MP -MF"main.d" -MT"main.o" -o "main.o" "../main.cpp"
Finished building: ../main.cpp
 
Building target: Ex02
Invoking: Cross G++ Linker
g++  -o "Ex02"  ./function.o ./main.o   
Finished building target: Ex02
 

**** Build of configuration Debug for project Ex03 ****

Nothing to build for project Ex03
16:48:39 **** Incremental Build of configuration Debug for project Ex03 ****
make all 
Building file: ../function.cpp
Invoking: Cross G++ Compiler
g++ -O0 -g3 -Wall -c -fmessage-length=0 -MMD -MP -MF"function.d" -MT"function.o" -o "function.o" "../function.cpp"
Finished building: ../function.cpp
 
Building file: ../main.cpp
Invoking: Cross G++ Compiler
g++ -O0 -g3 -Wall -c -fmessage-length=0 -MMD -MP -MF"main.d" -MT"main.o" -o "main.o" "../main.cpp"
Finished building: ../main.cpp
 
Building target: Ex03
Invoking: Cross G++ Linker
g++  -o "Ex03"  ./function.o ./main.o   
Finished building target: Ex03
 
16:48:45 **** Incremental Build of configuration Debug for project Ex03 ****
make all 
make: Nothing to be done for 'all'.
16:57:25 **** Incremental Build of configuration Debug for project Ex03 ****
make all 
Building file: ../function.cpp
Invoking: Cross G++ Compiler
g++ -O0 -g3 -Wall -c -fmessage-length=0 -MMD -MP -MF"function.d" -MT"function.o" -o "function.o" "../function.cpp"
Finished building: ../function.cpp
 
Building file: ../main.cpp
Invoking: Cross G++ Compiler
g++ -O0 -g3 -Wall -c -fmessage-length=0 -MMD -MP -MF"main.d" -MT"main.o" -o "main.o" "../main.cpp"
Finished building: ../main.cpp
 
Building target: Ex03
Invoking: Cross G++ Linker
g++  -o "Ex03"  ./function.o ./main.o   
Finished building target: Ex03
 
16:57:27 **** Incremental Build of configuration Debug for project Ex03 ****
make all 
make: Nothing to be done for 'all'.
16:58:10 **** Incremental Build of configuration Debug for project Ex03 ****
make all 
Building file: ../function.cpp
Invoking: Cross G++ Compiler
g++ -O0 -g3 -Wall -c -fmessage-length=0 -MMD -MP -MF"function.d" -MT"function.o" -o "function.o" "../function.cpp"
Finished building: ../function.cpp
 
Building target: Ex03
Invoking: Cross G++ Linker
g++  -o "Ex03"  ./function.o ./main.o   
Finished building target: Ex03
 
16:58:13 **** Incremental Build of configuration Debug for project Ex03 ****
make all 
make: Nothing to be done for 'all'.
17:17:23 **** Incremental Build of configuration Debug for project Ex03 ****
make all 
Building file: ../function.cpp
Invoking: Cross G++ Compiler
g++ -O0 -g3 -Wall -c -fmessage-length=0 -MMD -MP -MF"function.d" -MT"function.o" -o "function.o" "../function.cpp"
In file included from ../function.cpp:8:0:
../function.h: In function ‘void input(int&, int*&)’:
../function.h:17:13: error: invalid type argument of unary ‘*’ (have ‘int’)
   cout<<*a[i];
             ^
subdir.mk:21: recipe for target 'function.o' failed
make: *** [function.o] Error 1
"make all" terminated with exit code 2. Build might be incomplete.
17:17:41 **** Incremental Build of configuration Debug for project Ex03 ****
make all 
Building file: ../function.cpp
Invoking: Cross G++ Compiler
g++ -O0 -g3 -Wall -c -fmessage-length=0 -MMD -MP -MF"function.d" -MT"function.o" -o "function.o" "../function.cpp"
Finished building: ../function.cpp
 
Building file: ../main.cpp
Invoking: Cross G++ Compiler
g++ -O0 -g3 -Wall -c -fmessage-length=0 -MMD -MP -MF"main.d" -MT"main.o" -o "main.o" "../main.cpp"
../main.cpp: In function ‘int main()’:
../main.cpp:12:2: error: ‘intput’ was not declared in this scope
  intput(n,a);
  ^~~~~~
../main.cpp:12:2: note: suggested alternative: ‘input’
  intput(n,a);
  ^~~~~~
  input
make: *** [main.o] Error 1
subdir.mk:21: recipe for target 'main.o' failed
"make all" terminated with exit code 2. Build might be incomplete.
17:18:11 **** Incremental Build of configuration Debug for project Ex03 ****
make all 
Building file: ../main.cpp
Invoking: Cross G++ Compiler
g++ -O0 -g3 -Wall -c -fmessage-length=0 -MMD -MP -MF"main.d" -MT"main.o" -o "main.o" "../main.cpp"
Finished building: ../main.cpp
 
Building target: Ex03
Invoking: Cross G++ Linker
g++  -o "Ex03"  ./function.o ./main.o   
./main.o: In function `input(int&, int*&)':
/home/huy/Documents/HK2 2018-2019/cs162/22_2_19/Ex03/Debug/../function.h:12: multiple definition of `input(int&, int*&)'
./function.o:/home/huy/Documents/HK2 2018-2019/cs162/22_2_19/Ex03/Debug/../function.h:12: first defined here
makefile:44: recipe for target 'Ex03' failed
collect2: error: ld returned 1 exit status
make: *** [Ex03] Error 1
"make all" terminated with exit code 2. Build might be incomplete.
17:18:46 **** Incremental Build of configuration Debug for project Ex03 ****
make all 
Building file: ../function.cpp
Invoking: Cross G++ Compiler
g++ -O0 -g3 -Wall -c -fmessage-length=0 -MMD -MP -MF"function.d" -MT"function.o" -o "function.o" "../function.cpp"
Finished building: ../function.cpp
 
Building file: ../main.cpp
Invoking: Cross G++ Compiler
g++ -O0 -g3 -Wall -c -fmessage-length=0 -MMD -MP -MF"main.d" -MT"main.o" -o "main.o" "../main.cpp"
Finished building: ../main.cpp
 
Building target: Ex03
Invoking: Cross G++ Linker
g++  -o "Ex03"  ./function.o ./main.o   
./main.o: In function `init(int&, int*&)':
/home/huy/Documents/HK2 2018-2019/cs162/22_2_19/Ex03/Debug/../function.h:12: multiple definition of `init(int&, int*&)'
makefile:44: recipe for target 'Ex03' failed
./function.o:/home/huy/Documents/HK2 2018-2019/cs162/22_2_19/Ex03/Debug/../function.h:12: first defined here
collect2: error: ld returned 1 exit status
make: *** [Ex03] Error 1
"make all" terminated with exit code 2. Build might be incomplete.
17:19:28 **** Incremental Build of configuration Debug for project Ex03 ****
make all 
Building file: ../main.cpp
Invoking: Cross G++ Compiler
g++ -O0 -g3 -Wall -c -fmessage-length=0 -MMD -MP -MF"main.d" -MT"main.o" -o "main.o" "../main.cpp"
../main.cpp: In function ‘void init(int&, int*&)’:
../main.cpp:11:6: error: redefinition of ‘void init(int&, int*&)’
 void init(int &n,int *&a){
      ^~~~
In file included from ../main.cpp:9:0:
../function.h:12:6: note: ‘void init(int&, int*&)’ previously defined here
 void init(int &n,int *&a){
      ^~~~
subdir.mk:21: recipe for target 'main.o' failed
make: *** [main.o] Error 1
"make all" terminated with exit code 2. Build might be incomplete.
17:19:38 **** Incremental Build of configuration Debug for project Ex03 ****
make all 
Building file: ../function.cpp
Invoking: Cross G++ Compiler
g++ -O0 -g3 -Wall -c -fmessage-length=0 -MMD -MP -MF"function.d" -MT"function.o" -o "function.o" "../function.cpp"
Finished building: ../function.cpp
 
Building file: ../main.cpp
Invoking: Cross G++ Compiler
g++ -O0 -g3 -Wall -c -fmessage-length=0 -MMD -MP -MF"main.d" -MT"main.o" -o "main.o" "../main.cpp"
Finished building: ../main.cpp
 
Building target: Ex03
Invoking: Cross G++ Linker
g++  -o "Ex03"  ./function.o ./main.o   
Finished building target: Ex03
 
17:19:58 **** Incremental Build of configuration Debug for project Ex03 ****
make all 
Building file: ../function.cpp
Invoking: Cross G++ Compiler
g++ -O0 -g3 -Wall -c -fmessage-length=0 -MMD -MP -MF"function.d" -MT"function.o" -o "function.o" "../function.cpp"
Finished building: ../function.cpp
 
Building file: ../main.cpp
Invoking: Cross G++ Compiler
g++ -O0 -g3 -Wall -c -fmessage-length=0 -MMD -MP -MF"main.d" -MT"main.o" -o "main.o" "../main.cpp"
Finished building: ../main.cpp
 
Building target: Ex03
Invoking: Cross G++ Linker
g++  -o "Ex03"  ./function.o ./main.o   
./main.o: In function `init(int&, int*&)':
/home/huy/Documents/HK2 2018-2019/cs162/22_2_19/Ex03/Debug/../function.h:12: multiple definition of `init(int&, int*&)'
makefile:44: recipe for target 'Ex03' failed
./function.o:/home/huy/Documents/HK2 2018-2019/cs162/22_2_19/Ex03/Debug/../function.h:12: first defined here
collect2: error: ld returned 1 exit status
make: *** [Ex03] Error 1
"make all" terminated with exit code 2. Build might be incomplete.
17:20:34 **** Incremental Build of configuration Debug for project Ex03 ****
make all 
Building file: ../function.cpp
Invoking: Cross G++ Compiler
g++ -O0 -g3 -Wall -c -fmessage-length=0 -MMD -MP -MF"function.d" -MT"function.o" -o "function.o" "../function.cpp"
Finished building: ../function.cpp
 
Building file: ../main.cpp
Invoking: Cross G++ Compiler
g++ -O0 -g3 -Wall -c -fmessage-length=0 -MMD -MP -MF"main.d" -MT"main.o" -o "main.o" "../main.cpp"
Finished building: ../main.cpp
 
Building target: Ex03
Invoking: Cross G++ Linker
g++  -o "Ex03"  ./function.o ./main.o   
./main.o: In function `input(int&, int*&)':
/home/huy/Documents/HK2 2018-2019/cs162/22_2_19/Ex03/Debug/../function.h:12: multiple definition of `input(int&, int*&)'
./function.o:/home/huy/Documents/HK2 2018-2019/cs162/22_2_19/Ex03/Debug/../function.h:12: first defined here
makefile:44: recipe for target 'Ex03' failed
collect2: error: ld returned 1 exit status
make: *** [Ex03] Error 1
"make all" terminated with exit code 2. Build might be incomplete.
17:21:04 **** Incremental Build of configuration Debug for project Ex03 ****
make all 
Building file: ../function.cpp
Invoking: Cross G++ Compiler
g++ -O0 -g3 -Wall -c -fmessage-length=0 -MMD -MP -MF"function.d" -MT"function.o" -o "function.o" "../function.cpp"
Finished building: ../function.cpp
 
Building file: ../main.cpp
Invoking: Cross G++ Compiler
g++ -O0 -g3 -Wall -c -fmessage-length=0 -MMD -MP -MF"main.d" -MT"main.o" -o "main.o" "../main.cpp"
Finished building: ../main.cpp
 
Building target: Ex03
Invoking: Cross G++ Linker
g++  -o "Ex03"  ./function.o ./main.o   
Finished building target: Ex03
 
17:21:18 **** Incremental Build of configuration Debug for project Ex03 ****
make all 
make: Nothing to be done for 'all'.
17:21:38 **** Incremental Build of configuration Debug for project Ex03 ****
make all 
make: Nothing to be done for 'all'.
17:22:08 **** Incremental Build of configuration Debug for project Ex03 ****
make all 
make: Nothing to be done for 'all'.
17:24:29 **** Incremental Build of configuration Debug for project Ex03 ****
make all 
Building file: ../function.cpp
Invoking: Cross G++ Compiler
g++ -O0 -g3 -Wall -c -fmessage-length=0 -MMD -MP -MF"function.d" -MT"function.o" -o "function.o" "../function.cpp"
../function.cpp: In function ‘void input(int&, int*&)’:
../function.cpp:13:12: error: invalid type argument of unary ‘*’ (have ‘int’)
   cin>>*a[i];
            ^
../function.cpp:15:13: error: invalid type argument of unary ‘*’ (have ‘int’)
   cout<<*a[i];
             ^
subdir.mk:21: recipe for target 'function.o' failed
make: *** [function.o] Error 1
"make all" terminated with exit code 2. Build might be incomplete.
17:24:42 **** Incremental Build of configuration Debug for project Ex03 ****
make all 
Building file: ../function.cpp
Invoking: Cross G++ Compiler
g++ -O0 -g3 -Wall -c -fmessage-length=0 -MMD -MP -MF"function.d" -MT"function.o" -o "function.o" "../function.cpp"
Finished building: ../function.cpp
 
Building target: Ex03
Invoking: Cross G++ Linker
g++  -o "Ex03"  ./function.o ./main.o   
Finished building target: Ex03
 
17:24:47 **** Incremental Build of configuration Debug for project Ex03 ****
make all 
make: Nothing to be done for 'all'.
17:29:06 **** Incremental Build of configuration Debug for project Ex03 ****
make all 
Building file: ../function.cpp
Invoking: Cross G++ Compiler
g++ -O0 -g3 -Wall -c -fmessage-length=0 -MMD -MP -MF"function.d" -MT"function.o" -o "function.o" "../function.cpp"
Finished building: ../function.cpp
 
Building file: ../main.cpp
Invoking: Cross G++ Compiler
g++ -O0 -g3 -Wall -c -fmessage-length=0 -MMD -MP -MF"main.d" -MT"main.o" -o "main.o" "../main.cpp"
Finished building: ../main.cpp
 
Building target: Ex03
Invoking: Cross G++ Linker
g++  -o "Ex03"  ./function.o ./main.o   
Finished building target: Ex03
 
17:30:26 **** Incremental Build of configuration Debug for project Ex03 ****
make all 
make: Nothing to be done for 'all'.
17:33:22 **** Incremental Build of configuration Debug for project Ex03 ****
make all 
make: Nothing to be done for 'all'.
17:43:04 **** Build of configuration Debug for project Ex06 ****
make all 
Building file: ../function.cpp
Invoking: Cross G++ Compiler
g++ -O0 -g3 -Wall -c -fmessage-length=0 -MMD -MP -MF"function.d" -MT"function.o" -o "function.o" "../function.cpp"
Finished building: ../function.cpp
 
Building file: ../main.cpp
Invoking: Cross G++ Compiler
g++ -O0 -g3 -Wall -c -fmessage-length=0 -MMD -MP -MF"main.d" -MT"main.o" -o "main.o" "../main.cpp"
Finished building: ../main.cpp
 
Building target: Ex06
Invoking: Cross G++ Linker
g++  -o "Ex06"  ./function.o ./main.o   
Finished building target: Ex06
 
17:43:10 **** Incremental Build of configuration Debug for project Ex06 ****
make all 
make: Nothing to be done for 'all'.
17:43:27 **** Incremental Build of configuration Debug for project Ex06 ****
make all 
Building file: ../function.cpp
Invoking: Cross G++ Compiler
g++ -O0 -g3 -Wall -c -fmessage-length=0 -MMD -MP -MF"function.d" -MT"function.o" -o "function.o" "../function.cpp"
Finished building: ../function.cpp
 
Building target: Ex06
Invoking: Cross G++ Linker
g++  -o "Ex06"  ./function.o ./main.o   
Finished building target: Ex06
 
