[2019-01-16 08:33:21] Executing bootstrap tasks
[2019-01-16 08:33:21] Java(TM) SE Runtime Environment 1.8.0_191-b12
[2019-01-16 08:33:21] Product org.eclipse.products.epp.package.cpp.2018-12
[2019-01-16 08:33:21] Bundle org.eclipse.oomph.setup 1.10.0.v20180914-1031, build=3784, branch=d5b911e1f3bc20f8e0c54af3126d8150fbc53bdf
[2019-01-16 08:33:21] Bundle org.eclipse.oomph.setup.core 1.11.0.v20181203-0741, build=3784, branch=d5b911e1f3bc20f8e0c54af3126d8150fbc53bdf
[2019-01-16 08:33:21] Bundle org.eclipse.oomph.setup.p2 1.10.0.v20180706-1242, build=3784, branch=d5b911e1f3bc20f8e0c54af3126d8150fbc53bdf
[2019-01-16 08:33:21] Performing P2 Director (Eclipse IDE for C/C++ Developers (2018-12))
[2019-01-16 08:33:21] Offline = false
[2019-01-16 08:33:21] Mirrors = true
[2019-01-16 08:33:21] Resolving 40 requirements from 3 repositories to /home/huy/Desktop/C++/eclipse
[2019-01-16 08:33:21] Requirement epp.package.cpp [4.10.0,5.0.0)
[2019-01-16 08:33:21] Requirement org.eclipse.platform.feature.group [4.10.0,5.0.0)
[2019-01-16 08:33:21] Requirement org.eclipse.rcp.feature.group [4.10.0,5.0.0)
[2019-01-16 08:33:21] Requirement org.eclipse.cdt.arduino.feature.group
[2019-01-16 08:33:21] Requirement org.eclipse.cdt.autotools.feature.group
[2019-01-16 08:33:21] Requirement org.eclipse.cdt.build.crossgcc.feature.group
[2019-01-16 08:33:21] Requirement org.eclipse.cdt.cmake.feature.group
[2019-01-16 08:33:21] Requirement org.eclipse.cdt.debug.gdbjtag.feature.group
[2019-01-16 08:33:21] Requirement org.eclipse.cdt.debug.standalone.feature.group
[2019-01-16 08:33:21] Requirement org.eclipse.cdt.debug.ui.memory.feature.group
[2019-01-16 08:33:21] Requirement org.eclipse.cdt.docker.launcher.feature.group
[2019-01-16 08:33:21] Requirement org.eclipse.cdt.feature.group
[2019-01-16 08:33:21] Requirement org.eclipse.cdt.launch.remote.feature.group
[2019-01-16 08:33:21] Requirement org.eclipse.cdt.launch.serial.feature.feature.group
[2019-01-16 08:33:21] Requirement org.eclipse.cdt.meson.feature.group
[2019-01-16 08:33:21] Requirement org.eclipse.cdt.mylyn.feature.group
[2019-01-16 08:33:21] Requirement org.eclipse.cdt.qt.feature.group
[2019-01-16 08:33:21] Requirement org.eclipse.cdt.testsrunner.feature.feature.group
[2019-01-16 08:33:21] Requirement org.eclipse.egit.feature.group
[2019-01-16 08:33:21] Requirement org.eclipse.epp.mpc.feature.group
[2019-01-16 08:33:21] Requirement org.eclipse.linuxtools.cdt.libhover.devhelp.feature.feature.group
[2019-01-16 08:33:21] Requirement org.eclipse.linuxtools.cdt.libhover.feature.feature.group
[2019-01-16 08:33:21] Requirement org.eclipse.linuxtools.changelog.c.feature.group
[2019-01-16 08:33:21] Requirement org.eclipse.linuxtools.gcov.feature.group
[2019-01-16 08:33:21] Requirement org.eclipse.linuxtools.gprof.feature.feature.group
[2019-01-16 08:33:21] Requirement org.eclipse.linuxtools.rpm.feature.group
[2019-01-16 08:33:21] Requirement org.eclipse.linuxtools.valgrind.feature.group
[2019-01-16 08:33:21] Requirement org.eclipse.mylyn.bugzilla_feature.feature.group
[2019-01-16 08:33:21] Requirement org.eclipse.mylyn.context_feature.feature.group
[2019-01-16 08:33:21] Requirement org.eclipse.mylyn.ide_feature.feature.group
[2019-01-16 08:33:21] Requirement org.eclipse.mylyn.team_feature.feature.group
[2019-01-16 08:33:21] Requirement org.eclipse.mylyn.wikitext_feature.feature.group
[2019-01-16 08:33:21] Requirement org.eclipse.mylyn_feature.feature.group
[2019-01-16 08:33:21] Requirement org.eclipse.tm.terminal.connector.cdtserial.feature.feature.group
[2019-01-16 08:33:21] Requirement org.eclipse.tm.terminal.feature.feature.group
[2019-01-16 08:33:21] Requirement org.eclipse.tracecompass.gdbtrace.feature.group
[2019-01-16 08:33:21] Requirement org.eclipse.tracecompass.lttng2.control.feature.group
[2019-01-16 08:33:21] Requirement org.eclipse.tracecompass.lttng2.kernel.feature.group
[2019-01-16 08:33:21] Requirement org.eclipse.tracecompass.lttng2.ust.feature.group
[2019-01-16 08:33:21] Requirement org.eclipse.oomph.setup.feature.group
[2019-01-16 08:33:21] Repository http://download.eclipse.org/technology/epp/packages/2018-12
[2019-01-16 08:33:21] Repository http://download.eclipse.org/releases/2018-12/201812191000
[2019-01-16 08:33:21] Repository http://download.eclipse.org/oomph/updates/milestone/latest
[2019-01-16 08:33:24] Calculating requirements and dependencies.
[2019-01-16 08:33:29] Computing prerequisite plan
[2019-01-16 08:33:42] Collecting 4 artifacts from http://download.eclipse.org/releases/2018-12/201812191000
[2019-01-16 08:33:43] Downloading org.eclipse.cdt_root
[2019-01-16 08:33:43] Downloading org.eclipse.platform_root
[2019-01-16 08:33:43] Downloading org.eclipse.platform.ide.executable.gtk.linux.x86_64
[2019-01-16 08:33:43] Downloading org.eclipse.rcp_root
[2019-01-16 08:33:43] Collected 4 artifacts for http://download.eclipse.org/releases/2018-12/201812191000 in 0.818s
[2019-01-16 08:33:43] Collecting 1 artifacts from http://download.eclipse.org/technology/epp/packages/2018-12
[2019-01-16 08:33:43] Downloading epp.package.cpp.executable.gtk.linux.x86_64
[2019-01-16 08:33:43] Collected 1 artifacts for http://download.eclipse.org/technology/epp/packages/2018-12 in 0.677s
[2019-01-16 08:33:53] Installing a.jre.javase [11.0.0]
[2019-01-16 08:33:53] Installing com.fasterxml.jackson.core.jackson-annotations [2.9.2.v20180207-1730]
[2019-01-16 08:33:53] Installing com.fasterxml.jackson.core.jackson-core [2.9.2.v20180207-1730]
[2019-01-16 08:33:53] Installing com.fasterxml.jackson.core.jackson-databind [2.9.2.v20180207-1730]
[2019-01-16 08:33:53] Installing com.fasterxml.jackson.datatype.jackson-datatype-guava [2.9.2.v20180207-1730]
[2019-01-16 08:33:53] Installing com.fasterxml.jackson.jaxrs.jackson-jaxrs-base [2.9.2.v20180207-1730]
[2019-01-16 08:33:53] Installing com.fasterxml.jackson.jaxrs.jackson-jaxrs-json-provider [2.9.2.v20180207-1730]
[2019-01-16 08:33:53] Installing com.github.jnr.constants [0.9.8.v20180207-1730]
[2019-01-16 08:33:53] Installing com.github.jnr.enxio [0.16.0.v20180207-1730]
[2019-01-16 08:33:53] Installing com.github.jnr.ffi [2.1.4.v20180207-1730]
[2019-01-16 08:33:53] Installing com.github.jnr.jffi [1.2.15.v20180207-1730]
[2019-01-16 08:33:53] Installing com.github.jnr.jffi.native [1.2.15.v20180207-1730]
[2019-01-16 08:33:53] Installing com.github.jnr.posix [3.0.35.v20180207-1730]
[2019-01-16 08:33:53] Installing com.github.jnr.unixsocket [0.18.0.v20180207-1730]
[2019-01-16 08:33:53] Installing com.google.gson [2.8.2.v20180104-1110]
[2019-01-16 08:33:53] Installing com.google.guava [21.0.0.v20170206-1425]
[2019-01-16 08:33:53] Installing com.ibm.icu [63.1.0.v20181030-1705]
[2019-01-16 08:33:53] Installing com.jcraft.jsch [0.1.54.v20170116-1932]
[2019-01-16 08:33:53] Installing com.jcraft.jzlib [1.1.1.v201205102305]
[2019-01-16 08:33:53] Installing com.spotify.docker.client [8.11.7.v20180731-1413]
[2019-01-16 08:33:53] Installing com.sun.el [2.2.0.v201303151357]
[2019-01-16 08:33:53] Installing com.sun.xml.bind [2.2.0.v201505121915]
[2019-01-16 08:33:53] Installing epp.package.cpp [4.10.0.20181214-0600]
[2019-01-16 08:33:53] Installing epp.package.cpp.executable.gtk.linux.x86_64 [4.10.0.20181214-0600]
[2019-01-16 08:33:53] Installing epp.package.cpp.executable.gtk.linux.x86_64.eclipse [4.10.0.20181214-0600]
[2019-01-16 08:33:53] Installing javaewah [1.1.6.v20160919-1400]
[2019-01-16 08:33:53] Installing javassist [3.13.0.GA_v201209210905]
[2019-01-16 08:33:53] Installing javax.activation [1.1.0.v201211130549]
[2019-01-16 08:33:53] Installing javax.annotation [1.2.0.v201602091430]
[2019-01-16 08:33:53] Installing javax.el [2.2.0.v201303151357]
[2019-01-16 08:33:53] Installing javax.inject [1.0.0.v20091030]
[2019-01-16 08:33:53] Installing javax.servlet [3.1.0.v201410161800]
[2019-01-16 08:33:53] Installing javax.servlet.jsp [2.2.0.v201112011158]
[2019-01-16 08:33:53] Installing javax.ws.rs [2.0.1.v201504171603]
[2019-01-16 08:33:53] Installing javax.xml [1.3.4.v201005080400]
[2019-01-16 08:33:53] Installing javax.xml.bind [2.2.0.v201105210648]
[2019-01-16 08:33:53] Installing javax.xml.stream [1.0.1.v201004272200]
[2019-01-16 08:33:53] Installing jnr.x86asm [1.0.2.v201505052040]
[2019-01-16 08:33:53] Installing net.i2p.crypto.eddsa [0.3.0.v20181102-1323]
[2019-01-16 08:33:53] Installing org.antlr.runtime [3.2.0.v201101311130]
[2019-01-16 08:33:53] Installing org.aopalliance [1.0.0.v201105210816]
[2019-01-16 08:33:53] Installing org.apache.ant [1.10.5.v20180808-0324]
[2019-01-16 08:33:53] Installing org.apache.batik.constants [1.10.0.v20180703-1553]
[2019-01-16 08:33:53] Installing org.apache.batik.css [1.10.0.v20180703-1553]
[2019-01-16 08:33:53] Installing org.apache.batik.i18n [1.10.0.v20180703-1553]
[2019-01-16 08:33:53] Installing org.apache.batik.util [1.10.0.v20180703-1553]
[2019-01-16 08:33:53] Installing org.apache.commons.codec [1.10.0.v20180409-1845]
[2019-01-16 08:33:53] Installing org.apache.commons.compress [1.18.0.v20181121-2221]
[2019-01-16 08:33:53] Installing org.apache.commons.httpclient [3.1.0.v201012070820]
[2019-01-16 08:33:53] Installing org.apache.commons.io [2.2.0.v201405211200]
[2019-01-16 08:33:53] Installing org.apache.commons.jxpath [1.3.0.v200911051830]
[2019-01-16 08:33:53] Installing org.apache.commons.lang [2.6.0.v201404270220]
[2019-01-16 08:33:53] Installing org.apache.commons.lang3 [3.1.0.v201403281430]
[2019-01-16 08:33:53] Installing org.apache.commons.logging [1.2.0.v20180409-1502]
[2019-01-16 08:33:53] Installing org.apache.felix.gogo.command [1.0.2.v20170914-1324]
[2019-01-16 08:33:53] Installing org.apache.felix.gogo.runtime [1.1.0.v20180713-1646]
[2019-01-16 08:33:53] Installing org.apache.felix.gogo.shell [1.1.0.v20180713-1646]
[2019-01-16 08:33:53] Installing org.apache.felix.scr [2.0.14.v20180822-1822]
[2019-01-16 08:33:53] Installing org.apache.httpcomponents.httpclient [4.5.5.v20180409-1525]
[2019-01-16 08:33:53] Installing org.apache.httpcomponents.httpcore [4.4.9.v20180409-1525]
[2019-01-16 08:33:53] Installing org.apache.jasper.glassfish [2.2.2.v201501141630]
[2019-01-16 08:33:53] Installing org.apache.log4j [1.2.15.v201012070815]
[2019-01-16 08:33:53] Installing org.apache.lucene.analyzers-common [6.1.0.v20161115-1612]
[2019-01-16 08:33:53] Installing org.apache.lucene.analyzers-smartcn [7.5.0.v20181003-1532]
[2019-01-16 08:33:53] Installing org.apache.lucene.core [6.1.0.v20170814-1820]
[2019-01-16 08:33:53] Installing org.apache.lucene.queryparser [6.1.0.v20161115-1612]
[2019-01-16 08:33:53] Installing org.apache.sshd.core [2.0.0.v20181102-1323]
[2019-01-16 08:33:53] Installing org.apache.sshd.sftp [2.0.0.v20181102-1323]
[2019-01-16 08:33:53] Installing org.apache.ws.commons.util [1.0.1.v20100518-1140]
[2019-01-16 08:33:53] Installing org.apache.xerces [2.9.0.v201101211617]
[2019-01-16 08:33:53] Installing org.apache.xml.resolver [1.2.0.v201005080400]
[2019-01-16 08:33:53] Installing org.apache.xml.serializer [2.7.1.v201005080400]
[2019-01-16 08:33:53] Installing org.apache.xmlgraphics [2.2.0.v20180809-1640]
[2019-01-16 08:33:53] Installing org.apache.xmlrpc [3.0.0.v20100427-1100]
[2019-01-16 08:33:53] Installing org.bouncycastle.bcpkix [1.52.0.v20161004-1854]
[2019-01-16 08:33:53] Installing org.bouncycastle.bcprov [1.52.0.v20180328-2148]
[2019-01-16 08:33:53] Installing org.cyberneko.html [1.9.14.v201105210654]
[2019-01-16 08:33:53] Installing org.eclipse.ant.core [3.5.200.v20180822-0553]
[2019-01-16 08:33:53] Installing org.eclipse.cdt [9.6.0.201811241055]
[2019-01-16 08:33:53] Installing org.eclipse.cdt.arduino.core [2.1.1.201812061530]
[2019-01-16 08:33:53] Installing org.eclipse.cdt.arduino.feature.group [9.6.0.201812111211]
[2019-01-16 08:33:53] Installing org.eclipse.cdt.arduino.feature.jar [9.6.0.201812111211]
[2019-01-16 08:33:53] Installing org.eclipse.cdt.arduino.ui [2.1.1.201811241055]
[2019-01-16 08:33:53] Installing org.eclipse.cdt.autotools.core [2.0.2.201811241055]
[2019-01-16 08:33:53] Installing org.eclipse.cdt.autotools.docs [2.0.3.201811241055]
[2019-01-16 08:33:53] Installing org.eclipse.cdt.autotools.feature.group [9.6.0.201812111211]
[2019-01-16 08:33:53] Installing org.eclipse.cdt.autotools.feature.jar [9.6.0.201812111211]
[2019-01-16 08:33:53] Installing org.eclipse.cdt.autotools.ui [2.0.2.201812040412]
[2019-01-16 08:33:53] Installing org.eclipse.cdt.build.crossgcc [1.1.1.201811241055]
[2019-01-16 08:33:53] Installing org.eclipse.cdt.build.crossgcc.feature.group [9.6.0.201811241055]
[2019-01-16 08:33:53] Installing org.eclipse.cdt.build.crossgcc.feature.jar [9.6.0.201811241055]
[2019-01-16 08:33:53] Installing org.eclipse.cdt.build.gcc.core [1.0.1.201811241055]
[2019-01-16 08:33:53] Installing org.eclipse.cdt.build.gcc.ui [1.0.1.201811241055]
[2019-01-16 08:33:53] Installing org.eclipse.cdt.cmake.core [1.2.1.201811241055]
[2019-01-16 08:33:53] Installing org.eclipse.cdt.cmake.feature.group [9.6.0.201812111211]
[2019-01-16 08:33:53] Installing org.eclipse.cdt.cmake.feature.jar [9.6.0.201812111211]
[2019-01-16 08:33:53] Installing org.eclipse.cdt.cmake.ui [1.2.1.201811241055]
[2019-01-16 08:33:53] Installing org.eclipse.cdt.codan.checkers [3.2.1.201811241055]
[2019-01-16 08:33:53] Installing org.eclipse.cdt.codan.checkers.ui [3.2.2.201811241055]
[2019-01-16 08:33:53] Installing org.eclipse.cdt.codan.core [4.0.1.201811241055]
[2019-01-16 08:33:53] Installing org.eclipse.cdt.codan.core.cxx [3.4.1.201811241055]
[2019-01-16 08:33:53] Installing org.eclipse.cdt.codan.ui [3.3.1.201811241055]
[2019-01-16 08:33:53] Installing org.eclipse.cdt.codan.ui.cxx [3.4.1.201811241055]
[2019-01-16 08:33:53] Installing org.eclipse.cdt.core [6.6.0.201812101042]
[2019-01-16 08:33:53] Installing org.eclipse.cdt.core.linux [5.3.1.201811241055]
[2019-01-16 08:33:53] Installing org.eclipse.cdt.core.linux.x86_64 [5.3.1.201811241055]
[2019-01-16 08:33:53] Installing org.eclipse.cdt.core.native [5.10.1.201811241055]
[2019-01-16 08:33:53] Installing org.eclipse.cdt.debug.application [1.1.1.201811241055]
[2019-01-16 08:33:53] Installing org.eclipse.cdt.debug.application.doc [1.1.1.201811241055]
[2019-01-16 08:33:53] Installing org.eclipse.cdt.debug.core [8.3.1.201811241055]
[2019-01-16 08:33:53] Installing org.eclipse.cdt.debug.gdbjtag [7.0.1.201811241055]
[2019-01-16 08:33:53] Installing org.eclipse.cdt.debug.gdbjtag.core [9.2.1.201811241055]
[2019-01-16 08:33:53] Installing org.eclipse.cdt.debug.gdbjtag.feature.group [9.6.0.201811241055]
[2019-01-16 08:33:53] Installing org.eclipse.cdt.debug.gdbjtag.feature.jar [9.6.0.201811241055]
[2019-01-16 08:33:53] Installing org.eclipse.cdt.debug.gdbjtag.ui [8.1.1.201811241055]
[2019-01-16 08:33:53] Installing org.eclipse.cdt.debug.standalone.feature.group [9.6.0.201811241055]
[2019-01-16 08:33:53] Installing org.eclipse.cdt.debug.standalone.feature.jar [9.6.0.201811241055]
[2019-01-16 08:33:53] Installing org.eclipse.cdt.debug.ui [8.3.1.201811241055]
[2019-01-16 08:33:53] Installing org.eclipse.cdt.debug.ui.memory.feature.group [9.6.0.201811241055]
[2019-01-16 08:33:53] Installing org.eclipse.cdt.debug.ui.memory.feature.jar [9.6.0.201811241055]
[2019-01-16 08:33:53] Installing org.eclipse.cdt.debug.ui.memory.floatingpoint [1.0.1.201811241055]
[2019-01-16 08:33:53] Installing org.eclipse.cdt.debug.ui.memory.memorybrowser [1.3.1.201811241055]
[2019-01-16 08:33:53] Installing org.eclipse.cdt.debug.ui.memory.search [1.3.1.201811241055]
[2019-01-16 08:33:53] Installing org.eclipse.cdt.debug.ui.memory.traditional [1.5.1.201811241055]
[2019-01-16 08:33:53] Installing org.eclipse.cdt.debug.ui.memory.transport [2.1.1.201811241055]
[2019-01-16 08:33:53] Installing org.eclipse.cdt.doc.user [5.4.1.201811241055]
[2019-01-16 08:33:53] Installing org.eclipse.cdt.docker.launcher [1.2.1.201811241055]
[2019-01-16 08:33:53] Installing org.eclipse.cdt.docker.launcher.feature.group [9.6.0.201811241055]
[2019-01-16 08:33:53] Installing org.eclipse.cdt.docker.launcher.feature.jar [9.6.0.201811241055]
[2019-01-16 08:33:53] Installing org.eclipse.cdt.dsf [2.8.1.201811241055]
[2019-01-16 08:33:53] Installing org.eclipse.cdt.dsf.gdb [5.6.0.201812061011]
[2019-01-16 08:33:53] Installing org.eclipse.cdt.dsf.gdb.ui [2.6.2.201811262127]
[2019-01-16 08:33:53] Installing org.eclipse.cdt.dsf.ui [2.5.1.201811241055]
[2019-01-16 08:33:53] Installing org.eclipse.cdt.feature.group [9.6.0.201812111211]
[2019-01-16 08:33:53] Installing org.eclipse.cdt.feature.jar [9.6.0.201812111211]
[2019-01-16 08:33:53] Installing org.eclipse.cdt.gdb [7.0.1.201811241055]
[2019-01-16 08:33:53] Installing org.eclipse.cdt.gdb.feature.group [9.6.0.201811241055]
[2019-01-16 08:33:53] Installing org.eclipse.cdt.gdb.feature.jar [9.6.0.201811241055]
[2019-01-16 08:33:53] Installing org.eclipse.cdt.gdb.ui [7.0.1.201811241055]
[2019-01-16 08:33:53] Installing org.eclipse.cdt.gnu.build.feature.group [9.6.0.201811241055]
[2019-01-16 08:33:53] Installing org.eclipse.cdt.gnu.build.feature.jar [9.6.0.201811241055]
[2019-01-16 08:33:53] Installing org.eclipse.cdt.gnu.debug.feature.group [9.6.0.201811291831]
[2019-01-16 08:33:53] Installing org.eclipse.cdt.gnu.debug.feature.jar [9.6.0.201811291831]
[2019-01-16 08:33:53] Installing org.eclipse.cdt.gnu.dsf.feature.group [9.6.0.201812061011]
[2019-01-16 08:33:53] Installing org.eclipse.cdt.gnu.dsf.feature.jar [9.6.0.201812061011]
[2019-01-16 08:33:53] Installing org.eclipse.cdt.launch [9.2.1.201811291831]
[2019-01-16 08:33:53] Installing org.eclipse.cdt.launch.remote [2.5.1.201811241055]
[2019-01-16 08:33:53] Installing org.eclipse.cdt.launch.remote.feature.group [9.6.0.201811241055]
[2019-01-16 08:33:53] Installing org.eclipse.cdt.launch.remote.feature.jar [9.6.0.201811241055]
[2019-01-16 08:33:53] Installing org.eclipse.cdt.launch.serial.core [1.0.1.201811241055]
[2019-01-16 08:33:53] Installing org.eclipse.cdt.launch.serial.feature.feature.group [9.6.0.201811241055]
[2019-01-16 08:33:53] Installing org.eclipse.cdt.launch.serial.feature.feature.jar [9.6.0.201811241055]
[2019-01-16 08:33:53] Installing org.eclipse.cdt.launch.serial.ui [1.0.1.201811241055]
[2019-01-16 08:33:53] Installing org.eclipse.cdt.make.core [7.4.1.201812021701]
[2019-01-16 08:33:53] Installing org.eclipse.cdt.make.ui [7.3.1.201811291831]
[2019-01-16 08:33:53] Installing org.eclipse.cdt.managedbuilder.core [8.6.1.201812040412]
[2019-01-16 08:33:53] Installing org.eclipse.cdt.managedbuilder.gnu.ui [8.3.1.201811241055]
[2019-01-16 08:33:53] Installing org.eclipse.cdt.managedbuilder.ui [9.1.1.201811241055]
[2019-01-16 08:33:53] Installing org.eclipse.cdt.meson.core [1.0.1.201811241055]
[2019-01-16 08:33:53] Installing org.eclipse.cdt.meson.docs [1.0.1.201811241055]
[2019-01-16 08:33:53] Installing org.eclipse.cdt.meson.feature.group [9.6.0.201812111211]
[2019-01-16 08:33:53] Installing org.eclipse.cdt.meson.feature.jar [9.6.0.201812111211]
[2019-01-16 08:33:53] Installing org.eclipse.cdt.meson.ui [1.0.1.201811241055]
[2019-01-16 08:33:53] Installing org.eclipse.cdt.meson.ui.editor [1.0.1.201811241055]
[2019-01-16 08:33:53] Installing org.eclipse.cdt.mylyn.feature.group [5.20.0.v20180905-0014]
[2019-01-16 08:33:53] Installing org.eclipse.cdt.mylyn.feature.jar [5.20.0.v20180905-0014]
[2019-01-16 08:33:53] Installing org.eclipse.cdt.mylyn.ui [3.24.2.v20180905-0014]
[2019-01-16 08:33:53] Installing org.eclipse.cdt.native.feature.group [9.6.0.201811241055]
[2019-01-16 08:33:53] Installing org.eclipse.cdt.native.feature.jar [9.6.0.201811241055]
[2019-01-16 08:33:53] Installing org.eclipse.cdt.native.serial [1.1.2.201811241055]
[2019-01-16 08:33:53] Installing org.eclipse.cdt.platform.feature.group [9.6.0.201812111211]
[2019-01-16 08:33:53] Installing org.eclipse.cdt.platform.feature.jar [9.6.0.201812111211]
[2019-01-16 08:33:53] Installing org.eclipse.cdt.qt.core [2.2.1.201811241055]
[2019-01-16 08:33:53] Installing org.eclipse.cdt.qt.feature.group [9.6.0.201812111211]
[2019-01-16 08:33:53] Installing org.eclipse.cdt.qt.feature.jar [9.6.0.201812111211]
[2019-01-16 08:33:53] Installing org.eclipse.cdt.qt.ui [2.0.1.201811241055]
[2019-01-16 08:33:53] Installing org.eclipse.cdt.remote.core [1.0.2.201811241055]
[2019-01-16 08:33:53] Installing org.eclipse.cdt.testsrunner [8.1.1.201811241055]
[2019-01-16 08:33:53] Installing org.eclipse.cdt.testsrunner.boost [7.0.1.201811241055]
[2019-01-16 08:33:53] Installing org.eclipse.cdt.testsrunner.feature.feature.group [9.6.0.201811241055]
[2019-01-16 08:33:53] Installing org.eclipse.cdt.testsrunner.feature.feature.jar [9.6.0.201811241055]
[2019-01-16 08:33:53] Installing org.eclipse.cdt.testsrunner.gtest [7.0.1.201811241055]
[2019-01-16 08:33:53] Installing org.eclipse.cdt.testsrunner.qttest [7.0.1.201811241055]
[2019-01-16 08:33:53] Installing org.eclipse.cdt.testsrunner.tap [1.0.1.201811241055]
[2019-01-16 08:33:53] Installing org.eclipse.cdt.ui [6.4.0.201811241855]
[2019-01-16 08:33:53] Installing org.eclipse.cdt_root [9.6.0.201812111211]
[2019-01-16 08:33:53] Installing org.eclipse.compare [3.7.400.v20181109-1335]
[2019-01-16 08:33:53] Installing org.eclipse.compare.core [3.6.300.v20180827-1041]
[2019-01-16 08:33:53] Installing org.eclipse.core.commands [3.9.200.v20180827-1727]
[2019-01-16 08:33:53] Installing org.eclipse.core.contenttype [3.7.200.v20181107-1343]
[2019-01-16 08:33:53] Installing org.eclipse.core.databinding [1.7.100.v20181030-1443]
[2019-01-16 08:33:53] Installing org.eclipse.core.databinding.beans [1.4.300.v20181030-1443]
[2019-01-16 08:33:53] Installing org.eclipse.core.databinding.observable [1.6.300.v20180827-2028]
[2019-01-16 08:33:53] Installing org.eclipse.core.databinding.property [1.6.300.v20180827-2028]
[2019-01-16 08:33:53] Installing org.eclipse.core.expressions [3.6.200.v20180817-1401]
[2019-01-16 08:33:53] Installing org.eclipse.core.externaltools [1.1.200.v20180821-1744]
[2019-01-16 08:33:53] Installing org.eclipse.core.filebuffers [3.6.400.v20181028-0633]
[2019-01-16 08:33:53] Installing org.eclipse.core.filesystem [1.7.200.v20180828-0158]
[2019-01-16 08:33:53] Installing org.eclipse.core.filesystem.linux.x86_64 [1.2.300.v20180828-0158]
[2019-01-16 08:33:53] Installing org.eclipse.core.jobs [3.10.200.v20180912-1356]
[2019-01-16 08:33:53] Installing org.eclipse.core.net [1.3.400.v20181030-1645]
[2019-01-16 08:33:53] Installing org.eclipse.core.net.linux.x86_64 [1.2.300.v20181130-0925]
[2019-01-16 08:33:53] Installing org.eclipse.core.resources [3.13.200.v20181121-1020]
[2019-01-16 08:33:53] Installing org.eclipse.core.runtime [3.15.100.v20181107-1343]
[2019-01-16 08:33:53] Installing org.eclipse.core.variables [3.4.300.v20181028-0627]
[2019-01-16 08:33:53] Installing org.eclipse.debug.core [3.13.100.v20181201-1650]
[2019-01-16 08:33:53] Installing org.eclipse.debug.ui [3.13.200.v20181026-1523]
[2019-01-16 08:33:53] Installing org.eclipse.draw2d [3.10.100.201606061308]
[2019-01-16 08:33:53] Installing org.eclipse.e4.core.commands [0.12.400.v20181119-1026]
[2019-01-16 08:33:53] Installing org.eclipse.e4.core.contexts [1.7.100.v20180817-1215]
[2019-01-16 08:33:53] Installing org.eclipse.e4.core.di [1.7.100.v20180817-1215]
[2019-01-16 08:33:53] Installing org.eclipse.e4.core.di.annotations [1.6.200.v20180817-1215]
[2019-01-16 08:33:53] Installing org.eclipse.e4.core.di.extensions [0.15.200.v20180817-1215]
[2019-01-16 08:33:53] Installing org.eclipse.e4.core.di.extensions.supplier [0.15.200.v20180817-1215]
[2019-01-16 08:33:53] Installing org.eclipse.e4.core.services [2.1.300.v20180930-0910]
[2019-01-16 08:33:53] Installing org.eclipse.e4.emf.xpath [0.2.200.v20180828-0227]
[2019-01-16 08:33:53] Installing org.eclipse.e4.rcp.feature.group [1.6.300.v20181204-1801]
[2019-01-16 08:33:53] Installing org.eclipse.e4.rcp.feature.jar [1.6.300.v20181204-1801]
[2019-01-16 08:33:53] Installing org.eclipse.e4.ui.bindings [0.12.300.v20180913-1535]
[2019-01-16 08:33:53] Installing org.eclipse.e4.ui.css.core [0.12.400.v20180917-1628]
[2019-01-16 08:33:53] Installing org.eclipse.e4.ui.css.swt [0.13.300.v20181030-1443]
[2019-01-16 08:33:53] Installing org.eclipse.e4.ui.css.swt.theme [0.12.100.v20180828-0227]
[2019-01-16 08:33:53] Installing org.eclipse.e4.ui.di [1.2.400.v20180920-1522]
[2019-01-16 08:33:53] Installing org.eclipse.e4.ui.dialogs [1.1.300.v20180828-0227]
[2019-01-16 08:33:53] Installing org.eclipse.e4.ui.model.workbench [2.1.200.v20180920-1522]
[2019-01-16 08:33:53] Installing org.eclipse.e4.ui.services [1.3.300.v20180920-1522]
[2019-01-16 08:33:53] Installing org.eclipse.e4.ui.swt.gtk [1.0.500.v20181106-0908]
[2019-01-16 08:33:53] Installing org.eclipse.e4.ui.widgets [1.2.300.v20180920-1522]
[2019-01-16 08:33:53] Installing org.eclipse.e4.ui.workbench [1.8.0.v20181119-1304]
[2019-01-16 08:33:53] Installing org.eclipse.e4.ui.workbench.addons.swt [1.3.300.v20181102-1042]
[2019-01-16 08:33:53] Installing org.eclipse.e4.ui.workbench.renderers.swt [0.14.400.v20181112-1716]
[2019-01-16 08:33:53] Installing org.eclipse.e4.ui.workbench.swt [0.14.400.v20181022-1348]
[2019-01-16 08:33:53] Installing org.eclipse.e4.ui.workbench3 [0.14.200.v20180828-0227]
[2019-01-16 08:33:53] Installing org.eclipse.ecf [3.9.3.v20181012-2016]
[2019-01-16 08:33:53] Installing org.eclipse.ecf.core.feature.feature.group [1.5.3.v20181012-2020]
[2019-01-16 08:33:53] Installing org.eclipse.ecf.core.feature.feature.jar [1.5.3.v20181012-2020]
[2019-01-16 08:33:53] Installing org.eclipse.ecf.core.ssl.feature.feature.group [1.1.100.v20180301-0201]
[2019-01-16 08:33:53] Installing org.eclipse.ecf.core.ssl.feature.feature.jar [1.1.100.v20180301-0201]
[2019-01-16 08:33:53] Installing org.eclipse.ecf.filetransfer [5.0.100.v20180301-0132]
[2019-01-16 08:33:53] Installing org.eclipse.ecf.filetransfer.feature.feature.group [3.14.4.v20181013-2146]
[2019-01-16 08:33:53] Installing org.eclipse.ecf.filetransfer.feature.feature.jar [3.14.4.v20181013-2146]
[2019-01-16 08:33:53] Installing org.eclipse.ecf.filetransfer.httpclient4.feature.feature.group [3.14.4.v20181013-2146]
[2019-01-16 08:33:53] Installing org.eclipse.ecf.filetransfer.httpclient4.feature.feature.jar [3.14.4.v20181013-2146]
[2019-01-16 08:33:53] Installing org.eclipse.ecf.filetransfer.httpclient4.ssl.feature.feature.group [1.1.100.v20180301-0132]
[2019-01-16 08:33:53] Installing org.eclipse.ecf.filetransfer.httpclient4.ssl.feature.feature.jar [1.1.100.v20180301-0132]
[2019-01-16 08:33:53] Installing org.eclipse.ecf.filetransfer.ssl.feature.feature.group [1.1.100.v20180301-0132]
[2019-01-16 08:33:53] Installing org.eclipse.ecf.filetransfer.ssl.feature.feature.jar [1.1.100.v20180301-0132]
[2019-01-16 08:33:53] Installing org.eclipse.ecf.identity [3.9.1.v20180810-0833]
[2019-01-16 08:33:53] Installing org.eclipse.ecf.provider.filetransfer [3.2.400.v20180306-0429]
[2019-01-16 08:33:53] Installing org.eclipse.ecf.provider.filetransfer.httpclient4 [1.1.300.v20180301-0132]
[2019-01-16 08:33:53] Installing org.eclipse.ecf.provider.filetransfer.httpclient4.ssl [1.1.100.v20180301-0132]
[2019-01-16 08:33:53] Installing org.eclipse.ecf.provider.filetransfer.ssl [1.0.100.v20180301-0132]
[2019-01-16 08:33:53] Installing org.eclipse.ecf.ssl [1.2.100.v20180301-0132]
[2019-01-16 08:33:53] Installing org.eclipse.egit [5.2.0.201812061821-r]
[2019-01-16 08:33:53] Installing org.eclipse.egit.core [5.2.0.201812061821-r]
[2019-01-16 08:33:53] Installing org.eclipse.egit.doc [5.2.0.201812061821-r]
[2019-01-16 08:33:53] Installing org.eclipse.egit.feature.group [5.2.0.201812061821-r]
[2019-01-16 08:33:53] Installing org.eclipse.egit.feature.jar [5.2.0.201812061821-r]
[2019-01-16 08:33:53] Installing org.eclipse.egit.ui [5.2.0.201812061821-r]
[2019-01-16 08:33:53] Installing org.eclipse.emf.common [2.15.0.v20180914-1817]
[2019-01-16 08:33:53] Installing org.eclipse.emf.common.feature.group [2.15.0.v20180914-1817]
[2019-01-16 08:33:53] Installing org.eclipse.emf.common.feature.jar [2.15.0.v20180914-1817]
[2019-01-16 08:33:53] Installing org.eclipse.emf.common.ui [2.15.0.v20181104-0733]
[2019-01-16 08:33:53] Installing org.eclipse.emf.databinding [1.5.0.v20180706-1146]
[2019-01-16 08:33:53] Installing org.eclipse.emf.ecore [2.16.0.v20181124-0637]
[2019-01-16 08:33:53] Installing org.eclipse.emf.ecore.change [2.13.0.v20180706-1146]
[2019-01-16 08:33:53] Installing org.eclipse.emf.ecore.feature.group [2.16.0.v20181124-0637]
[2019-01-16 08:33:53] Installing org.eclipse.emf.ecore.feature.jar [2.16.0.v20181124-0637]
[2019-01-16 08:33:53] Installing org.eclipse.emf.ecore.xmi [2.15.0.v20180706-1146]
[2019-01-16 08:33:53] Installing org.eclipse.emf.edit [2.14.0.v20180823-0456]
[2019-01-16 08:33:53] Installing org.eclipse.emf.edit.ui [2.16.0.v20181104-0733]
[2019-01-16 08:33:53] Installing org.eclipse.epp.logging.aeri.core [2.0.7.v20180504-0806]
[2019-01-16 08:33:53] Installing org.eclipse.epp.logging.aeri.feature.feature.group [2.0.7.v20180504-0806]
[2019-01-16 08:33:53] Installing org.eclipse.epp.logging.aeri.feature.feature.jar [2.0.7.v20180504-0806]
[2019-01-16 08:33:53] Installing org.eclipse.epp.logging.aeri.ide [2.0.7.v20180504-0806]
[2019-01-16 08:33:53] Installing org.eclipse.epp.mpc.core [1.7.3.v20181107-1820]
[2019-01-16 08:33:53] Installing org.eclipse.epp.mpc.feature.group [1.7.3.v20181205-1546]
[2019-01-16 08:33:53] Installing org.eclipse.epp.mpc.feature.jar [1.7.3.v20181205-1546]
[2019-01-16 08:33:53] Installing org.eclipse.epp.mpc.help.ui [1.7.3.v20181107-1820]
[2019-01-16 08:33:53] Installing org.eclipse.epp.mpc.ui [1.7.3.v20181205-1546]
[2019-01-16 08:33:53] Installing org.eclipse.epp.mpc.ui.css [1.7.3.v20181205-1325]
[2019-01-16 08:33:53] Installing org.eclipse.epp.package.common [4.10.0.20181214-0600]
[2019-01-16 08:33:53] Installing org.eclipse.epp.package.common.feature.feature.group [4.10.0.20181214-0600]
[2019-01-16 08:33:53] Installing org.eclipse.epp.package.common.feature.feature.jar [4.10.0.20181214-0600]
[2019-01-16 08:33:53] Installing org.eclipse.epp.package.cpp [4.10.0.20181214-0600]
[2019-01-16 08:33:53] Installing org.eclipse.epp.package.cpp.feature.feature.group [4.10.0.20181214-0600]
[2019-01-16 08:33:53] Installing org.eclipse.epp.package.cpp.feature.feature.jar [4.10.0.20181214-0600]
[2019-01-16 08:33:53] Installing org.eclipse.equinox.app [1.4.0.v20181009-1752]
[2019-01-16 08:33:53] Installing org.eclipse.equinox.bidi [1.1.200.v20180827-1235]
[2019-01-16 08:33:53] Installing org.eclipse.equinox.common [3.10.200.v20181021-1645]
[2019-01-16 08:33:53] Installing org.eclipse.equinox.concurrent [1.1.200.v20180827-1235]
[2019-01-16 08:33:53] Installing org.eclipse.equinox.console [1.3.200.v20181115-0906]
[2019-01-16 08:33:53] Installing org.eclipse.equinox.event [1.5.0.v20181008-1938]
[2019-01-16 08:33:53] Installing org.eclipse.equinox.frameworkadmin [2.1.100.v20180822-1258]
[2019-01-16 08:33:53] Installing org.eclipse.equinox.frameworkadmin.equinox [1.1.100.v20180822-1258]
[2019-01-16 08:33:53] Installing org.eclipse.equinox.http.jetty [3.6.200.v20181115-1346]
[2019-01-16 08:33:53] Installing org.eclipse.equinox.http.registry [1.1.600.v20180827-1235]
[2019-01-16 08:33:53] Installing org.eclipse.equinox.http.servlet [1.5.200.v20181008-1912]
[2019-01-16 08:33:53] Installing org.eclipse.equinox.jsp.jasper [1.1.100.v20180827-1235]
[2019-01-16 08:33:53] Installing org.eclipse.equinox.jsp.jasper.registry [1.1.100.v20180827-1235]
[2019-01-16 08:33:53] Installing org.eclipse.equinox.launcher [1.5.200.v20180922-1751]
[2019-01-16 08:33:53] Installing org.eclipse.equinox.launcher.gtk.linux.x86_64 [1.1.900.v20180922-1751]
[2019-01-16 08:33:53] Installing org.eclipse.equinox.p2.artifact.repository [1.2.200.v20181119-1308]
[2019-01-16 08:33:53] Installing org.eclipse.equinox.p2.console [1.1.100.v20180822-1258]
[2019-01-16 08:33:53] Installing org.eclipse.equinox.p2.core [2.5.100.v20180822-1532]
[2019-01-16 08:33:53] Installing org.eclipse.equinox.p2.core.feature.feature.group [1.6.0.v20181123-1405]
[2019-01-16 08:33:53] Installing org.eclipse.equinox.p2.core.feature.feature.jar [1.6.0.v20181123-1405]
[2019-01-16 08:33:53] Installing org.eclipse.equinox.p2.director [2.4.200.v20181102-0649]
[2019-01-16 08:33:53] Installing org.eclipse.equinox.p2.director.app [1.1.200.v20180822-1302]
[2019-01-16 08:33:53] Installing org.eclipse.equinox.p2.directorywatcher [1.2.100.v20180822-1302]
[2019-01-16 08:33:53] Installing org.eclipse.equinox.p2.discovery [1.1.100.v20180822-1302]
[2019-01-16 08:33:53] Installing org.eclipse.equinox.p2.discovery.compatibility [1.1.100.v20180822-1302]
[2019-01-16 08:33:53] Installing org.eclipse.equinox.p2.discovery.feature.feature.group [1.2.100.v20180822-1357]
[2019-01-16 08:33:53] Installing org.eclipse.equinox.p2.discovery.feature.feature.jar [1.2.100.v20180822-1357]
[2019-01-16 08:33:53] Installing org.eclipse.equinox.p2.engine [2.6.100.v20180822-1302]
[2019-01-16 08:33:53] Installing org.eclipse.equinox.p2.extensionlocation [1.3.100.v20180822-1302]
[2019-01-16 08:33:53] Installing org.eclipse.equinox.p2.extras.feature.feature.group [1.4.200.v20181123-1405]
[2019-01-16 08:33:53] Installing org.eclipse.equinox.p2.extras.feature.feature.jar [1.4.200.v20181123-1405]
[2019-01-16 08:33:53] Installing org.eclipse.equinox.p2.garbagecollector [1.1.100.v20180822-1302]
[2019-01-16 08:33:53] Installing org.eclipse.equinox.p2.jarprocessor [1.1.200.v20180921-1009]
[2019-01-16 08:33:53] Installing org.eclipse.equinox.p2.metadata [2.4.200.v20181102-0649]
[2019-01-16 08:33:53] Installing org.eclipse.equinox.p2.metadata.repository [1.3.100.v20180822-1302]
[2019-01-16 08:33:53] Installing org.eclipse.equinox.p2.operations [2.5.200.v20180928-1359]
[2019-01-16 08:33:53] Installing org.eclipse.equinox.p2.publisher [1.5.100.v20180822-1302]
[2019-01-16 08:33:53] Installing org.eclipse.equinox.p2.publisher.eclipse [1.3.100.v20180822-1354]
[2019-01-16 08:33:53] Installing org.eclipse.equinox.p2.rcp.feature.feature.group [1.4.200.v20181123-1405]
[2019-01-16 08:33:53] Installing org.eclipse.equinox.p2.rcp.feature.feature.jar [1.4.200.v20181123-1405]
[2019-01-16 08:33:53] Installing org.eclipse.equinox.p2.reconciler.dropins [1.3.0.v20181023-0914]
[2019-01-16 08:33:53] Installing org.eclipse.equinox.p2.repository [2.4.200.v20181005-1131]
[2019-01-16 08:33:53] Installing org.eclipse.equinox.p2.repository.tools [2.2.200.v20181102-0649]
[2019-01-16 08:33:53] Installing org.eclipse.equinox.p2.touchpoint.eclipse [2.2.200.v20181123-1405]
[2019-01-16 08:33:53] Installing org.eclipse.equinox.p2.touchpoint.natives [1.3.200.v20180921-1019]
[2019-01-16 08:33:53] Installing org.eclipse.equinox.p2.transport.ecf [1.2.100.v20180822-1354]
[2019-01-16 08:33:53] Installing org.eclipse.equinox.p2.ui [2.5.400.v20181113-1303]
[2019-01-16 08:33:53] Installing org.eclipse.equinox.p2.ui.discovery [1.1.100.v20180822-1357]
[2019-01-16 08:33:53] Installing org.eclipse.equinox.p2.ui.importexport [1.2.100.v20180827-1122]
[2019-01-16 08:33:53] Installing org.eclipse.equinox.p2.ui.sdk [1.1.100.v20180827-1122]
[2019-01-16 08:33:53] Installing org.eclipse.equinox.p2.ui.sdk.scheduler [1.4.200.v20181102-0649]
[2019-01-16 08:33:53] Installing org.eclipse.equinox.p2.updatechecker [1.2.100.v20180827-1122]
[2019-01-16 08:33:53] Installing org.eclipse.equinox.p2.updatesite [1.1.100.v20180827-1122]
[2019-01-16 08:33:53] Installing org.eclipse.equinox.p2.user.ui.feature.group [2.4.200.v20181123-1405]
[2019-01-16 08:33:53] Installing org.eclipse.equinox.p2.user.ui.feature.jar [2.4.200.v20181123-1405]
[2019-01-16 08:33:53] Installing org.eclipse.equinox.preferences [3.7.200.v20180827-1235]
[2019-01-16 08:33:53] Installing org.eclipse.equinox.registry [3.8.200.v20181008-1820]
[2019-01-16 08:33:53] Installing org.eclipse.equinox.security [1.3.0.v20181115-0746]
[2019-01-16 08:33:53] Installing org.eclipse.equinox.security.linux.x86_64 [1.1.200.v20181106-0957]
[2019-01-16 08:33:53] Installing org.eclipse.equinox.security.ui [1.2.200.v20181108-1420]
[2019-01-16 08:33:53] Installing org.eclipse.equinox.simpleconfigurator [1.3.200.v20181101-1115]
[2019-01-16 08:33:53] Installing org.eclipse.equinox.simpleconfigurator.manipulator [2.1.200.v20181123-1405]
[2019-01-16 08:33:53] Installing org.eclipse.equinox.util [1.1.200.v20181008-1820]
[2019-01-16 08:33:53] Installing org.eclipse.help [3.8.200.v20180821-0700]
[2019-01-16 08:33:53] Installing org.eclipse.help.base [4.2.400.v20181206-0815]
[2019-01-16 08:33:53] Installing org.eclipse.help.feature.group [2.2.400.v20181206-0815]
[2019-01-16 08:33:53] Installing org.eclipse.help.feature.jar [2.2.400.v20181206-0815]
[2019-01-16 08:33:53] Installing org.eclipse.help.ui [4.1.300.v20181018-1136]
[2019-01-16 08:33:53] Installing org.eclipse.help.webapp [3.9.300.v20181127-2310]
[2019-01-16 08:33:53] Installing org.eclipse.jdt.core [3.16.0.v20181130-1748]
[2019-01-16 08:33:53] Installing org.eclipse.jetty.continuation [9.4.14.v20181113]
[2019-01-16 08:33:53] Installing org.eclipse.jetty.http [9.4.14.v20181113]
[2019-01-16 08:33:53] Installing org.eclipse.jetty.io [9.4.14.v20181113]
[2019-01-16 08:33:53] Installing org.eclipse.jetty.security [9.4.14.v20181113]
[2019-01-16 08:33:53] Installing org.eclipse.jetty.server [9.4.14.v20181113]
[2019-01-16 08:33:53] Installing org.eclipse.jetty.servlet [9.4.14.v20181113]
[2019-01-16 08:33:53] Installing org.eclipse.jetty.util [9.4.14.v20181113]
[2019-01-16 08:33:53] Installing org.eclipse.jface [3.15.0.v20181123-1505]
[2019-01-16 08:33:53] Installing org.eclipse.jface.databinding [1.8.400.v20181030-1443]
[2019-01-16 08:33:53] Installing org.eclipse.jface.text [3.15.0.v20181119-1708]
[2019-01-16 08:33:53] Installing org.eclipse.jgit [5.2.0.201812061821-r]
[2019-01-16 08:33:53] Installing org.eclipse.jgit.archive [5.2.0.201812061821-r]
[2019-01-16 08:33:53] Installing org.eclipse.jgit.feature.group [5.2.0.201812061821-r]
[2019-01-16 08:33:53] Installing org.eclipse.jgit.feature.jar [5.2.0.201812061821-r]
[2019-01-16 08:33:53] Installing org.eclipse.jgit.ssh.apache [5.2.0.201812061821-r]
[2019-01-16 08:33:53] Installing org.eclipse.jgit.ssh.apache.feature.group [5.2.0.201812061821-r]
[2019-01-16 08:33:53] Installing org.eclipse.jgit.ssh.apache.feature.jar [5.2.0.201812061821-r]
[2019-01-16 08:33:53] Installing org.eclipse.jsch.core [1.3.300.v20181030-1237]
[2019-01-16 08:33:53] Installing org.eclipse.jsch.ui [1.3.300.v20181122-1141]
[2019-01-16 08:33:53] Installing org.eclipse.launchbar.core [2.2.2.201811071421]
[2019-01-16 08:33:53] Installing org.eclipse.launchbar.feature.group [2.2.2.201811071421]
[2019-01-16 08:33:53] Installing org.eclipse.launchbar.feature.jar [2.2.2.201811071421]
[2019-01-16 08:33:53] Installing org.eclipse.launchbar.remote.core [1.0.2.201811071421]
[2019-01-16 08:33:53] Installing org.eclipse.launchbar.remote.feature.group [2.2.2.201811071421]
[2019-01-16 08:33:53] Installing org.eclipse.launchbar.remote.feature.jar [2.2.2.201811071421]
[2019-01-16 08:33:53] Installing org.eclipse.launchbar.remote.ui [1.0.1.201811071421]
[2019-01-16 08:33:53] Installing org.eclipse.launchbar.ui [2.2.2.201811071421]
[2019-01-16 08:33:53] Installing org.eclipse.launchbar.ui.controls [1.0.2.201811071421]
[2019-01-16 08:33:53] Installing org.eclipse.linuxtools.binutils [6.0.0.201812121718]
[2019-01-16 08:33:53] Installing org.eclipse.linuxtools.callgraph [2.0.0.201812121718]
[2019-01-16 08:33:53] Installing org.eclipse.linuxtools.callgraph.core [3.1.0.201812121718]
[2019-01-16 08:33:53] Installing org.eclipse.linuxtools.callgraph.docs [1.0.0.201812121718]
[2019-01-16 08:33:53] Installing org.eclipse.linuxtools.callgraph.feature.feature.group [7.1.0.201812121718]
[2019-01-16 08:33:53] Installing org.eclipse.linuxtools.callgraph.feature.feature.jar [7.1.0.201812121718]
[2019-01-16 08:33:53] Installing org.eclipse.linuxtools.callgraph.launch [2.1.0.201812121718]
[2019-01-16 08:33:53] Installing org.eclipse.linuxtools.cdt.libhover [1.2.0.201812121718]
[2019-01-16 08:33:53] Installing org.eclipse.linuxtools.cdt.libhover.devhelp [1.1.0.201812121718]
[2019-01-16 08:33:53] Installing org.eclipse.linuxtools.cdt.libhover.devhelp.feature.feature.group [7.1.0.201812121718]
[2019-01-16 08:33:53] Installing org.eclipse.linuxtools.cdt.libhover.devhelp.feature.feature.jar [7.1.0.201812121718]
[2019-01-16 08:33:53] Installing org.eclipse.linuxtools.cdt.libhover.feature.feature.group [7.1.0.201812121718]
[2019-01-16 08:33:53] Installing org.eclipse.linuxtools.cdt.libhover.feature.feature.jar [7.1.0.201812121718]
[2019-01-16 08:33:53] Installing org.eclipse.linuxtools.cdt.libhover.glibc [1.2.1.201812121718]
[2019-01-16 08:33:53] Installing org.eclipse.linuxtools.cdt.libhover.library.docs [1.0.2.201812121718]
[2019-01-16 08:33:53] Installing org.eclipse.linuxtools.changelog.c.feature.group [7.1.0.201812121718]
[2019-01-16 08:33:53] Installing org.eclipse.linuxtools.changelog.c.feature.jar [7.1.0.201812121718]
[2019-01-16 08:33:53] Installing org.eclipse.linuxtools.changelog.core [3.0.0.201812121718]
[2019-01-16 08:33:53] Installing org.eclipse.linuxtools.changelog.cparser [2.7.0.201812121718]
[2019-01-16 08:33:53] Installing org.eclipse.linuxtools.changelog.doc [2.7.1.201812121718]
[2019-01-16 08:33:53] Installing org.eclipse.linuxtools.dataviewers [6.1.0.201812121718]
[2019-01-16 08:33:53] Installing org.eclipse.linuxtools.dataviewers.charts [6.0.0.201812121718]
[2019-01-16 08:33:53] Installing org.eclipse.linuxtools.dataviewers.piechart [2.0.1.201812121718]
[2019-01-16 08:33:53] Installing org.eclipse.linuxtools.docker.core [4.1.0.201812121718]
[2019-01-16 08:33:53] Installing org.eclipse.linuxtools.docker.editor [1.0.0.201812121718]
[2019-01-16 08:33:53] Installing org.eclipse.linuxtools.docker.ui [4.1.0.201812121718]
[2019-01-16 08:33:53] Installing org.eclipse.linuxtools.gcov.core [6.0.0.201812121718]
[2019-01-16 08:33:53] Installing org.eclipse.linuxtools.gcov.docs [1.0.0.201812121718]
[2019-01-16 08:33:53] Installing org.eclipse.linuxtools.gcov.feature.group [7.1.0.201812121718]
[2019-01-16 08:33:53] Installing org.eclipse.linuxtools.gcov.feature.jar [7.1.0.201812121718]
[2019-01-16 08:33:53] Installing org.eclipse.linuxtools.gcov.launch [1.2.0.201812121718]
[2019-01-16 08:33:53] Installing org.eclipse.linuxtools.gprof [5.1.0.201812121718]
[2019-01-16 08:33:53] Installing org.eclipse.linuxtools.gprof.docs [1.0.0.201812121718]
[2019-01-16 08:33:53] Installing org.eclipse.linuxtools.gprof.feature.feature.group [7.1.0.201812121718]
[2019-01-16 08:33:53] Installing org.eclipse.linuxtools.gprof.feature.feature.jar [7.1.0.201812121718]
[2019-01-16 08:33:53] Installing org.eclipse.linuxtools.gprof.launch [1.2.0.201812121718]
[2019-01-16 08:33:53] Installing org.eclipse.linuxtools.man.core [1.5.0.201812121718]
[2019-01-16 08:33:53] Installing org.eclipse.linuxtools.oprofile.core [3.0.0.201812121718]
[2019-01-16 08:33:53] Installing org.eclipse.linuxtools.oprofile.doc [1.0.0.201812121718]
[2019-01-16 08:33:53] Installing org.eclipse.linuxtools.oprofile.feature.feature.group [7.1.0.201812121718]
[2019-01-16 08:33:53] Installing org.eclipse.linuxtools.oprofile.feature.feature.jar [7.1.0.201812121718]
[2019-01-16 08:33:53] Installing org.eclipse.linuxtools.oprofile.launch [1.1.0.201812121718]
[2019-01-16 08:33:53] Installing org.eclipse.linuxtools.oprofile.ui [2.2.0.201812121718]
[2019-01-16 08:33:53] Installing org.eclipse.linuxtools.perf [1.3.0.201812121718]
[2019-01-16 08:33:53] Installing org.eclipse.linuxtools.perf.doc [1.0.0.201812121718]
[2019-01-16 08:33:53] Installing org.eclipse.linuxtools.perf.feature.feature.group [7.1.0.201812121718]
[2019-01-16 08:33:53] Installing org.eclipse.linuxtools.perf.feature.feature.jar [7.1.0.201812121718]
[2019-01-16 08:33:53] Installing org.eclipse.linuxtools.profiling.docs [1.0.0.201812121718]
[2019-01-16 08:33:53] Installing org.eclipse.linuxtools.profiling.feature.group [7.1.0.201812121718]
[2019-01-16 08:33:53] Installing org.eclipse.linuxtools.profiling.feature.jar [7.1.0.201812121718]
[2019-01-16 08:33:53] Installing org.eclipse.linuxtools.profiling.launch [3.3.0.201812121718]
[2019-01-16 08:33:53] Installing org.eclipse.linuxtools.profiling.ui [3.2.0.201812121718]
[2019-01-16 08:33:53] Installing org.eclipse.linuxtools.profiling.ui.capability [1.0.0.201812121718]
[2019-01-16 08:33:53] Installing org.eclipse.linuxtools.rpm.core [3.1.0.201812121718]
[2019-01-16 08:33:53] Installing org.eclipse.linuxtools.rpm.createrepo [1.0.0.201812121718]
[2019-01-16 08:33:53] Installing org.eclipse.linuxtools.rpm.feature.group [7.1.0.201812121718]
[2019-01-16 08:33:53] Installing org.eclipse.linuxtools.rpm.feature.jar [7.1.0.201812121718]
[2019-01-16 08:33:53] Installing org.eclipse.linuxtools.rpm.rpmlint [1.1.0.201812121718]
[2019-01-16 08:33:53] Installing org.eclipse.linuxtools.rpm.ui [1.1.0.201812121718]
[2019-01-16 08:33:53] Installing org.eclipse.linuxtools.rpm.ui.editor [4.0.0.201812121718]
[2019-01-16 08:33:53] Installing org.eclipse.linuxtools.rpm.ui.editor.doc [1.0.0.201812121718]
[2019-01-16 08:33:53] Installing org.eclipse.linuxtools.rpmstubby [1.2.0.201812121718]
[2019-01-16 08:33:53] Installing org.eclipse.linuxtools.systemtap.feature.group [7.1.0.201812121718]
[2019-01-16 08:33:53] Installing org.eclipse.linuxtools.systemtap.feature.jar [7.1.0.201812121718]
[2019-01-16 08:33:53] Installing org.eclipse.linuxtools.systemtap.graphing.core [2.1.0.201812121718]
[2019-01-16 08:33:53] Installing org.eclipse.linuxtools.systemtap.graphing.ui [4.1.0.201812121718]
[2019-01-16 08:33:53] Installing org.eclipse.linuxtools.systemtap.structures [4.2.0.201812121718]
[2019-01-16 08:33:53] Installing org.eclipse.linuxtools.systemtap.ui.consolelog [4.0.0.201812121718]
[2019-01-16 08:33:53] Installing org.eclipse.linuxtools.systemtap.ui.doc [2.6.5.201812121718]
[2019-01-16 08:33:53] Installing org.eclipse.linuxtools.systemtap.ui.ide [2.3.0.201812121718]
[2019-01-16 08:33:53] Installing org.eclipse.linuxtools.tools.launch.core [3.3.0.201812121718]
[2019-01-16 08:33:53] Installing org.eclipse.linuxtools.tools.launch.ui [2.0.0.201812121718]
[2019-01-16 08:33:53] Installing org.eclipse.linuxtools.valgrind.cachegrind [1.1.0.201812121718]
[2019-01-16 08:33:53] Installing org.eclipse.linuxtools.valgrind.core [1.1.0.201812121718]
[2019-01-16 08:33:53] Installing org.eclipse.linuxtools.valgrind.doc [1.0.0.201812121718]
[2019-01-16 08:33:53] Installing org.eclipse.linuxtools.valgrind.feature.group [7.1.0.201812121718]
[2019-01-16 08:33:53] Installing org.eclipse.linuxtools.valgrind.feature.jar [7.1.0.201812121718]
[2019-01-16 08:33:53] Installing org.eclipse.linuxtools.valgrind.helgrind [1.1.0.201812121718]
[2019-01-16 08:33:53] Installing org.eclipse.linuxtools.valgrind.launch [3.0.0.201812121718]
[2019-01-16 08:33:53] Installing org.eclipse.linuxtools.valgrind.massif [1.1.0.201812121718]
[2019-01-16 08:33:53] Installing org.eclipse.linuxtools.valgrind.memcheck [1.1.0.201812121718]
[2019-01-16 08:33:53] Installing org.eclipse.linuxtools.valgrind.ui [2.1.0.201812121718]
[2019-01-16 08:33:53] Installing org.eclipse.linuxtools.valgrind.ui.editor [1.0.0.201812121718]
[2019-01-16 08:33:53] Installing org.eclipse.ltk.core.refactoring [3.9.200.v20181024-1629]
[2019-01-16 08:33:53] Installing org.eclipse.ltk.ui.refactoring [3.9.200.v20180828-0626]
[2019-01-16 08:33:53] Installing org.eclipse.mylyn.bugzilla.core [3.24.2.v20180905-0003]
[2019-01-16 08:33:53] Installing org.eclipse.mylyn.bugzilla.ide [3.24.2.v20180905-0014]
[2019-01-16 08:33:53] Installing org.eclipse.mylyn.bugzilla.ui [3.24.2.v20180905-0003]
[2019-01-16 08:33:53] Installing org.eclipse.mylyn.bugzilla_feature.feature.group [3.24.2.v20180905-0003]
[2019-01-16 08:33:53] Installing org.eclipse.mylyn.bugzilla_feature.feature.jar [3.24.2.v20180905-0003]
[2019-01-16 08:33:53] Installing org.eclipse.mylyn.commons.core [3.24.2.v20180904-2231]
[2019-01-16 08:33:53] Installing org.eclipse.mylyn.commons.feature.group [3.24.2.v20180904-2231]
[2019-01-16 08:33:53] Installing org.eclipse.mylyn.commons.feature.jar [3.24.2.v20180904-2231]
[2019-01-16 08:33:53] Installing org.eclipse.mylyn.commons.identity.core [1.16.0.v20180904-2231]
[2019-01-16 08:33:53] Installing org.eclipse.mylyn.commons.identity.feature.group [1.16.0.v20180904-2231]
[2019-01-16 08:33:53] Installing org.eclipse.mylyn.commons.identity.feature.jar [1.16.0.v20180904-2231]
[2019-01-16 08:33:53] Installing org.eclipse.mylyn.commons.net [3.24.2.v20180904-2231]
[2019-01-16 08:33:53] Installing org.eclipse.mylyn.commons.notifications.core [1.16.0.v20180904-2231]
[2019-01-16 08:33:53] Installing org.eclipse.mylyn.commons.notifications.feature.group [1.16.0.v20180904-2231]
[2019-01-16 08:33:53] Installing org.eclipse.mylyn.commons.notifications.feature.jar [1.16.0.v20180904-2231]
[2019-01-16 08:33:53] Installing org.eclipse.mylyn.commons.notifications.feed [1.16.0.v20180904-2231]
[2019-01-16 08:33:53] Installing org.eclipse.mylyn.commons.notifications.ui [1.16.0.v20180904-2231]
[2019-01-16 08:33:53] Installing org.eclipse.mylyn.commons.repositories.core [1.16.0.v20180904-2231]
[2019-01-16 08:33:53] Installing org.eclipse.mylyn.commons.repositories.feature.group [1.16.0.v20180904-2231]
[2019-01-16 08:33:53] Installing org.eclipse.mylyn.commons.repositories.feature.jar [1.16.0.v20180904-2231]
[2019-01-16 08:33:53] Installing org.eclipse.mylyn.commons.repositories.ui [1.16.0.v20180904-2231]
[2019-01-16 08:33:53] Installing org.eclipse.mylyn.commons.screenshots [3.24.2.v20180904-2231]
[2019-01-16 08:33:53] Installing org.eclipse.mylyn.commons.ui [3.24.2.v20180904-2231]
[2019-01-16 08:33:53] Installing org.eclipse.mylyn.commons.workbench [3.24.2.v20180904-2231]
[2019-01-16 08:33:53] Installing org.eclipse.mylyn.commons.xmlrpc [3.24.2.v20180904-2231]
[2019-01-16 08:33:53] Installing org.eclipse.mylyn.context.core [3.24.2.v20180905-0014]
[2019-01-16 08:33:53] Installing org.eclipse.mylyn.context.tasks.ui [3.24.2.v20180905-0014]
[2019-01-16 08:33:53] Installing org.eclipse.mylyn.context.ui [3.24.2.v20180905-0014]
[2019-01-16 08:33:53] Installing org.eclipse.mylyn.context_feature.feature.group [3.24.2.v20180905-0014]
[2019-01-16 08:33:53] Installing org.eclipse.mylyn.context_feature.feature.jar [3.24.2.v20180905-0014]
[2019-01-16 08:33:53] Installing org.eclipse.mylyn.discovery.core [3.24.2.v20180904-2231]
[2019-01-16 08:33:53] Installing org.eclipse.mylyn.discovery.feature.group [3.24.2.v20180904-2231]
[2019-01-16 08:33:53] Installing org.eclipse.mylyn.discovery.feature.jar [3.24.2.v20180904-2231]
[2019-01-16 08:33:53] Installing org.eclipse.mylyn.discovery.ui [3.24.2.v20180904-2231]
[2019-01-16 08:33:53] Installing org.eclipse.mylyn.help.ui [3.24.2.v20180905-0003]
[2019-01-16 08:33:53] Installing org.eclipse.mylyn.ide.ui [3.24.2.v20180905-0014]
[2019-01-16 08:33:53] Installing org.eclipse.mylyn.ide_feature.feature.group [3.24.2.v20180905-0014]
[2019-01-16 08:33:53] Installing org.eclipse.mylyn.ide_feature.feature.jar [3.24.2.v20180905-0014]
[2019-01-16 08:33:53] Installing org.eclipse.mylyn.monitor.core [3.24.2.v20180904-2231]
[2019-01-16 08:33:53] Installing org.eclipse.mylyn.monitor.feature.group [3.24.2.v20180904-2231]
[2019-01-16 08:33:53] Installing org.eclipse.mylyn.monitor.feature.jar [3.24.2.v20180904-2231]
[2019-01-16 08:33:53] Installing org.eclipse.mylyn.monitor.ui [3.24.2.v20180904-2231]
[2019-01-16 08:33:53] Installing org.eclipse.mylyn.resources.ui [3.24.2.v20180905-0014]
[2019-01-16 08:33:53] Installing org.eclipse.mylyn.tasks.bugs [3.24.2.v20180905-0003]
[2019-01-16 08:33:53] Installing org.eclipse.mylyn.tasks.core [3.24.2.v20180905-0003]
[2019-01-16 08:33:53] Installing org.eclipse.mylyn.tasks.ide.feature.group [3.24.2.v20180905-0003]
[2019-01-16 08:33:53] Installing org.eclipse.mylyn.tasks.ide.feature.jar [3.24.2.v20180905-0003]
[2019-01-16 08:33:53] Installing org.eclipse.mylyn.tasks.index.core [3.24.2.v20180905-0003]
[2019-01-16 08:33:53] Installing org.eclipse.mylyn.tasks.index.ui [3.24.2.v20180905-0003]
[2019-01-16 08:33:53] Installing org.eclipse.mylyn.tasks.search [3.24.2.v20180905-0003]
[2019-01-16 08:33:53] Installing org.eclipse.mylyn.tasks.ui [3.24.2.v20180905-0003]
[2019-01-16 08:33:53] Installing org.eclipse.mylyn.team.ui [3.24.2.v20180905-0014]
[2019-01-16 08:33:53] Installing org.eclipse.mylyn.team_feature.feature.group [3.24.2.v20180905-0014]
[2019-01-16 08:33:53] Installing org.eclipse.mylyn.team_feature.feature.jar [3.24.2.v20180905-0014]
[2019-01-16 08:33:53] Installing org.eclipse.mylyn.wikitext [3.0.25.20180620133858]
[2019-01-16 08:33:53] Installing org.eclipse.mylyn.wikitext.ant [3.0.25.20180620133858]
[2019-01-16 08:33:53] Installing org.eclipse.mylyn.wikitext.asciidoc [3.0.25.20180620133858]
[2019-01-16 08:33:53] Installing org.eclipse.mylyn.wikitext.asciidoc.ui [3.0.25.201806201740]
[2019-01-16 08:33:53] Installing org.eclipse.mylyn.wikitext.confluence [3.0.25.20180620133858]
[2019-01-16 08:33:53] Installing org.eclipse.mylyn.wikitext.confluence.ui [3.0.25.201806201740]
[2019-01-16 08:33:53] Installing org.eclipse.mylyn.wikitext.context.ui [3.0.25.201806201740]
[2019-01-16 08:33:53] Installing org.eclipse.mylyn.wikitext.editors_feature.feature.group [3.0.25.201806201740]
[2019-01-16 08:33:53] Installing org.eclipse.mylyn.wikitext.editors_feature.feature.jar [3.0.25.201806201740]
[2019-01-16 08:33:53] Installing org.eclipse.mylyn.wikitext.help.ui [3.0.25.201806201740]
[2019-01-16 08:33:53] Installing org.eclipse.mylyn.wikitext.html [3.0.25.20180620133858]
[2019-01-16 08:33:53] Installing org.eclipse.mylyn.wikitext.markdown [3.0.25.20180620133858]
[2019-01-16 08:33:53] Installing org.eclipse.mylyn.wikitext.markdown.ui [3.0.25.201806201740]
[2019-01-16 08:33:53] Installing org.eclipse.mylyn.wikitext.mediawiki [3.0.25.20180620133858]
[2019-01-16 08:33:53] Installing org.eclipse.mylyn.wikitext.mediawiki.ui [3.0.25.201806201740]
[2019-01-16 08:33:53] Installing org.eclipse.mylyn.wikitext.osgi [3.0.25.201806201740]
[2019-01-16 08:33:53] Installing org.eclipse.mylyn.wikitext.tasks.ui [3.0.25.201806201740]
[2019-01-16 08:33:53] Installing org.eclipse.mylyn.wikitext.textile [3.0.25.20180620133858]
[2019-01-16 08:33:53] Installing org.eclipse.mylyn.wikitext.textile.ui [3.0.25.201806201740]
[2019-01-16 08:33:53] Installing org.eclipse.mylyn.wikitext.tracwiki [3.0.25.20180620133858]
[2019-01-16 08:33:53] Installing org.eclipse.mylyn.wikitext.tracwiki.ui [3.0.25.201806201740]
[2019-01-16 08:33:53] Installing org.eclipse.mylyn.wikitext.twiki [3.0.25.20180620133858]
[2019-01-16 08:33:53] Installing org.eclipse.mylyn.wikitext.twiki.ui [3.0.25.201806201740]
[2019-01-16 08:33:53] Installing org.eclipse.mylyn.wikitext.ui [3.0.25.201806201740]
[2019-01-16 08:33:53] Installing org.eclipse.mylyn.wikitext_feature.feature.group [3.0.25.201806201740]
[2019-01-16 08:33:53] Installing org.eclipse.mylyn.wikitext_feature.feature.jar [3.0.25.201806201740]
[2019-01-16 08:33:53] Installing org.eclipse.mylyn_feature.feature.group [3.24.2.v20180905-0003]
[2019-01-16 08:33:53] Installing org.eclipse.mylyn_feature.feature.jar [3.24.2.v20180905-0003]
[2019-01-16 08:33:53] Installing org.eclipse.nebula.widgets.tablecombo [1.2.0.201812032110]
[2019-01-16 08:33:53] Installing org.eclipse.oomph.base [1.10.0.v20180706-1242]
[2019-01-16 08:33:53] Installing org.eclipse.oomph.base.edit [1.10.0.v20180706-1242]
[2019-01-16 08:33:53] Installing org.eclipse.oomph.extractor.lib [1.5.0.v20180706-1242]
[2019-01-16 08:33:53] Installing org.eclipse.oomph.jreinfo [1.10.0.v20180706-1242]
[2019-01-16 08:33:53] Installing org.eclipse.oomph.jreinfo.ui [1.10.0.v20180706-1242]
[2019-01-16 08:33:53] Installing org.eclipse.oomph.p2 [1.10.0.v20180706-1242]
[2019-01-16 08:33:53] Installing org.eclipse.oomph.p2.core [1.11.0.v20181203-0741]
[2019-01-16 08:33:53] Installing org.eclipse.oomph.p2.doc [1.10.0.v20180706-1242]
[2019-01-16 08:33:53] Installing org.eclipse.oomph.p2.edit [1.10.0.v20180706-1242]
[2019-01-16 08:33:53] Installing org.eclipse.oomph.p2.feature.group [1.11.0.v20181203-0741]
[2019-01-16 08:33:53] Installing org.eclipse.oomph.p2.feature.jar [1.11.0.v20181203-0741]
[2019-01-16 08:33:53] Installing org.eclipse.oomph.p2.ui [1.10.0.v20180829-1028]
[2019-01-16 08:33:53] Installing org.eclipse.oomph.predicates [1.10.0.v20180706-1242]
[2019-01-16 08:33:53] Installing org.eclipse.oomph.predicates.edit [1.10.0.v20180706-1242]
[2019-01-16 08:33:53] Installing org.eclipse.oomph.preferences [1.10.0.v20180706-1242]
[2019-01-16 08:33:53] Installing org.eclipse.oomph.resources [1.10.0.v20180828-0657]
[2019-01-16 08:33:53] Installing org.eclipse.oomph.resources.edit [1.10.0.v20180706-1242]
[2019-01-16 08:33:53] Installing org.eclipse.oomph.setup [1.10.0.v20180914-1031]
[2019-01-16 08:33:53] Installing org.eclipse.oomph.setup.core [1.11.0.v20181203-0741]
[2019-01-16 08:33:53] Installing org.eclipse.oomph.setup.core.feature.group [1.11.0.v20181203-0741]
[2019-01-16 08:33:53] Installing org.eclipse.oomph.setup.core.feature.jar [1.11.0.v20181203-0741]
[2019-01-16 08:33:53] Installing org.eclipse.oomph.setup.doc [1.10.0.v20180706-1242]
[2019-01-16 08:33:53] Installing org.eclipse.oomph.setup.edit [1.10.0.v20180706-1242]
[2019-01-16 08:33:53] Installing org.eclipse.oomph.setup.editor [1.10.0.v20180821-1848]
[2019-01-16 08:33:53] Installing org.eclipse.oomph.setup.feature.group [1.11.0.v20181203-0741]
[2019-01-16 08:33:53] Installing org.eclipse.oomph.setup.feature.jar [1.11.0.v20181203-0741]
[2019-01-16 08:33:53] Installing org.eclipse.oomph.setup.p2 [1.10.0.v20180706-1242]
[2019-01-16 08:33:53] Installing org.eclipse.oomph.setup.p2.edit [1.10.0.v20180706-1242]
[2019-01-16 08:33:53] Installing org.eclipse.oomph.setup.sync [1.10.0.v20180706-1242]
[2019-01-16 08:33:53] Installing org.eclipse.oomph.setup.ui [1.11.0.v20181203-0741]
[2019-01-16 08:33:53] Installing org.eclipse.oomph.setup.ui.questionnaire [1.10.0.v20180706-1242]
[2019-01-16 08:33:53] Installing org.eclipse.oomph.ui [1.10.0.v20181120-0728]
[2019-01-16 08:33:53] Installing org.eclipse.oomph.util [1.11.0.v20180914-1338]
[2019-01-16 08:33:53] Installing org.eclipse.oomph.workingsets [1.10.0.v20180706-1242]
[2019-01-16 08:33:53] Installing org.eclipse.oomph.workingsets.edit [1.10.0.v20180706-1242]
[2019-01-16 08:33:53] Installing org.eclipse.oomph.workingsets.editor [1.10.0.v20180904-1112]
[2019-01-16 08:33:53] Installing org.eclipse.osgi [3.13.200.v20181130-2106]
[2019-01-16 08:33:53] Installing org.eclipse.osgi.compatibility.state [1.1.300.v20181116-1550]
[2019-01-16 08:33:53] Installing org.eclipse.osgi.services [3.7.100.v20180827-1536]
[2019-01-16 08:33:53] Installing org.eclipse.osgi.util [3.5.100.v20180827-1536]
[2019-01-16 08:33:53] Installing org.eclipse.platform [4.10.0.v20181206-0815]
[2019-01-16 08:33:53] Installing org.eclipse.platform.doc.user [4.10.0.v20181206-0718]
[2019-01-16 08:33:53] Installing org.eclipse.platform.feature.group [4.10.0.v20181206-0815]
[2019-01-16 08:33:53] Installing org.eclipse.platform.feature.jar [4.10.0.v20181206-0815]
[2019-01-16 08:33:53] Installing org.eclipse.platform.ide [4.10.0.I20181206-0815]
[2019-01-16 08:33:53] Installing org.eclipse.platform.ide.executable.gtk.linux.x86_64 [4.10.0.I20181206-0815]
[2019-01-16 08:33:53] Installing org.eclipse.platform.ide.executable.gtk.linux.x86_64.eclipse [4.10.0.I20181206-0815]
[2019-01-16 08:33:53] Installing org.eclipse.platform_root [4.10.0.v20181206-0815]
[2019-01-16 08:33:53] Installing org.eclipse.rcp [4.10.0.v20181206-0815]
[2019-01-16 08:33:53] Installing org.eclipse.rcp.feature.group [4.10.0.v20181206-0815]
[2019-01-16 08:33:53] Installing org.eclipse.rcp.feature.jar [4.10.0.v20181206-0815]
[2019-01-16 08:33:53] Installing org.eclipse.rcp_root [4.10.0.v20181206-0815]
[2019-01-16 08:33:53] Installing org.eclipse.remote.console [1.2.0.201803121903]
[2019-01-16 08:33:53] Installing org.eclipse.remote.console.feature.group [3.0.0.201803121903]
[2019-01-16 08:33:53] Installing org.eclipse.remote.console.feature.jar [3.0.0.201803121903]
[2019-01-16 08:33:53] Installing org.eclipse.remote.core [4.0.0.201803121903]
[2019-01-16 08:33:53] Installing org.eclipse.remote.doc.isv [1.0.0.201803121903]
[2019-01-16 08:33:53] Installing org.eclipse.remote.feature.group [3.0.0.201803121903]
[2019-01-16 08:33:53] Installing org.eclipse.remote.feature.jar [3.0.0.201803121903]
[2019-01-16 08:33:53] Installing org.eclipse.remote.jsch.core [1.0.0.201803121903]
[2019-01-16 08:33:53] Installing org.eclipse.remote.jsch.ui [1.0.0.201803121903]
[2019-01-16 08:33:53] Installing org.eclipse.remote.serial.core [1.0.0.201803121903]
[2019-01-16 08:33:53] Installing org.eclipse.remote.serial.feature.group [3.0.0.201803121903]
[2019-01-16 08:33:53] Installing org.eclipse.remote.serial.feature.jar [3.0.0.201803121903]
[2019-01-16 08:33:53] Installing org.eclipse.remote.serial.ui [1.0.0.201803121903]
[2019-01-16 08:33:53] Installing org.eclipse.remote.telnet.core [1.0.0.201803121903]
[2019-01-16 08:33:53] Installing org.eclipse.remote.telnet.ui [1.0.0.201803121903]
[2019-01-16 08:33:53] Installing org.eclipse.remote.ui [2.1.0.201803121903]
[2019-01-16 08:33:53] Installing org.eclipse.search [3.11.400.v20181028-0633]
[2019-01-16 08:33:53] Installing org.eclipse.swt [3.109.0.v20181204-1801]
[2019-01-16 08:33:53] Installing org.eclipse.swt.gtk.linux.x86_64 [3.109.0.v20181204-1801]
[2019-01-16 08:33:53] Installing org.eclipse.team.core [3.8.400.v20181109-0825]
[2019-01-16 08:33:53] Installing org.eclipse.team.genericeditor.diff.extension [1.0.200.v20180827-1041]
[2019-01-16 08:33:53] Installing org.eclipse.team.ui [3.8.300.v20181030-1259]
[2019-01-16 08:33:53] Installing org.eclipse.text [3.8.0.v20180923-1636]
[2019-01-16 08:33:53] Installing org.eclipse.tm.terminal.connector.cdtserial [4.5.1.201811011621]
[2019-01-16 08:33:53] Installing org.eclipse.tm.terminal.connector.cdtserial.feature.feature.group [4.5.1.201811011802]
[2019-01-16 08:33:53] Installing org.eclipse.tm.terminal.connector.cdtserial.feature.feature.jar [4.5.1.201811011802]
[2019-01-16 08:33:53] Installing org.eclipse.tm.terminal.connector.local [4.5.1.201811011621]
[2019-01-16 08:33:53] Installing org.eclipse.tm.terminal.connector.local.feature.feature.group [4.5.1.201811011802]
[2019-01-16 08:33:53] Installing org.eclipse.tm.terminal.connector.local.feature.feature.jar [4.5.1.201811011802]
[2019-01-16 08:33:53] Installing org.eclipse.tm.terminal.connector.process [4.5.1.201811011621]
[2019-01-16 08:33:53] Installing org.eclipse.tm.terminal.connector.ssh [4.5.1.201811011621]
[2019-01-16 08:33:53] Installing org.eclipse.tm.terminal.connector.ssh.feature.feature.group [4.5.1.201811011802]
[2019-01-16 08:33:53] Installing org.eclipse.tm.terminal.connector.ssh.feature.feature.jar [4.5.1.201811011802]
[2019-01-16 08:33:53] Installing org.eclipse.tm.terminal.connector.telnet [4.5.1.201811011621]
[2019-01-16 08:33:53] Installing org.eclipse.tm.terminal.connector.telnet.feature.feature.group [4.5.1.201811011802]
[2019-01-16 08:33:53] Installing org.eclipse.tm.terminal.connector.telnet.feature.feature.jar [4.5.1.201811011802]
[2019-01-16 08:33:53] Installing org.eclipse.tm.terminal.control [4.5.1.201811011621]
[2019-01-16 08:33:53] Installing org.eclipse.tm.terminal.control.feature.feature.group [4.5.1.201811011802]
[2019-01-16 08:33:53] Installing org.eclipse.tm.terminal.control.feature.feature.jar [4.5.1.201811011802]
[2019-01-16 08:33:53] Installing org.eclipse.tm.terminal.feature.feature.group [4.5.1.201811011802]
[2019-01-16 08:33:53] Installing org.eclipse.tm.terminal.feature.feature.jar [4.5.1.201811011802]
[2019-01-16 08:33:53] Installing org.eclipse.tm.terminal.view.core [4.5.1.201811011621]
[2019-01-16 08:33:53] Installing org.eclipse.tm.terminal.view.feature.feature.group [4.5.1.201811011802]
[2019-01-16 08:33:53] Installing org.eclipse.tm.terminal.view.feature.feature.jar [4.5.1.201811011802]
[2019-01-16 08:33:53] Installing org.eclipse.tm.terminal.view.ui [4.5.1.201811011621]
[2019-01-16 08:33:53] Installing org.eclipse.tm4e.core [0.3.0.201812041257]
[2019-01-16 08:33:53] Installing org.eclipse.tm4e.registry [0.3.0.201812041257]
[2019-01-16 08:33:53] Installing org.eclipse.tm4e.ui [0.3.0.201812041257]
[2019-01-16 08:33:53] Installing org.eclipse.tools.templates.core [1.1.0.201812111206]
[2019-01-16 08:33:53] Installing org.eclipse.tools.templates.freemarker [1.0.0.201812111206]
[2019-01-16 08:33:53] Installing org.eclipse.tools.templates.freemarker.java11 [1.0.0.201812111206]
[2019-01-16 08:33:53] Installing org.eclipse.tools.templates.ui [1.1.1.201812111206]
[2019-01-16 08:33:53] Installing org.eclipse.tracecompass.analysis.counters.core [2.0.1.201812120704]
[2019-01-16 08:33:53] Installing org.eclipse.tracecompass.analysis.counters.ui [0.0.4.201812120704]
[2019-01-16 08:33:53] Installing org.eclipse.tracecompass.analysis.graph.core [2.1.1.201812120704]
[2019-01-16 08:33:53] Installing org.eclipse.tracecompass.analysis.graph.ui [1.0.7.201812120704]
[2019-01-16 08:33:53] Installing org.eclipse.tracecompass.analysis.lami.core [1.0.5.201812120704]
[2019-01-16 08:33:53] Installing org.eclipse.tracecompass.analysis.lami.ui [1.0.4.201812120704]
[2019-01-16 08:33:53] Installing org.eclipse.tracecompass.analysis.os.linux.core [3.1.0.201812120704]
[2019-01-16 08:33:53] Installing org.eclipse.tracecompass.analysis.os.linux.ui [3.0.2.201812120704]
[2019-01-16 08:33:53] Installing org.eclipse.tracecompass.analysis.profiling.core [1.1.1.201812120704]
[2019-01-16 08:33:53] Installing org.eclipse.tracecompass.analysis.profiling.ui [1.0.2.201812120704]
[2019-01-16 08:33:53] Installing org.eclipse.tracecompass.analysis.timing.core [4.1.1.201812120704]
[2019-01-16 08:33:53] Installing org.eclipse.tracecompass.analysis.timing.ui [3.1.0.201812120704]
[2019-01-16 08:33:53] Installing org.eclipse.tracecompass.common.core [3.2.0.201812120704]
[2019-01-16 08:33:53] Installing org.eclipse.tracecompass.ctf.core [3.0.2.201812120704]
[2019-01-16 08:33:53] Installing org.eclipse.tracecompass.ctf.feature.group [4.2.0.201812120704]
[2019-01-16 08:33:53] Installing org.eclipse.tracecompass.ctf.feature.jar [4.2.0.201812120704]
[2019-01-16 08:33:53] Installing org.eclipse.tracecompass.ctf.parser [1.0.2.201812120704]
[2019-01-16 08:33:53] Installing org.eclipse.tracecompass.datastore.core [1.1.3.201812120704]
[2019-01-16 08:33:53] Installing org.eclipse.tracecompass.doc.dev [4.2.0.201812120704]
[2019-01-16 08:33:53] Installing org.eclipse.tracecompass.doc.user [4.2.0.201812120704]
[2019-01-16 08:33:53] Installing org.eclipse.tracecompass.gdbtrace.core [1.0.1.201812120704]
[2019-01-16 08:33:53] Installing org.eclipse.tracecompass.gdbtrace.doc.user [4.2.0.201812120704]
[2019-01-16 08:33:53] Installing org.eclipse.tracecompass.gdbtrace.feature.group [4.2.0.201812120704]
[2019-01-16 08:33:53] Installing org.eclipse.tracecompass.gdbtrace.feature.jar [4.2.0.201812120704]
[2019-01-16 08:33:53] Installing org.eclipse.tracecompass.gdbtrace.ui [1.1.1.201812120704]
[2019-01-16 08:33:53] Installing org.eclipse.tracecompass.lttng2.common.core [1.1.1.201812120704]
[2019-01-16 08:33:53] Installing org.eclipse.tracecompass.lttng2.control.core [1.2.1.201812120704]
[2019-01-16 08:33:53] Installing org.eclipse.tracecompass.lttng2.control.feature.group [4.2.0.201812120704]
[2019-01-16 08:33:53] Installing org.eclipse.tracecompass.lttng2.control.feature.jar [4.2.0.201812120704]
[2019-01-16 08:33:53] Installing org.eclipse.tracecompass.lttng2.control.ui [1.2.5.201812120704]
[2019-01-16 08:33:53] Installing org.eclipse.tracecompass.lttng2.kernel.core [2.2.5.201812120704]
[2019-01-16 08:33:53] Installing org.eclipse.tracecompass.lttng2.kernel.feature.group [4.2.0.201812120704]
[2019-01-16 08:33:53] Installing org.eclipse.tracecompass.lttng2.kernel.feature.jar [4.2.0.201812120704]
[2019-01-16 08:33:53] Installing org.eclipse.tracecompass.lttng2.kernel.ui [1.1.4.201812120704]
[2019-01-16 08:33:53] Installing org.eclipse.tracecompass.lttng2.ust.core [4.0.1.201812120704]
[2019-01-16 08:33:53] Installing org.eclipse.tracecompass.lttng2.ust.feature.group [4.2.0.201812120704]
[2019-01-16 08:33:53] Installing org.eclipse.tracecompass.lttng2.ust.feature.jar [4.2.0.201812120704]
[2019-01-16 08:33:53] Installing org.eclipse.tracecompass.lttng2.ust.ui [3.0.5.201812120704]
[2019-01-16 08:33:53] Installing org.eclipse.tracecompass.segmentstore.core [2.1.1.201812120704]
[2019-01-16 08:33:53] Installing org.eclipse.tracecompass.statesystem.core [4.2.0.201812120704]
[2019-01-16 08:33:53] Installing org.eclipse.tracecompass.tmf.analysis.xml.core [3.2.0.201812120704]
[2019-01-16 08:33:53] Installing org.eclipse.tracecompass.tmf.analysis.xml.ui [2.1.7.201812120704]
[2019-01-16 08:33:53] Installing org.eclipse.tracecompass.tmf.chart.core [1.0.2.201812120704]
[2019-01-16 08:33:53] Installing org.eclipse.tracecompass.tmf.chart.ui [1.0.5.201812120704]
[2019-01-16 08:33:53] Installing org.eclipse.tracecompass.tmf.core [4.2.0.201812120704]
[2019-01-16 08:33:53] Installing org.eclipse.tracecompass.tmf.ctf.core [4.1.1.201812120704]
[2019-01-16 08:33:53] Installing org.eclipse.tracecompass.tmf.ctf.feature.group [4.2.0.201812120704]
[2019-01-16 08:33:53] Installing org.eclipse.tracecompass.tmf.ctf.feature.jar [4.2.0.201812120704]
[2019-01-16 08:33:53] Installing org.eclipse.tracecompass.tmf.feature.group [4.2.0.201812120704]
[2019-01-16 08:33:53] Installing org.eclipse.tracecompass.tmf.feature.jar [4.2.0.201812120704]
[2019-01-16 08:33:53] Installing org.eclipse.tracecompass.tmf.filter.parser [1.0.2.201812120704]
[2019-01-16 08:33:53] Installing org.eclipse.tracecompass.tmf.remote.core [2.0.2.201812120704]
[2019-01-16 08:33:53] Installing org.eclipse.tracecompass.tmf.remote.ui [1.0.4.201812120704]
[2019-01-16 08:33:53] Installing org.eclipse.tracecompass.tmf.ui [4.2.0.201812120704]
[2019-01-16 08:33:53] Installing org.eclipse.ui [3.111.0.v20181117-0847]
[2019-01-16 08:33:53] Installing org.eclipse.ui.browser [3.6.300.v20180828-0837]
[2019-01-16 08:33:53] Installing org.eclipse.ui.cheatsheets [3.5.300.v20180823-1505]
[2019-01-16 08:33:53] Installing org.eclipse.ui.console [3.8.300.v20181019-1609]
[2019-01-16 08:33:53] Installing org.eclipse.ui.editors [3.11.300.v20180914-0606]
[2019-01-16 08:33:53] Installing org.eclipse.ui.externaltools [3.4.200.v20180821-1744]
[2019-01-16 08:33:53] Installing org.eclipse.ui.forms [3.7.400.v20181123-1505]
[2019-01-16 08:33:53] Installing org.eclipse.ui.genericeditor [1.1.200.v20180921-0739]
[2019-01-16 08:33:53] Installing org.eclipse.ui.ide [3.14.200.v20181205-2143]
[2019-01-16 08:33:53] Installing org.eclipse.ui.ide.application [1.3.100.v20181129-0817]
[2019-01-16 08:33:53] Installing org.eclipse.ui.intro [3.5.400.v20181107-2118]
[2019-01-16 08:33:53] Installing org.eclipse.ui.intro.quicklinks [1.0.300.v20180821-0700]
[2019-01-16 08:33:53] Installing org.eclipse.ui.intro.universal [3.3.300.v20180821-0700]
[2019-01-16 08:33:53] Installing org.eclipse.ui.monitoring [1.1.300.v20180828-1350]
[2019-01-16 08:33:53] Installing org.eclipse.ui.navigator [3.7.300.v20181016-1531]
[2019-01-16 08:33:53] Installing org.eclipse.ui.navigator.resources [3.6.300.v20181110-1011]
[2019-01-16 08:33:53] Installing org.eclipse.ui.net [1.3.300.v20180827-1041]
[2019-01-16 08:33:53] Installing org.eclipse.ui.themes [1.2.300.v20181108-1102]
[2019-01-16 08:33:53] Installing org.eclipse.ui.views [3.9.200.v20180828-0837]
[2019-01-16 08:33:53] Installing org.eclipse.ui.views.log [1.2.400.v20181102-1400]
[2019-01-16 08:33:53] Installing org.eclipse.ui.views.properties.tabbed [3.8.300.v20180921-1036]
[2019-01-16 08:33:53] Installing org.eclipse.ui.workbench [3.112.100.v20181127-1518]
[2019-01-16 08:33:53] Installing org.eclipse.ui.workbench.texteditor [3.11.200.v20181108-1458]
[2019-01-16 08:33:53] Installing org.eclipse.update.configurator [3.4.100.v20180821-1913]
[2019-01-16 08:33:53] Installing org.eclipse.urischeme [1.0.100.v20181204-1430]
[2019-01-16 08:33:53] Installing org.eclipse.userstorage [1.1.0.v20170328-0205]
[2019-01-16 08:33:53] Installing org.eclipse.userstorage.feature.group [1.1.0.v20170526-1605]
[2019-01-16 08:33:53] Installing org.eclipse.userstorage.feature.jar [1.1.0.v20170526-1605]
[2019-01-16 08:33:53] Installing org.eclipse.userstorage.oauth [1.0.0.v20170526-1605]
[2019-01-16 08:33:53] Installing org.eclipse.userstorage.ui [1.0.2.v20170526-1605]
[2019-01-16 08:33:53] Installing org.eclipse.wst.common.core [1.3.0.v201811122154]
[2019-01-16 08:33:53] Installing org.eclipse.wst.common.environment [1.0.400.v201810290944]
[2019-01-16 08:33:53] Installing org.eclipse.wst.common.frameworks [1.2.201.v201707201954]
[2019-01-16 08:33:53] Installing org.eclipse.wst.common.frameworks.ui [1.2.400.v201802151734]
[2019-01-16 08:33:53] Installing org.eclipse.wst.common.project.facet.core [1.4.400.v201808012032]
[2019-01-16 08:33:53] Installing org.eclipse.wst.common.ui [1.1.600.v201811161824]
[2019-01-16 08:33:53] Installing org.eclipse.wst.common.uriresolver [1.2.300.v201802151734]
[2019-01-16 08:33:53] Installing org.eclipse.wst.sse.core [1.2.100.v201810290944]
[2019-01-16 08:33:53] Installing org.eclipse.wst.sse.ui [1.5.0.v201810290944]
[2019-01-16 08:33:53] Installing org.eclipse.wst.validation [1.2.701.v201810290944]
[2019-01-16 08:33:53] Installing org.eclipse.wst.validation.ui [1.2.600.v201811122154]
[2019-01-16 08:33:53] Installing org.eclipse.wst.xml.core [1.2.200.v201811122127]
[2019-01-16 08:33:53] Installing org.eclipse.wst.xml.ui [1.2.200.v201811192212]
[2019-01-16 08:33:53] Installing org.eclipse.wst.xsd.core [1.2.0.v201802171838]
[2019-01-16 08:33:53] Installing org.eclipse.xsd [2.16.0.v20181127-0852]
[2019-01-16 08:33:53] Installing org.eclipse.zest.core [1.5.300.201606061308]
[2019-01-16 08:33:53] Installing org.eclipse.zest.layouts [1.1.300.201606061308]
[2019-01-16 08:33:53] Installing org.freemarker [2.3.22.v20160210-1233]
[2019-01-16 08:33:53] Installing org.glassfish.hk2.api [2.5.0.v20161103-0227]
[2019-01-16 08:33:53] Installing org.glassfish.hk2.locator [2.5.0.v20161103-0227]
[2019-01-16 08:33:53] Installing org.glassfish.hk2.osgi-resource-locator [2.5.0.v20161103-1916]
[2019-01-16 08:33:53] Installing org.glassfish.hk2.utils [2.5.0.v20160210-1508]
[2019-01-16 08:33:53] Installing org.glassfish.jersey.apache.connector [2.22.1.v20161103-1916]
[2019-01-16 08:33:53] Installing org.glassfish.jersey.bundles.repackaged.jersey-guava [2.22.1.v20161103-1916]
[2019-01-16 08:33:53] Installing org.glassfish.jersey.core.jersey-client [2.22.1.v20161103-1916]
[2019-01-16 08:33:53] Installing org.glassfish.jersey.core.jersey-common [2.22.1.v20161103-1916]
[2019-01-16 08:33:53] Installing org.glassfish.jersey.core.jersey-server [2.22.1.v20161103-1916]
[2019-01-16 08:33:53] Installing org.glassfish.jersey.ext.entityfiltering [2.22.1.v20161103-0227]
[2019-01-16 08:33:53] Installing org.glassfish.jersey.media.jersey-media-json-jackson [2.22.1.v20161117-2005]
[2019-01-16 08:33:53] Installing org.jcodings [1.0.18.v20170306-1742]
[2019-01-16 08:33:53] Installing org.joni [2.1.11.v20170306-1742]
[2019-01-16 08:33:53] Installing org.json [1.0.0.v201011060100]
[2019-01-16 08:33:53] Installing org.jsoup [1.7.2.v201411291515]
[2019-01-16 08:33:53] Installing org.objectweb.asm [6.2.1.v20181030-2244]
[2019-01-16 08:33:53] Installing org.objectweb.asm.analysis [6.2.1.v20181030-2244]
[2019-01-16 08:33:53] Installing org.objectweb.asm.tree [6.2.1.v20181030-2244]
[2019-01-16 08:33:53] Installing org.objectweb.asm.util [6.2.1.v20181030-2244]
[2019-01-16 08:33:53] Installing org.sat4j.core [2.3.5.v201308161310]
[2019-01-16 08:33:53] Installing org.sat4j.pb [2.3.5.v201404071733]
[2019-01-16 08:33:53] Installing org.slf4j.api [1.7.2.v20121108-1250]
[2019-01-16 08:33:53] Installing org.slf4j.impl.log4j12 [1.7.2.v20131105-2200]
[2019-01-16 08:33:53] Installing org.swtchart [0.10.0.v201605200358]
[2019-01-16 08:33:53] Installing org.tukaani.xz [1.8.0.v20180207-1613]
[2019-01-16 08:33:53] Installing org.w3c.css.sac [1.3.1.v200903091627]
[2019-01-16 08:33:53] Installing org.w3c.dom.events [3.0.0.draft20060413_v201105210656]
[2019-01-16 08:33:53] Installing org.w3c.dom.smil [1.0.1.v200903091627]
[2019-01-16 08:33:53] Installing org.w3c.dom.svg [1.1.0.v201011041433]
[2019-01-16 08:33:53] Installing tooling.org.eclipse.update.feature.default [1.0.0]
[2019-01-16 08:33:53] Installing tooling.osgi.bundle.default [1.0.0]
[2019-01-16 08:33:53] Installing tooling.source.default [1.0.0]
[2019-01-16 08:33:53] Installing toolingepp.package.cpp.application [4.10.0.20181214-0600]
[2019-01-16 08:33:53] Installing toolingepp.package.cpp.config.gtk.linux.x86_64 [4.10.0.20181214-0600]
[2019-01-16 08:33:53] Installing toolingepp.package.cpp.configuration [4.10.0.20181214-0600]
[2019-01-16 08:33:53] Installing toolingepp.package.cpp.executable.gtk.linux.x86_64 [4.10.0.20181214-0600]
[2019-01-16 08:33:53] Installing toolingepp.package.cpp.ini.gtk.linux.x86_64 [4.10.0.20181214-0600]
[2019-01-16 08:33:53] Installing toolinggtk.linux.x86_64org.apache.felix.scr [4.10.0.I20181206-0815]
[2019-01-16 08:33:53] Installing toolinggtk.linux.x86_64org.eclipse.core.runtime [4.10.0.I20181206-0815]
[2019-01-16 08:33:53] Installing toolinggtk.linux.x86_64org.eclipse.equinox.common [4.10.0.I20181206-0815]
[2019-01-16 08:33:53] Installing toolinggtk.linux.x86_64org.eclipse.equinox.event [4.10.0.I20181206-0815]
[2019-01-16 08:33:53] Installing toolinggtk.linux.x86_64org.eclipse.equinox.p2.reconciler.dropins [4.10.0.I20181206-0815]
[2019-01-16 08:33:53] Installing toolinggtk.linux.x86_64org.eclipse.equinox.simpleconfigurator [4.10.0.I20181206-0815]
[2019-01-16 08:33:53] Installing toolingorg.eclipse.equinox.launcher [1.5.200.v20180922-1751]
[2019-01-16 08:33:53] Installing toolingorg.eclipse.equinox.launcher.gtk.linux.x86_64 [1.1.900.v20180922-1751]
[2019-01-16 08:33:53] Installing toolingorg.eclipse.platform.configuration [1.0.0]
[2019-01-16 08:33:53] Installing toolingorg.eclipse.platform.ide.application [4.10.0.I20181206-0815]
[2019-01-16 08:33:53] Installing toolingorg.eclipse.platform.ide.config.gtk.linux.x86_64 [4.10.0.I20181206-0815]
[2019-01-16 08:33:53] Installing toolingorg.eclipse.platform.ide.configuration [4.10.0.I20181206-0815]
[2019-01-16 08:33:53] Installing toolingorg.eclipse.platform.ide.executable.gtk.linux.x86_64 [4.10.0.I20181206-0815]
[2019-01-16 08:33:53] Installing toolingorg.eclipse.platform.ide.ini.gtk.linux.x86_64 [4.10.0.I20181206-0815]
[2019-01-16 08:33:54] Preparing to commit the provisioning operation.
[2019-01-16 08:33:54] Committing the provisioning operation.
[2019-01-16 08:33:55] Performing Eclipse Ini --launcher.appendVmargs
[2019-01-16 08:33:55] Performing Eclipse Ini -vm /usr/lib/jvm/java-8-oracle/jre/bin
[2019-01-16 08:33:55] Changing /home/huy/Desktop/C++/eclipse/eclipse.ini (-vm /usr/lib/jvm/java-8-oracle/jre/bin)
[2019-01-16 08:33:55] Performing Eclipse Ini -Declipse.p2.max.threads=10
[2019-01-16 08:33:55] Changing /home/huy/Desktop/C++/eclipse/eclipse.ini (-Declipse.p2.max.threads=10)
[2019-01-16 08:33:55] Performing Eclipse Ini -Doomph.update.url=http://download.eclipse.org/oomph/updates/milestone/latest
[2019-01-16 08:33:55] Changing /home/huy/Desktop/C++/eclipse/eclipse.ini (-Doomph.update.url=http://download.eclipse.org/oomph/updates/milestone/latest)
[2019-01-16 08:33:55] Performing Eclipse Ini -Doomph.redirection.index.redirection=index:/->http://git.eclipse.org/c/oomph/org.eclipse.oomph.git/plain/setups/
[2019-01-16 08:33:55] Changing /home/huy/Desktop/C++/eclipse/eclipse.ini (-Doomph.redirection.index.redirection=index:/->http://git.eclipse.org/c/oomph/org.eclipse.oomph.git/plain/setups/)
[2019-01-16 08:33:55] Performing post bootstrap tasks
[2019-01-16 08:33:55] 
