
**** Build of configuration Debug for project 18125130_Ex02 ****

Nothing to build for project 18125130_Ex02
13:57:57 **** Incremental Build of configuration Debug for project 18125130_Ex02 ****
make all 
Building file: ../BST.cpp
Invoking: Cross G++ Compiler
g++ -O0 -g3 -Wall -c -fmessage-length=0 -MMD -MP -MF"BST.d" -MT"BST.o" -o "BST.o" "../BST.cpp"
Finished building: ../BST.cpp
 
Building target: 18125130_Ex02
Invoking: Cross G++ Linker
g++  -o "18125130_Ex02"  ./BST.o   
/usr/lib/gcc/x86_64-linux-gnu/7/../../../x86_64-linux-gnu/Scrt1.o: In function `_start':
(.text+0x20): undefined reference to `main'
makefile:44: recipe for target '18125130_Ex02' failed
collect2: error: ld returned 1 exit status
make: *** [18125130_Ex02] Error 1
"make all" terminated with exit code 2. Build might be incomplete.
13:58:30 **** Incremental Build of configuration Debug for project 18125130_Ex02 ****
make all 
Building file: ../main.cpp
Invoking: Cross G++ Compiler
g++ -O0 -g3 -Wall -c -fmessage-length=0 -MMD -MP -MF"main.d" -MT"main.o" -o "main.o" "../main.cpp"
Finished building: ../main.cpp
 
Building target: 18125130_Ex02
Invoking: Cross G++ Linker
g++  -o "18125130_Ex02"  ./BST.o ./main.o   
Finished building target: 18125130_Ex02
 
13:58:38 **** Incremental Build of configuration Debug for project 18125130_Ex02 ****
make all 
Building file: ../main.cpp
Invoking: Cross G++ Compiler
g++ -O0 -g3 -Wall -c -fmessage-length=0 -MMD -MP -MF"main.d" -MT"main.o" -o "main.o" "../main.cpp"
Finished building: ../main.cpp
 
Building target: 18125130_Ex02
Invoking: Cross G++ Linker
g++  -o "18125130_Ex02"  ./BST.o ./main.o   
Finished building target: 18125130_Ex02
 
14:05:22 **** Incremental Build of configuration Debug for project 18125130_Ex02 ****
make all 
Building file: ../BST.cpp
Invoking: Cross G++ Compiler
g++ -O0 -g3 -Wall -c -fmessage-length=0 -MMD -MP -MF"BST.d" -MT"BST.o" -o "BST.o" "../BST.cpp"
../BST.cpp:25:1: error: prototype for ‘BST::BST(int*&, int)’ does not match any in class ‘BST’
 BST::BST(int* &a,int n){
 ^~~
In file included from ../BST.cpp:8:0:
../BST.h:16:8: error: candidates are: constexpr BST::BST(BST&&)
 struct BST{
        ^~~
../BST.h:16:8: error:                 constexpr BST::BST(const BST&)
../BST.h:18:2: error:                 BST::BST(int*, int)
  BST(int* a,int n);
  ^~~
subdir.mk:21: recipe for target 'BST.o' failed
make: *** [BST.o] Error 1
"make all" terminated with exit code 2. Build might be incomplete.
14:05:43 **** Incremental Build of configuration Debug for project 18125130_Ex02 ****
make all 
Building file: ../BST.cpp
Invoking: Cross G++ Compiler
g++ -O0 -g3 -Wall -c -fmessage-length=0 -MMD -MP -MF"BST.d" -MT"BST.o" -o "BST.o" "../BST.cpp"
../BST.cpp:25:1: error: prototype for ‘BST::BST(int*&, int)’ does not match any in class ‘BST’
 BST::BST(int* &a,int n){
 ^~~
In file included from ../BST.cpp:8:0:
../BST.h:16:8: error: candidates are: constexpr BST::BST(BST&&)
 struct BST{
        ^~~
../BST.h:16:8: error:                 constexpr BST::BST(const BST&)
../BST.h:18:2: error:                 BST::BST(int*, int)
  BST(int* a,int n);
  ^~~
subdir.mk:21: recipe for target 'BST.o' failed
make: *** [BST.o] Error 1
"make all" terminated with exit code 2. Build might be incomplete.
14:05:55 **** Incremental Build of configuration Debug for project 18125130_Ex02 ****
make all 
Building file: ../BST.cpp
Invoking: Cross G++ Compiler
g++ -O0 -g3 -Wall -c -fmessage-length=0 -MMD -MP -MF"BST.d" -MT"BST.o" -o "BST.o" "../BST.cpp"
Finished building: ../BST.cpp
 
Building file: ../main.cpp
Invoking: Cross G++ Compiler
g++ -O0 -g3 -Wall -c -fmessage-length=0 -MMD -MP -MF"main.d" -MT"main.o" -o "main.o" "../main.cpp"
../main.cpp: In function ‘int main()’:
../main.cpp:17:6: error: no matching function for call to ‘BST::BST()’
  BST x;
      ^
In file included from ../main.cpp:8:0:
../BST.h:18:2: note: candidate: BST::BST(int*&, int)
  BST(int* &a,int n);
  ^~~
../BST.h:18:2: note:   candidate expects 2 arguments, 0 provided
../BST.h:16:8: note: candidate: constexpr BST::BST(const BST&)
 struct BST{
        ^~~
../BST.h:16:8: note:   candidate expects 1 argument, 0 provided
../BST.h:16:8: note: candidate: constexpr BST::BST(BST&&)
../BST.h:16:8: note:   candidate expects 1 argument, 0 provided
../main.cpp:18:4: error: invalid use of ‘BST::BST’
  x.BST(a,n);
    ^~~
subdir.mk:21: recipe for target 'main.o' failed
make: *** [main.o] Error 1
"make all" terminated with exit code 2. Build might be incomplete.
14:06:25 **** Incremental Build of configuration Debug for project 18125130_Ex02 ****
make all 
Building file: ../main.cpp
Invoking: Cross G++ Compiler
g++ -O0 -g3 -Wall -c -fmessage-length=0 -MMD -MP -MF"main.d" -MT"main.o" -o "main.o" "../main.cpp"
../main.cpp: In function ‘int main()’:
../main.cpp:17:6: error: no matching function for call to ‘BST::BST()’
  BST x;
      ^
In file included from ../main.cpp:8:0:
../BST.h:18:2: note: candidate: BST::BST(int*&, int)
  BST(int* &a,int n);
  ^~~
../BST.h:18:2: note:   candidate expects 2 arguments, 0 provided
../BST.h:16:8: note: candidate: constexpr BST::BST(const BST&)
 struct BST{
        ^~~
../BST.h:16:8: note:   candidate expects 1 argument, 0 provided
../BST.h:16:8: note: candidate: constexpr BST::BST(BST&&)
../BST.h:16:8: note:   candidate expects 1 argument, 0 provided
../main.cpp:18:7: error: no match for call to ‘(BST) (int*&, int&)’
  x(a,n);
       ^
subdir.mk:21: recipe for target 'main.o' failed
make: *** [main.o] Error 1
"make all" terminated with exit code 2. Build might be incomplete.
14:07:13 **** Incremental Build of configuration Debug for project 18125130_Ex02 ****
make all 
Building file: ../main.cpp
Invoking: Cross G++ Compiler
g++ -O0 -g3 -Wall -c -fmessage-length=0 -MMD -MP -MF"main.d" -MT"main.o" -o "main.o" "../main.cpp"
Finished building: ../main.cpp
 
Building target: 18125130_Ex02
Invoking: Cross G++ Linker
g++  -o "18125130_Ex02"  ./BST.o ./main.o   
Finished building target: 18125130_Ex02
 
14:11:26 **** Incremental Build of configuration Debug for project 18125130_Ex02 ****
make all 
Building file: ../BST.cpp
Invoking: Cross G++ Compiler
g++ -O0 -g3 -Wall -c -fmessage-length=0 -MMD -MP -MF"BST.d" -MT"BST.o" -o "BST.o" "../BST.cpp"
Finished building: ../BST.cpp
 
Building file: ../main.cpp
Invoking: Cross G++ Compiler
g++ -O0 -g3 -Wall -c -fmessage-length=0 -MMD -MP -MF"main.d" -MT"main.o" -o "main.o" "../main.cpp"
Finished building: ../main.cpp
 
Building target: 18125130_Ex02
Invoking: Cross G++ Linker
g++  -o "18125130_Ex02"  ./BST.o ./main.o   
Finished building target: 18125130_Ex02
 
14:11:38 **** Incremental Build of configuration Debug for project 18125130_Ex02 ****
make all 
make: Nothing to be done for 'all'.
14:12:55 **** Incremental Build of configuration Debug for project 18125130_Ex02 ****
make all 
make: Nothing to be done for 'all'.
14:15:42 **** Incremental Build of configuration Debug for project 18125130_Ex02 ****
make all 
Building file: ../BST.cpp
Invoking: Cross G++ Compiler
g++ -O0 -g3 -Wall -c -fmessage-length=0 -MMD -MP -MF"BST.d" -MT"BST.o" -o "BST.o" "../BST.cpp"
Finished building: ../BST.cpp
 
Building file: ../main.cpp
Invoking: Cross G++ Compiler
g++ -O0 -g3 -Wall -c -fmessage-length=0 -MMD -MP -MF"main.d" -MT"main.o" -o "main.o" "../main.cpp"
Finished building: ../main.cpp
 
Building target: 18125130_Ex02
Invoking: Cross G++ Linker
g++  -o "18125130_Ex02"  ./BST.o ./main.o   
Finished building target: 18125130_Ex02
 
14:15:44 **** Incremental Build of configuration Debug for project 18125130_Ex02 ****
make all 
make: Nothing to be done for 'all'.
14:17:48 **** Incremental Build of configuration Debug for project 18125130_Ex02 ****
make all 
Building file: ../BST.cpp
Invoking: Cross G++ Compiler
g++ -O0 -g3 -Wall -c -fmessage-length=0 -MMD -MP -MF"BST.d" -MT"BST.o" -o "BST.o" "../BST.cpp"
Finished building: ../BST.cpp
 
Building file: ../main.cpp
Invoking: Cross G++ Compiler
g++ -O0 -g3 -Wall -c -fmessage-length=0 -MMD -MP -MF"main.d" -MT"main.o" -o "main.o" "../main.cpp"
Finished building: ../main.cpp
 
Building target: 18125130_Ex02
Invoking: Cross G++ Linker
g++  -o "18125130_Ex02"  ./BST.o ./main.o   
Finished building target: 18125130_Ex02
 
14:17:50 **** Incremental Build of configuration Debug for project 18125130_Ex02 ****
make all 
make: Nothing to be done for 'all'.
14:19:28 **** Incremental Build of configuration Debug for project 18125130_Ex02 ****
make all 
Building file: ../BST.cpp
Invoking: Cross G++ Compiler
g++ -O0 -g3 -Wall -c -fmessage-length=0 -MMD -MP -MF"BST.d" -MT"BST.o" -o "BST.o" "../BST.cpp"
Finished building: ../BST.cpp
 
Building file: ../main.cpp
Invoking: Cross G++ Compiler
g++ -O0 -g3 -Wall -c -fmessage-length=0 -MMD -MP -MF"main.d" -MT"main.o" -o "main.o" "../main.cpp"
Finished building: ../main.cpp
 
Building target: 18125130_Ex02
Invoking: Cross G++ Linker
g++  -o "18125130_Ex02"  ./BST.o ./main.o   
Finished building target: 18125130_Ex02
 
14:22:04 **** Incremental Build of configuration Debug for project 18125130_Ex02 ****
make all 
Building file: ../BST.cpp
Invoking: Cross G++ Compiler
g++ -O0 -g3 -Wall -c -fmessage-length=0 -MMD -MP -MF"BST.d" -MT"BST.o" -o "BST.o" "../BST.cpp"
Finished building: ../BST.cpp
 
Building file: ../main.cpp
Invoking: Cross G++ Compiler
g++ -O0 -g3 -Wall -c -fmessage-length=0 -MMD -MP -MF"main.d" -MT"main.o" -o "main.o" "../main.cpp"
Finished building: ../main.cpp
 
Building target: 18125130_Ex02
Invoking: Cross G++ Linker
g++  -o "18125130_Ex02"  ./BST.o ./main.o   
Finished building target: 18125130_Ex02
 
14:22:20 **** Incremental Build of configuration Debug for project 18125130_Ex02 ****
make all 
make: Nothing to be done for 'all'.
14:25:17 **** Incremental Build of configuration Debug for project 18125130_Ex02 ****
make all 
Building file: ../BST.cpp
Invoking: Cross G++ Compiler
g++ -O0 -g3 -Wall -c -fmessage-length=0 -MMD -MP -MF"BST.d" -MT"BST.o" -o "BST.o" "../BST.cpp"
Finished building: ../BST.cpp
 
Building file: ../main.cpp
Invoking: Cross G++ Compiler
g++ -O0 -g3 -Wall -c -fmessage-length=0 -MMD -MP -MF"main.d" -MT"main.o" -o "main.o" "../main.cpp"
Finished building: ../main.cpp
 
Building target: 18125130_Ex02
Invoking: Cross G++ Linker
g++  -o "18125130_Ex02"  ./BST.o ./main.o   
Finished building target: 18125130_Ex02
 
14:34:13 **** Incremental Build of configuration Debug for project 18125130_Ex02 ****
make all 
Building file: ../BST.cpp
Invoking: Cross G++ Compiler
g++ -O0 -g3 -Wall -c -fmessage-length=0 -MMD -MP -MF"BST.d" -MT"BST.o" -o "BST.o" "../BST.cpp"
Finished building: ../BST.cpp
 
Building file: ../main.cpp
Invoking: Cross G++ Compiler
g++ -O0 -g3 -Wall -c -fmessage-length=0 -MMD -MP -MF"main.d" -MT"main.o" -o "main.o" "../main.cpp"
Finished building: ../main.cpp
 
Building target: 18125130_Ex02
Invoking: Cross G++ Linker
g++  -o "18125130_Ex02"  ./BST.o ./main.o   
Finished building target: 18125130_Ex02
 
14:36:22 **** Incremental Build of configuration Debug for project 18125130_Ex02 ****
make all 
Building file: ../BST.cpp
Invoking: Cross G++ Compiler
g++ -O0 -g3 -Wall -c -fmessage-length=0 -MMD -MP -MF"BST.d" -MT"BST.o" -o "BST.o" "../BST.cpp"
Finished building: ../BST.cpp
 
Building file: ../main.cpp
Invoking: Cross G++ Compiler
g++ -O0 -g3 -Wall -c -fmessage-length=0 -MMD -MP -MF"main.d" -MT"main.o" -o "main.o" "../main.cpp"
Finished building: ../main.cpp
 
Building target: 18125130_Ex02
Invoking: Cross G++ Linker
g++  -o "18125130_Ex02"  ./BST.o ./main.o   
Finished building target: 18125130_Ex02
 
15:02:14 **** Incremental Build of configuration Debug for project 18125130_Ex02 ****
make all 
Building file: ../BST.cpp
Invoking: Cross G++ Compiler
g++ -O0 -g3 -Wall -c -fmessage-length=0 -MMD -MP -MF"BST.d" -MT"BST.o" -o "BST.o" "../BST.cpp"
Finished building: ../BST.cpp
 
Building file: ../main.cpp
Invoking: Cross G++ Compiler
g++ -O0 -g3 -Wall -c -fmessage-length=0 -MMD -MP -MF"main.d" -MT"main.o" -o "main.o" "../main.cpp"
Finished building: ../main.cpp
 
Building target: 18125130_Ex02
Invoking: Cross G++ Linker
g++  -o "18125130_Ex02"  ./BST.o ./main.o   
Finished building target: 18125130_Ex02
 
15:02:26 **** Incremental Build of configuration Debug for project 18125130_Ex02 ****
make all 
make: Nothing to be done for 'all'.
15:02:51 **** Incremental Build of configuration Debug for project 18125130_Ex02 ****
make all 
Building file: ../main.cpp
Invoking: Cross G++ Compiler
g++ -O0 -g3 -Wall -c -fmessage-length=0 -MMD -MP -MF"main.d" -MT"main.o" -o "main.o" "../main.cpp"
Finished building: ../main.cpp
 
Building target: 18125130_Ex02
Invoking: Cross G++ Linker
g++  -o "18125130_Ex02"  ./BST.o ./main.o   
Finished building target: 18125130_Ex02
 
15:03:30 **** Incremental Build of configuration Debug for project 18125130_Ex02 ****
make all 
Building file: ../main.cpp
Invoking: Cross G++ Compiler
g++ -O0 -g3 -Wall -c -fmessage-length=0 -MMD -MP -MF"main.d" -MT"main.o" -o "main.o" "../main.cpp"
Finished building: ../main.cpp
 
Building target: 18125130_Ex02
Invoking: Cross G++ Linker
g++  -o "18125130_Ex02"  ./BST.o ./main.o   
Finished building target: 18125130_Ex02
 
15:06:06 **** Incremental Build of configuration Debug for project 18125130_Ex02 ****
make all 
make: Nothing to be done for 'all'.
15:06:18 **** Incremental Build of configuration Debug for project 18125130_Ex02 ****
make all 
make: Nothing to be done for 'all'.
15:07:22 **** Incremental Build of configuration Debug for project 18125130_Ex02 ****
make all 
Building file: ../BST.cpp
Invoking: Cross G++ Compiler
g++ -O0 -g3 -Wall -c -fmessage-length=0 -MMD -MP -MF"BST.d" -MT"BST.o" -o "BST.o" "../BST.cpp"
Finished building: ../BST.cpp
 
Building target: 18125130_Ex02
Invoking: Cross G++ Linker
g++  -o "18125130_Ex02"  ./BST.o ./main.o   
Finished building target: 18125130_Ex02
 
