!SESSION 2019-05-06 07:56:42.143 -----------------------------------------------
eclipse.buildId=4.10.0.I20181206-0815
java.version=1.8.0_201
java.vendor=Oracle Corporation
BootLoader constants: OS=linux, ARCH=x86_64, WS=gtk, NL=en_US
Framework arguments:  -product org.eclipse.epp.package.cpp.product
Command-line arguments:  -os linux -ws gtk -arch x86_64 -product org.eclipse.epp.package.cpp.product

!ENTRY org.eclipse.equinox.p2.reconciler.dropins 4 0 2019-05-06 07:56:45.773
!MESSAGE FrameworkEvent ERROR
!STACK 0
org.osgi.framework.BundleException: Exception in org.eclipse.equinox.internal.p2.reconciler.dropins.Activator.start() of bundle org.eclipse.equinox.p2.reconciler.dropins.
	at org.eclipse.osgi.internal.framework.BundleContextImpl.startActivator(BundleContextImpl.java:803)
	at org.eclipse.osgi.internal.framework.BundleContextImpl.start(BundleContextImpl.java:732)
	at org.eclipse.osgi.internal.framework.EquinoxBundle.startWorker0(EquinoxBundle.java:1005)
	at org.eclipse.osgi.internal.framework.EquinoxBundle$EquinoxModule.startWorker(EquinoxBundle.java:357)
	at org.eclipse.osgi.container.Module.doStart(Module.java:588)
	at org.eclipse.osgi.container.Module.start(Module.java:456)
	at org.eclipse.osgi.container.ModuleContainer$ContainerStartLevel.incStartLevel(ModuleContainer.java:1783)
	at org.eclipse.osgi.container.ModuleContainer$ContainerStartLevel.incStartLevel(ModuleContainer.java:1763)
	at org.eclipse.osgi.container.ModuleContainer$ContainerStartLevel.doContainerStartLevel(ModuleContainer.java:1725)
	at org.eclipse.osgi.container.ModuleContainer$ContainerStartLevel.dispatchEvent(ModuleContainer.java:1656)
	at org.eclipse.osgi.container.ModuleContainer$ContainerStartLevel.dispatchEvent(ModuleContainer.java:1)
	at org.eclipse.osgi.framework.eventmgr.EventManager.dispatchEvent(EventManager.java:233)
	at org.eclipse.osgi.framework.eventmgr.EventManager$EventThread.run(EventManager.java:343)
Caused by: java.lang.IllegalStateException: Profile _home_huy_Desktop_C++_eclipse is not current. Expected timestamp 0 but was 0.
	at org.eclipse.equinox.internal.p2.engine.SimpleProfileRegistry.lockProfile(SimpleProfileRegistry.java:879)
	at org.eclipse.equinox.internal.p2.engine.Engine.perform(Engine.java:72)
	at org.eclipse.equinox.internal.p2.engine.Engine.perform(Engine.java:48)
	at org.eclipse.equinox.internal.p2.reconciler.dropins.ProfileSynchronizer.setProperty(ProfileSynchronizer.java:781)
	at org.eclipse.equinox.internal.p2.reconciler.dropins.ProfileSynchronizer.synchronize(ProfileSynchronizer.java:121)
	at org.eclipse.equinox.internal.p2.reconciler.dropins.Activator.synchronize(Activator.java:448)
	at org.eclipse.equinox.internal.p2.reconciler.dropins.Activator.start(Activator.java:179)
	at org.eclipse.osgi.internal.framework.BundleContextImpl$3.run(BundleContextImpl.java:782)
	at org.eclipse.osgi.internal.framework.BundleContextImpl$3.run(BundleContextImpl.java:1)
	at java.security.AccessController.doPrivileged(Native Method)
	at org.eclipse.osgi.internal.framework.BundleContextImpl.startActivator(BundleContextImpl.java:775)
	... 12 more
Root exception:
java.lang.IllegalStateException: Profile _home_huy_Desktop_C++_eclipse is not current. Expected timestamp 0 but was 0.
	at org.eclipse.equinox.internal.p2.engine.SimpleProfileRegistry.lockProfile(SimpleProfileRegistry.java:879)
	at org.eclipse.equinox.internal.p2.engine.Engine.perform(Engine.java:72)
	at org.eclipse.equinox.internal.p2.engine.Engine.perform(Engine.java:48)
	at org.eclipse.equinox.internal.p2.reconciler.dropins.ProfileSynchronizer.setProperty(ProfileSynchronizer.java:781)
	at org.eclipse.equinox.internal.p2.reconciler.dropins.ProfileSynchronizer.synchronize(ProfileSynchronizer.java:121)
	at org.eclipse.equinox.internal.p2.reconciler.dropins.Activator.synchronize(Activator.java:448)
	at org.eclipse.equinox.internal.p2.reconciler.dropins.Activator.start(Activator.java:179)
	at org.eclipse.osgi.internal.framework.BundleContextImpl$3.run(BundleContextImpl.java:782)
	at org.eclipse.osgi.internal.framework.BundleContextImpl$3.run(BundleContextImpl.java:1)
	at java.security.AccessController.doPrivileged(Native Method)
	at org.eclipse.osgi.internal.framework.BundleContextImpl.startActivator(BundleContextImpl.java:775)
	at org.eclipse.osgi.internal.framework.BundleContextImpl.start(BundleContextImpl.java:732)
	at org.eclipse.osgi.internal.framework.EquinoxBundle.startWorker0(EquinoxBundle.java:1005)
	at org.eclipse.osgi.internal.framework.EquinoxBundle$EquinoxModule.startWorker(EquinoxBundle.java:357)
	at org.eclipse.osgi.container.Module.doStart(Module.java:588)
	at org.eclipse.osgi.container.Module.start(Module.java:456)
	at org.eclipse.osgi.container.ModuleContainer$ContainerStartLevel.incStartLevel(ModuleContainer.java:1783)
	at org.eclipse.osgi.container.ModuleContainer$ContainerStartLevel.incStartLevel(ModuleContainer.java:1763)
	at org.eclipse.osgi.container.ModuleContainer$ContainerStartLevel.doContainerStartLevel(ModuleContainer.java:1725)
	at org.eclipse.osgi.container.ModuleContainer$ContainerStartLevel.dispatchEvent(ModuleContainer.java:1656)
	at org.eclipse.osgi.container.ModuleContainer$ContainerStartLevel.dispatchEvent(ModuleContainer.java:1)
	at org.eclipse.osgi.framework.eventmgr.EventManager.dispatchEvent(EventManager.java:233)
	at org.eclipse.osgi.framework.eventmgr.EventManager$EventThread.run(EventManager.java:343)
