08:01:00 **** Build of configuration Debug for project binary_search ****
make all 
Building file: ../main.cpp
Invoking: Cross G++ Compiler
g++ -O0 -g3 -Wall -c -fmessage-length=0 -MMD -MP -MF"main.d" -MT"main.o" -o "main.o" "../main.cpp"
Finished building: ../main.cpp
 
Building target: binary_search
Invoking: Cross G++ Linker
g++  -o "binary_search"  ./main.o   
Finished building target: binary_search
 
08:01:21 **** Incremental Build of configuration Debug for project binary_search ****
make all 
make: Nothing to be done for 'all'.
08:02:04 **** Incremental Build of configuration Debug for project binary_search ****
make all 
make: Nothing to be done for 'all'.
08:03:47 **** Incremental Build of configuration Debug for project binary_search ****
make all 
Building file: ../main.cpp
Invoking: Cross G++ Compiler
g++ -O0 -g3 -Wall -c -fmessage-length=0 -MMD -MP -MF"main.d" -MT"main.o" -o "main.o" "../main.cpp"
Finished building: ../main.cpp
 
Building target: binary_search
Invoking: Cross G++ Linker
g++  -o "binary_search"  ./main.o   
Finished building target: binary_search
 
08:04:03 **** Incremental Build of configuration Debug for project binary_search ****
make all 
Building file: ../main.cpp
Invoking: Cross G++ Compiler
g++ -O0 -g3 -Wall -c -fmessage-length=0 -MMD -MP -MF"main.d" -MT"main.o" -o "main.o" "../main.cpp"
Finished building: ../main.cpp
 
Building target: binary_search
Invoking: Cross G++ Linker
g++  -o "binary_search"  ./main.o   
Finished building target: binary_search
 
08:04:28 **** Incremental Build of configuration Debug for project binary_search ****
make all 
make: Nothing to be done for 'all'.
09:03:42 **** Incremental Build of configuration Debug for project binary_search ****
make all 
Building file: ../main.cpp
Invoking: Cross G++ Compiler
g++ -O0 -g3 -Wall -c -fmessage-length=0 -MMD -MP -MF"main.d" -MT"main.o" -o "main.o" "../main.cpp"
Finished building: ../main.cpp
 
Building target: binary_search
Invoking: Cross G++ Linker
g++  -o "binary_search"  ./main.o   
Finished building target: binary_search
 
09:04:45 **** Incremental Build of configuration Debug for project binary_search ****
make all 
make: Nothing to be done for 'all'.
09:05:01 **** Incremental Build of configuration Debug for project binary_search ****
make all 
make: Nothing to be done for 'all'.
