
**** Build of configuration Debug for project 18125130_Ex02 ****

Nothing to build for project 18125130_Ex02
14:41:06 **** Incremental Build of configuration Debug for project 18125130_Ex02 ****
make all 
Building file: ../Ex02_1.cpp
Invoking: Cross G++ Compiler
g++ -O0 -g3 -Wall -c -fmessage-length=0 -MMD -MP -MF"Ex02_1.d" -MT"Ex02_1.o" -o "Ex02_1.o" "../Ex02_1.cpp"
Finished building: ../Ex02_1.cpp
 
Building target: 18125130_Ex02
Invoking: Cross G++ Linker
g++  -o "18125130_Ex02"  ./Ex02_1.o   
/usr/lib/gcc/x86_64-linux-gnu/7/../../../x86_64-linux-gnu/Scrt1.o: In function `_start':
(.text+0x20): undefined reference to `main'
makefile:44: recipe for target '18125130_Ex02' failed
collect2: error: ld returned 1 exit status
make: *** [18125130_Ex02] Error 1
"make all" terminated with exit code 2. Build might be incomplete.
14:41:29 **** Incremental Build of configuration Debug for project 18125130_Ex02 ****
make all 
Building file: ../Ex02_1.cpp
Invoking: Cross G++ Compiler
g++ -O0 -g3 -Wall -c -fmessage-length=0 -MMD -MP -MF"Ex02_1.d" -MT"Ex02_1.o" -o "Ex02_1.o" "../Ex02_1.cpp"
Finished building: ../Ex02_1.cpp
 
Building target: 18125130_Ex02
Invoking: Cross G++ Linker
g++  -o "18125130_Ex02"  ./Ex02_1.o   
/usr/lib/gcc/x86_64-linux-gnu/7/../../../x86_64-linux-gnu/Scrt1.o: In function `_start':
(.text+0x20): undefined reference to `main'
collect2: error: ld returned 1 exit status
makefile:44: recipe for target '18125130_Ex02' failed
make: *** [18125130_Ex02] Error 1
"make all" terminated with exit code 2. Build might be incomplete.
14:41:41 **** Incremental Build of configuration Debug for project 18125130_Ex02 ****
make all 
Building target: 18125130_Ex02
Invoking: Cross G++ Linker
g++  -o "18125130_Ex02"  ./Ex02_1.o   
/usr/lib/gcc/x86_64-linux-gnu/7/../../../x86_64-linux-gnu/Scrt1.o: In function `_start':
(.text+0x20): undefined reference to `main'
makefile:44: recipe for target '18125130_Ex02' failed
collect2: error: ld returned 1 exit status
make: *** [18125130_Ex02] Error 1
"make all" terminated with exit code 2. Build might be incomplete.
14:42:09 **** Incremental Build of configuration Debug for project 18125130_Ex02 ****
make all 
Building target: 18125130_Ex02
Invoking: Cross G++ Linker
g++  -o "18125130_Ex02"  ./Ex02_1.o   
/usr/lib/gcc/x86_64-linux-gnu/7/../../../x86_64-linux-gnu/Scrt1.o: In function `_start':
(.text+0x20): undefined reference to `main'
makefile:44: recipe for target '18125130_Ex02' failed
collect2: error: ld returned 1 exit status
make: *** [18125130_Ex02] Error 1
"make all" terminated with exit code 2. Build might be incomplete.
14:42:11 **** Incremental Build of configuration Debug for project 18125130_Ex02 ****
make all 
Building target: 18125130_Ex02
Invoking: Cross G++ Linker
g++  -o "18125130_Ex02"  ./Ex02_1.o   
/usr/lib/gcc/x86_64-linux-gnu/7/../../../x86_64-linux-gnu/Scrt1.o: In function `_start':
(.text+0x20): undefined reference to `main'
makefile:44: recipe for target '18125130_Ex02' failed
collect2: error: ld returned 1 exit status
make: *** [18125130_Ex02] Error 1
"make all" terminated with exit code 2. Build might be incomplete.
14:42:22 **** Incremental Build of configuration Debug for project 18125130_Ex02 ****
make all 
Building target: 18125130_Ex02
Invoking: Cross G++ Linker
g++  -o "18125130_Ex02"  ./Ex02_1.o   
/usr/lib/gcc/x86_64-linux-gnu/7/../../../x86_64-linux-gnu/Scrt1.o: In function `_start':
(.text+0x20): undefined reference to `main'
makefile:44: recipe for target '18125130_Ex02' failed
collect2: error: ld returned 1 exit status
make: *** [18125130_Ex02] Error 1
"make all" terminated with exit code 2. Build might be incomplete.
14:43:08 **** Incremental Build of configuration Debug for project 18125130_Ex02 ****
make all 
Building target: 18125130_Ex02
Invoking: Cross G++ Linker
g++  -o "18125130_Ex02"  ./Ex02_1.o   
/usr/lib/gcc/x86_64-linux-gnu/7/../../../x86_64-linux-gnu/Scrt1.o: In function `_start':
(.text+0x20): undefined reference to `main'
collect2: error: ld returned 1 exit status
make: *** [18125130_Ex02] Error 1
makefile:44: recipe for target '18125130_Ex02' failed
"make all" terminated with exit code 2. Build might be incomplete.
14:43:31 **** Incremental Build of configuration Debug for project 18125130_Ex02 ****
make all 
Building target: 18125130_Ex02
Invoking: Cross G++ Linker
g++  -o "18125130_Ex02"  ./Ex02_1.o   
/usr/lib/gcc/x86_64-linux-gnu/7/../../../x86_64-linux-gnu/Scrt1.o: In function `_start':
(.text+0x20): undefined reference to `main'
makefile:44: recipe for target '18125130_Ex02' failed
collect2: error: ld returned 1 exit status
make: *** [18125130_Ex02] Error 1
"make all" terminated with exit code 2. Build might be incomplete.
14:43:36 **** Incremental Build of configuration Debug for project 18125130_Ex02 ****
make all 
Building target: 18125130_Ex02
Invoking: Cross G++ Linker
g++  -o "18125130_Ex02"  ./Ex02_1.o   
/usr/lib/gcc/x86_64-linux-gnu/7/../../../x86_64-linux-gnu/Scrt1.o: In function `_start':
(.text+0x20): undefined reference to `main'
makefile:44: recipe for target '18125130_Ex02' failed
collect2: error: ld returned 1 exit status
make: *** [18125130_Ex02] Error 1
"make all" terminated with exit code 2. Build might be incomplete.
14:44:09 **** Incremental Build of configuration Debug for project 18125130_Ex02 ****
make all 
Building file: ../main.cpp
Invoking: Cross G++ Compiler
g++ -O0 -g3 -Wall -c -fmessage-length=0 -MMD -MP -MF"main.d" -MT"main.o" -o "main.o" "../main.cpp"
../main.cpp:7:9: fatal error: EX02_1.h: No such file or directory
 #include"EX02_1.h"
         ^~~~~~~~~~
compilation terminated.
subdir.mk:21: recipe for target 'main.o' failed
make: *** [main.o] Error 1
"make all" terminated with exit code 2. Build might be incomplete.
14:44:23 **** Incremental Build of configuration Debug for project 18125130_Ex02 ****
make all 
Building file: ../main.cpp
Invoking: Cross G++ Compiler
g++ -O0 -g3 -Wall -c -fmessage-length=0 -MMD -MP -MF"main.d" -MT"main.o" -o "main.o" "../main.cpp"
Finished building: ../main.cpp
 
Building target: 18125130_Ex02
Invoking: Cross G++ Linker
g++  -o "18125130_Ex02"  ./Ex02_1.o ./main.o   
Finished building target: 18125130_Ex02
 
14:45:08 **** Incremental Build of configuration Debug for project 18125130_Ex02 ****
make all 
make: Nothing to be done for 'all'.
14:52:18 **** Incremental Build of configuration Debug for project 18125130_Ex02 ****
make all 
Building file: ../Ex02_2.cpp
Invoking: Cross G++ Compiler
g++ -O0 -g3 -Wall -c -fmessage-length=0 -MMD -MP -MF"Ex02_2.d" -MT"Ex02_2.o" -o "Ex02_2.o" "../Ex02_2.cpp"
Finished building: ../Ex02_2.cpp
 
Building file: ../main.cpp
Invoking: Cross G++ Compiler
g++ -O0 -g3 -Wall -c -fmessage-length=0 -MMD -MP -MF"main.d" -MT"main.o" -o "main.o" "../main.cpp"
Finished building: ../main.cpp
 
Building target: 18125130_Ex02
Invoking: Cross G++ Linker
g++  -o "18125130_Ex02"  ./Ex02_1.o ./Ex02_2.o ./main.o   
Finished building target: 18125130_Ex02
 
14:59:05 **** Incremental Build of configuration Debug for project 18125130_Ex02 ****
make all 
Building file: ../Ex02_1.cpp
Invoking: Cross G++ Compiler
g++ -O0 -g3 -Wall -c -fmessage-length=0 -MMD -MP -MF"Ex02_1.d" -MT"Ex02_1.o" -o "Ex02_1.o" "../Ex02_1.cpp"
Finished building: ../Ex02_1.cpp
 
Building file: ../Ex02_2.cpp
Invoking: Cross G++ Compiler
g++ -O0 -g3 -Wall -c -fmessage-length=0 -MMD -MP -MF"Ex02_2.d" -MT"Ex02_2.o" -o "Ex02_2.o" "../Ex02_2.cpp"
Finished building: ../Ex02_2.cpp
 
Building target: 18125130_Ex02
Invoking: Cross G++ Linker
g++  -o "18125130_Ex02"  ./Ex02_1.o ./Ex02_2.o ./main.o   
./Ex02_2.o: In function `answer()':
/home/huy/Documents/HK3 2018-2019/CS163/W07/18125130_Ex02/Debug/../Ex02_2.cpp:40: multiple definition of `answer()'
./Ex02_1.o:/home/huy/Documents/HK3 2018-2019/CS163/W07/18125130_Ex02/Debug/../Ex02_1.cpp:48: first defined here
makefile:44: recipe for target '18125130_Ex02' failed
collect2: error: ld returned 1 exit status
make: *** [18125130_Ex02] Error 1
"make all" terminated with exit code 2. Build might be incomplete.
15:00:36 **** Incremental Build of configuration Debug for project 18125130_Ex02 ****
make all 
Building file: ../Ex02_1.cpp
Invoking: Cross G++ Compiler
g++ -O0 -g3 -Wall -c -fmessage-length=0 -MMD -MP -MF"Ex02_1.d" -MT"Ex02_1.o" -o "Ex02_1.o" "../Ex02_1.cpp"
Finished building: ../Ex02_1.cpp
 
Building file: ../Ex02_2.cpp
Invoking: Cross G++ Compiler
g++ -O0 -g3 -Wall -c -fmessage-length=0 -MMD -MP -MF"Ex02_2.d" -MT"Ex02_2.o" -o "Ex02_2.o" "../Ex02_2.cpp"
Finished building: ../Ex02_2.cpp
 
Building target: 18125130_Ex02
Invoking: Cross G++ Linker
g++  -o "18125130_Ex02"  ./Ex02_1.o ./Ex02_2.o ./main.o   
Finished building target: 18125130_Ex02
 
15:04:19 **** Incremental Build of configuration Debug for project 18125130_Ex02 ****
make all 
Building file: ../Ex02_2.cpp
Invoking: Cross G++ Compiler
g++ -O0 -g3 -Wall -c -fmessage-length=0 -MMD -MP -MF"Ex02_2.d" -MT"Ex02_2.o" -o "Ex02_2.o" "../Ex02_2.cpp"
Finished building: ../Ex02_2.cpp
 
Building file: ../Ex02_3.cpp
Invoking: Cross G++ Compiler
g++ -O0 -g3 -Wall -c -fmessage-length=0 -MMD -MP -MF"Ex02_3.d" -MT"Ex02_3.o" -o "Ex02_3.o" "../Ex02_3.cpp"
Finished building: ../Ex02_3.cpp
 
Building target: 18125130_Ex02
Invoking: Cross G++ Linker
g++  -o "18125130_Ex02"  ./Ex02_1.o ./Ex02_2.o ./Ex02_3.o ./main.o   
Finished building target: 18125130_Ex02
 
15:05:54 **** Incremental Build of configuration Debug for project 18125130_Ex02 ****
make all 
Building file: ../18125130_Ex02.cpp
Invoking: Cross G++ Compiler
g++ -O0 -g3 -Wall -c -fmessage-length=0 -MMD -MP -MF"18125130_Ex02.d" -MT"18125130_Ex02.o" -o "18125130_Ex02.o" "../18125130_Ex02.cpp"
Finished building: ../18125130_Ex02.cpp
 
Building file: ../Ex02_2.cpp
Invoking: Cross G++ Compiler
g++ -O0 -g3 -Wall -c -fmessage-length=0 -MMD -MP -MF"Ex02_2.d" -MT"Ex02_2.o" -o "Ex02_2.o" "../Ex02_2.cpp"
Finished building: ../Ex02_2.cpp
 
Building target: 18125130_Ex02
Invoking: Cross G++ Linker
g++  -o "18125130_Ex02"  ./18125130_Ex02.o ./Ex02_1.o ./Ex02_2.o ./Ex02_3.o   
Finished building target: 18125130_Ex02
 
