14:49:40 **** Incremental Build of configuration Debug for project Ex02_3 ****
make all 
Building file: ../18125130_Ex02_3.cpp
Invoking: Cross G++ Compiler
g++ -O0 -g3 -Wall -c -fmessage-length=0 -MMD -MP -MF"18125130_Ex02_3.d" -MT"18125130_Ex02_3.o" -o "18125130_Ex02_3.o" "../18125130_Ex02_3.cpp"
../18125130_Ex02_3.cpp: In function ‘void dfs1(int, int, std::vector<int>*&, int*&, int*&, int*&)’:
../18125130_Ex02_3.cpp:15:17: warning: comparison between signed and unsigned integer expressions [-Wsign-compare]
   for (int i=0;i<e[u].size();++i){
                ~^~~~~~~~~~~~
../18125130_Ex02_3.cpp:24:16: warning: comparison between signed and unsigned integer expressions [-Wsign-compare]
  for (int i=0;i<e[u].size();++i){
               ~^~~~~~~~~~~~
../18125130_Ex02_3.cpp: In function ‘void dfs2(int, int, std::vector<int>*&, int*&, int*&, int*&)’:
../18125130_Ex02_3.cpp:30:16: warning: comparison between signed and unsigned integer expressions [-Wsign-compare]
  for (int i=0;i<e[u].size();++i){
               ~^~~~~~~~~~~~
Finished building: ../18125130_Ex02_3.cpp
 
Building target: Ex02_3
Invoking: Cross G++ Linker
g++  -o "Ex02_3"  ./18125130_Ex02_3.o   
Finished building target: Ex02_3
 

14:49:40 Build Finished. 0 errors, 3 warnings. (took 523ms)

